[0.052s] Invoking command in '/home/ros2_ws/build/zed_isaac_ros_april_tag': AMENT_PREFIX_PATH=/home/ros2_ws/install/zed_wrapper:/home/ros2_ws/install/zed_components:${AMENT_PREFIX_PATH} CMAKE_PREFIX_PATH=/home/ros2_ws/install/zed_wrapper:/home/ros2_ws/install/zed_components:/opt/ros/humble LD_LIBRARY_PATH=/home/ros2_ws/install/zed_components/lib:${LD_LIBRARY_PATH} /usr/bin/cmake /home/ros2_ws/src/zed-ros2-examples/isaac_ros/zed_isaac_ros_april_tag -DCMAKE_INSTALL_PREFIX=/home/ros2_ws/install/zed_isaac_ros_april_tag
[0.414s] -- The C compiler identification is GNU 11.4.0
[0.429s] -- The CXX compiler identification is GNU 11.4.0
[0.443s] -- Detecting C compiler ABI info
[0.670s] -- Detecting C compiler ABI info - done
[0.685s] -- Check for working C compiler: /usr/bin/cc - skipped
[0.689s] -- Detecting C compile features
[0.690s] -- Detecting C compile features - done
[0.698s] -- Detecting CXX compiler ABI info
[1.005s] -- Detecting CXX compiler ABI info - done
[1.034s] -- Check for working CXX compiler: /usr/bin/c++ - skipped
[1.034s] -- Detecting CXX compile features
[1.044s] -- Detecting CXX compile features - done
[1.051s] -- Found ament_cmake_auto: 1.3.12 (/opt/ros/humble/share/ament_cmake_auto/cmake)
[1.718s] -- Found Python3: /usr/bin/python3 (found version "3.10.12") found components: Interpreter 
[2.555s] -- Found rosidl_generator_c: 3.1.7 (/opt/ros/humble/share/rosidl_generator_c/cmake)
[2.579s] -- Found rosidl_adapter: 3.1.7 (/opt/ros/humble/share/rosidl_adapter/cmake)
[2.622s] -- Found rosidl_generator_cpp: 3.1.7 (/opt/ros/humble/share/rosidl_generator_cpp/cmake)
[2.658s] -- Using all available rosidl_typesupport_c: rosidl_typesupport_fastrtps_c;rosidl_typesupport_introspection_c
[2.704s] -- Using all available rosidl_typesupport_cpp: rosidl_typesupport_fastrtps_cpp;rosidl_typesupport_introspection_cpp
[2.780s] -- Configuring done
[2.808s] -- Generating done
[2.827s] -- Build files have been written to: /home/ros2_ws/build/zed_isaac_ros_april_tag
[2.853s] Invoked command in '/home/ros2_ws/build/zed_isaac_ros_april_tag' returned '0': AMENT_PREFIX_PATH=/home/ros2_ws/install/zed_wrapper:/home/ros2_ws/install/zed_components:${AMENT_PREFIX_PATH} CMAKE_PREFIX_PATH=/home/ros2_ws/install/zed_wrapper:/home/ros2_ws/install/zed_components:/opt/ros/humble LD_LIBRARY_PATH=/home/ros2_ws/install/zed_components/lib:${LD_LIBRARY_PATH} /usr/bin/cmake /home/ros2_ws/src/zed-ros2-examples/isaac_ros/zed_isaac_ros_april_tag -DCMAKE_INSTALL_PREFIX=/home/ros2_ws/install/zed_isaac_ros_april_tag
[2.867s] Invoking command in '/home/ros2_ws/build/zed_isaac_ros_april_tag': AMENT_PREFIX_PATH=/home/ros2_ws/install/zed_wrapper:/home/ros2_ws/install/zed_components:${AMENT_PREFIX_PATH} CMAKE_PREFIX_PATH=/home/ros2_ws/install/zed_wrapper:/home/ros2_ws/install/zed_components:/opt/ros/humble LD_LIBRARY_PATH=/home/ros2_ws/install/zed_components/lib:${LD_LIBRARY_PATH} /usr/bin/cmake --build /home/ros2_ws/build/zed_isaac_ros_april_tag -- -j6 -l6
[3.164s] Invoked command in '/home/ros2_ws/build/zed_isaac_ros_april_tag' returned '0': AMENT_PREFIX_PATH=/home/ros2_ws/install/zed_wrapper:/home/ros2_ws/install/zed_components:${AMENT_PREFIX_PATH} CMAKE_PREFIX_PATH=/home/ros2_ws/install/zed_wrapper:/home/ros2_ws/install/zed_components:/opt/ros/humble LD_LIBRARY_PATH=/home/ros2_ws/install/zed_components/lib:${LD_LIBRARY_PATH} /usr/bin/cmake --build /home/ros2_ws/build/zed_isaac_ros_april_tag -- -j6 -l6
[3.173s] Invoking command in '/home/ros2_ws/build/zed_isaac_ros_april_tag': AMENT_PREFIX_PATH=/home/ros2_ws/install/zed_wrapper:/home/ros2_ws/install/zed_components:${AMENT_PREFIX_PATH} CMAKE_PREFIX_PATH=/home/ros2_ws/install/zed_wrapper:/home/ros2_ws/install/zed_components:/opt/ros/humble LD_LIBRARY_PATH=/home/ros2_ws/install/zed_components/lib:${LD_LIBRARY_PATH} /usr/bin/cmake --install /home/ros2_ws/build/zed_isaac_ros_april_tag
[3.223s] -- Install configuration: ""
[3.223s] -- Installing: /home/ros2_ws/install/zed_isaac_ros_april_tag/share/ament_index/resource_index/package_run_dependencies/zed_isaac_ros_april_tag
[3.223s] -- Installing: /home/ros2_ws/install/zed_isaac_ros_april_tag/share/ament_index/resource_index/parent_prefix_path/zed_isaac_ros_april_tag
[3.223s] -- Installing: /home/ros2_ws/install/zed_isaac_ros_april_tag/share/zed_isaac_ros_april_tag/environment/ament_prefix_path.sh
[3.223s] -- Installing: /home/ros2_ws/install/zed_isaac_ros_april_tag/share/zed_isaac_ros_april_tag/environment/ament_prefix_path.dsv
[3.224s] -- Installing: /home/ros2_ws/install/zed_isaac_ros_april_tag/share/zed_isaac_ros_april_tag/environment/path.sh
[3.224s] -- Installing: /home/ros2_ws/install/zed_isaac_ros_april_tag/share/zed_isaac_ros_april_tag/environment/path.dsv
[3.225s] -- Installing: /home/ros2_ws/install/zed_isaac_ros_april_tag/share/zed_isaac_ros_april_tag/local_setup.bash
[3.225s] -- Installing: /home/ros2_ws/install/zed_isaac_ros_april_tag/share/zed_isaac_ros_april_tag/local_setup.sh
[3.225s] -- Installing: /home/ros2_ws/install/zed_isaac_ros_april_tag/share/zed_isaac_ros_april_tag/local_setup.zsh
[3.226s] -- Installing: /home/ros2_ws/install/zed_isaac_ros_april_tag/share/zed_isaac_ros_april_tag/local_setup.dsv
[3.226s] -- Installing: /home/ros2_ws/install/zed_isaac_ros_april_tag/share/zed_isaac_ros_april_tag/package.dsv
[3.226s] -- Installing: /home/ros2_ws/install/zed_isaac_ros_april_tag/share/ament_index/resource_index/packages/zed_isaac_ros_april_tag
[3.226s] -- Installing: /home/ros2_ws/install/zed_isaac_ros_april_tag/share/zed_isaac_ros_april_tag/cmake/zed_isaac_ros_april_tagConfig.cmake
[3.226s] -- Installing: /home/ros2_ws/install/zed_isaac_ros_april_tag/share/zed_isaac_ros_april_tag/cmake/zed_isaac_ros_april_tagConfig-version.cmake
[3.226s] -- Installing: /home/ros2_ws/install/zed_isaac_ros_april_tag/share/zed_isaac_ros_april_tag/package.xml
[3.244s] Invoked command in '/home/ros2_ws/build/zed_isaac_ros_april_tag' returned '0': AMENT_PREFIX_PATH=/home/ros2_ws/install/zed_wrapper:/home/ros2_ws/install/zed_components:${AMENT_PREFIX_PATH} CMAKE_PREFIX_PATH=/home/ros2_ws/install/zed_wrapper:/home/ros2_ws/install/zed_components:/opt/ros/humble LD_LIBRARY_PATH=/home/ros2_ws/install/zed_components/lib:${LD_LIBRARY_PATH} /usr/bin/cmake --install /home/ros2_ws/build/zed_isaac_ros_april_tag
