[0.099s] Invoking command in '/home/ros2_ws/build/zed_display_rviz2': AMENT_PREFIX_PATH=/home/ros2_ws/install/zed_wrapper:/home/ros2_ws/install/zed_components:${AMENT_PREFIX_PATH} CMAKE_PREFIX_PATH=/home/ros2_ws/install/zed_wrapper:/home/ros2_ws/install/zed_components:/opt/ros/humble LD_LIBRARY_PATH=/home/ros2_ws/install/zed_components/lib:${LD_LIBRARY_PATH} /usr/bin/cmake /home/ros2_ws/src/zed-ros2-examples/zed_display_rviz2 -DCMAKE_INSTALL_PREFIX=/home/ros2_ws/install/zed_display_rviz2
[0.303s] -- The C compiler identification is GNU 11.4.0
[0.474s] -- The CXX compiler identification is GNU 11.4.0
[0.522s] -- Detecting C compiler ABI info
[0.777s] -- Detecting C compiler ABI info - done
[0.805s] -- Check for working C compiler: /usr/bin/cc - skipped
[0.806s] -- Detecting C compile features
[0.806s] -- Detecting C compile features - done
[0.824s] -- Detecting CXX compiler ABI info
[1.224s] -- Detecting CXX compiler ABI info - done
[1.277s] -- Check for working CXX compiler: /usr/bin/c++ - skipped
[1.280s] -- Detecting CXX compile features
[1.285s] -- Detecting CXX compile features - done
[1.296s] -- Found ament_cmake_auto: 1.3.12 (/opt/ros/humble/share/ament_cmake_auto/cmake)
[1.938s] -- Found Python3: /usr/bin/python3 (found version "3.10.12") found components: Interpreter 
[2.468s] -- Found ament_lint_auto: 0.12.14 (/opt/ros/humble/share/ament_lint_auto/cmake)
[2.629s] -- Added test 'copyright' to check source files copyright and LICENSE
[2.635s] -- Added test 'flake8' to check Python code syntax and style conventions
[2.638s] -- Added test 'lint_cmake' to check CMake code style
[2.638s] -- Added test 'pep257' to check Python code against some of the docstring style conventions in PEP 257
[2.641s] -- Added test 'xmllint' to check XML markup files
[2.646s] -- Configuring done
[2.658s] -- Generating done
[2.664s] -- Build files have been written to: /home/ros2_ws/build/zed_display_rviz2
[2.688s] Invoked command in '/home/ros2_ws/build/zed_display_rviz2' returned '0': AMENT_PREFIX_PATH=/home/ros2_ws/install/zed_wrapper:/home/ros2_ws/install/zed_components:${AMENT_PREFIX_PATH} CMAKE_PREFIX_PATH=/home/ros2_ws/install/zed_wrapper:/home/ros2_ws/install/zed_components:/opt/ros/humble LD_LIBRARY_PATH=/home/ros2_ws/install/zed_components/lib:${LD_LIBRARY_PATH} /usr/bin/cmake /home/ros2_ws/src/zed-ros2-examples/zed_display_rviz2 -DCMAKE_INSTALL_PREFIX=/home/ros2_ws/install/zed_display_rviz2
[2.694s] Invoking command in '/home/ros2_ws/build/zed_display_rviz2': AMENT_PREFIX_PATH=/home/ros2_ws/install/zed_wrapper:/home/ros2_ws/install/zed_components:${AMENT_PREFIX_PATH} CMAKE_PREFIX_PATH=/home/ros2_ws/install/zed_wrapper:/home/ros2_ws/install/zed_components:/opt/ros/humble LD_LIBRARY_PATH=/home/ros2_ws/install/zed_components/lib:${LD_LIBRARY_PATH} /usr/bin/cmake --build /home/ros2_ws/build/zed_display_rviz2 -- -j6 -l6
[2.899s] Invoked command in '/home/ros2_ws/build/zed_display_rviz2' returned '0': AMENT_PREFIX_PATH=/home/ros2_ws/install/zed_wrapper:/home/ros2_ws/install/zed_components:${AMENT_PREFIX_PATH} CMAKE_PREFIX_PATH=/home/ros2_ws/install/zed_wrapper:/home/ros2_ws/install/zed_components:/opt/ros/humble LD_LIBRARY_PATH=/home/ros2_ws/install/zed_components/lib:${LD_LIBRARY_PATH} /usr/bin/cmake --build /home/ros2_ws/build/zed_display_rviz2 -- -j6 -l6
[2.918s] Invoking command in '/home/ros2_ws/build/zed_display_rviz2': AMENT_PREFIX_PATH=/home/ros2_ws/install/zed_wrapper:/home/ros2_ws/install/zed_components:${AMENT_PREFIX_PATH} CMAKE_PREFIX_PATH=/home/ros2_ws/install/zed_wrapper:/home/ros2_ws/install/zed_components:/opt/ros/humble LD_LIBRARY_PATH=/home/ros2_ws/install/zed_components/lib:${LD_LIBRARY_PATH} /usr/bin/cmake --install /home/ros2_ws/build/zed_display_rviz2
[2.950s] -- Install configuration: ""
[2.951s] -- Installing: /home/ros2_ws/install/zed_display_rviz2/share/zed_display_rviz2/launch
[2.951s] -- Installing: /home/ros2_ws/install/zed_display_rviz2/share/zed_display_rviz2/launch/display_zed_cam.launch.py
[2.952s] -- Installing: /home/ros2_ws/install/zed_display_rviz2/share/zed_display_rviz2/rviz2
[2.952s] -- Installing: /home/ros2_ws/install/zed_display_rviz2/share/zed_display_rviz2/rviz2/zed_stereo.rviz
[2.965s] -- Installing: /home/ros2_ws/install/zed_display_rviz2/share/zed_display_rviz2/rviz2/zed_mono.rviz
[2.966s] -- Installing: /home/ros2_ws/install/zed_display_rviz2/share/ament_index/resource_index/package_run_dependencies/zed_display_rviz2
[2.967s] -- Installing: /home/ros2_ws/install/zed_display_rviz2/share/ament_index/resource_index/parent_prefix_path/zed_display_rviz2
[2.967s] -- Installing: /home/ros2_ws/install/zed_display_rviz2/share/zed_display_rviz2/environment/ament_prefix_path.sh
[2.967s] -- Installing: /home/ros2_ws/install/zed_display_rviz2/share/zed_display_rviz2/environment/ament_prefix_path.dsv
[2.968s] -- Installing: /home/ros2_ws/install/zed_display_rviz2/share/zed_display_rviz2/environment/path.sh
[2.968s] -- Installing: /home/ros2_ws/install/zed_display_rviz2/share/zed_display_rviz2/environment/path.dsv
[2.968s] -- Installing: /home/ros2_ws/install/zed_display_rviz2/share/zed_display_rviz2/local_setup.bash
[2.969s] -- Installing: /home/ros2_ws/install/zed_display_rviz2/share/zed_display_rviz2/local_setup.sh
[2.969s] -- Installing: /home/ros2_ws/install/zed_display_rviz2/share/zed_display_rviz2/local_setup.zsh
[2.969s] -- Installing: /home/ros2_ws/install/zed_display_rviz2/share/zed_display_rviz2/local_setup.dsv
[2.970s] -- Installing: /home/ros2_ws/install/zed_display_rviz2/share/zed_display_rviz2/package.dsv
[2.970s] -- Installing: /home/ros2_ws/install/zed_display_rviz2/share/ament_index/resource_index/packages/zed_display_rviz2
[2.971s] -- Installing: /home/ros2_ws/install/zed_display_rviz2/share/zed_display_rviz2/cmake/zed_display_rviz2Config.cmake
[2.972s] -- Installing: /home/ros2_ws/install/zed_display_rviz2/share/zed_display_rviz2/cmake/zed_display_rviz2Config-version.cmake
[2.972s] -- Installing: /home/ros2_ws/install/zed_display_rviz2/share/zed_display_rviz2/package.xml
[2.984s] Invoked command in '/home/ros2_ws/build/zed_display_rviz2' returned '0': AMENT_PREFIX_PATH=/home/ros2_ws/install/zed_wrapper:/home/ros2_ws/install/zed_components:${AMENT_PREFIX_PATH} CMAKE_PREFIX_PATH=/home/ros2_ws/install/zed_wrapper:/home/ros2_ws/install/zed_components:/opt/ros/humble LD_LIBRARY_PATH=/home/ros2_ws/install/zed_components/lib:${LD_LIBRARY_PATH} /usr/bin/cmake --install /home/ros2_ws/build/zed_display_rviz2
