[0.071s] Invoking command in '/home/ros2_ws/build/zed_tutorial_video': CMAKE_PREFIX_PATH=/opt/ros/humble /usr/bin/cmake /home/ros2_ws/src/zed-ros2-examples/tutorials/zed_video_tutorial -DCMAKE_INSTALL_PREFIX=/home/ros2_ws/install/zed_tutorial_video
[4.559s] -- The C compiler identification is GNU 11.4.0
[4.559s] -- The CXX compiler identification is GNU 11.4.0
[4.560s] -- Detecting C compiler ABI info
[4.560s] -- Detecting C compiler ABI info - done
[4.560s] -- Check for working C compiler: /usr/bin/cc - skipped
[4.560s] -- Detecting C compile features
[4.561s] -- Detecting C compile features - done
[4.562s] -- Detecting CXX compiler ABI info
[4.562s] -- Detecting CXX compiler ABI info - done
[4.562s] -- Check for working CXX compiler: /usr/bin/c++ - skipped
[4.569s] -- Detecting CXX compile features
[4.570s] -- Detecting CXX compile features - done
[4.570s] -- Found ament_cmake_auto: 1.3.12 (/opt/ros/humble/share/ament_cmake_auto/cmake)
[4.571s] -- Found Python3: /usr/bin/python3 (found version "3.10.12") found components: Interpreter 
[4.571s] -- Found rosidl_generator_c: 3.1.7 (/opt/ros/humble/share/rosidl_generator_c/cmake)
[4.571s] -- Found rosidl_adapter: 3.1.7 (/opt/ros/humble/share/rosidl_adapter/cmake)
[4.571s] -- Found rosidl_generator_cpp: 3.1.7 (/opt/ros/humble/share/rosidl_generator_cpp/cmake)
[4.572s] -- Using all available rosidl_typesupport_c: rosidl_typesupport_fastrtps_c;rosidl_typesupport_introspection_c
[4.572s] -- Using all available rosidl_typesupport_cpp: rosidl_typesupport_fastrtps_cpp;rosidl_typesupport_introspection_cpp
[4.572s] -- Found rmw_implementation_cmake: 6.1.2 (/opt/ros/humble/share/rmw_implementation_cmake/cmake)
[4.572s] -- Found rmw_fastrtps_cpp: 6.2.9 (/opt/ros/humble/share/rmw_fastrtps_cpp/cmake)
[4.572s] -- Found OpenSSL: /usr/lib/aarch64-linux-gnu/libcrypto.so (found version "3.0.2")  
[4.572s] -- Found FastRTPS: /opt/ros/humble/include  
[4.572s] -- Using RMW implementation 'rmw_fastrtps_cpp' as default
[4.573s] -- Looking for pthread.h
[4.573s] -- Looking for pthread.h - found
[4.573s] -- Performing Test CMAKE_HAVE_LIBC_PTHREAD
[4.573s] -- Performing Test CMAKE_HAVE_LIBC_PTHREAD - Success
[4.573s] -- Found Threads: TRUE  
[4.573s] -- Found ament_lint_auto: 0.12.14 (/opt/ros/humble/share/ament_lint_auto/cmake)
[4.574s] -- Configuring done
[4.574s] -- Generating done
[4.574s] -- Build files have been written to: /home/ros2_ws/build/zed_tutorial_video
[4.581s] Invoked command in '/home/ros2_ws/build/zed_tutorial_video' returned '0': CMAKE_PREFIX_PATH=/opt/ros/humble /usr/bin/cmake /home/ros2_ws/src/zed-ros2-examples/tutorials/zed_video_tutorial -DCMAKE_INSTALL_PREFIX=/home/ros2_ws/install/zed_tutorial_video
[4.584s] Invoking command in '/home/ros2_ws/build/zed_tutorial_video': CMAKE_PREFIX_PATH=/opt/ros/humble /usr/bin/cmake --build /home/ros2_ws/build/zed_tutorial_video -- -j6 -l6
[4.879s] [ 50%] [32mBuilding CXX object CMakeFiles/zed_tutorial_video.dir/src/zed_video_sub_tutorial.cpp.o[0m
[70.868s] [100%] [32m[1mLinking CXX executable zed_tutorial_video[0m
[72.020s] [100%] Built target zed_tutorial_video
[72.161s] Invoked command in '/home/ros2_ws/build/zed_tutorial_video' returned '0': CMAKE_PREFIX_PATH=/opt/ros/humble /usr/bin/cmake --build /home/ros2_ws/build/zed_tutorial_video -- -j6 -l6
[72.215s] Invoking command in '/home/ros2_ws/build/zed_tutorial_video': CMAKE_PREFIX_PATH=/opt/ros/humble /usr/bin/cmake --install /home/ros2_ws/build/zed_tutorial_video
[72.277s] -- Install configuration: "Release"
[72.278s] -- Installing: /home/ros2_ws/install/zed_tutorial_video/lib/zed_tutorial_video/zed_tutorial_video
[72.278s] -- Set runtime path of "/home/ros2_ws/install/zed_tutorial_video/lib/zed_tutorial_video/zed_tutorial_video" to ""
[72.301s] -- Installing: /home/ros2_ws/install/zed_tutorial_video/share/ament_index/resource_index/package_run_dependencies/zed_tutorial_video
[72.305s] -- Installing: /home/ros2_ws/install/zed_tutorial_video/share/ament_index/resource_index/parent_prefix_path/zed_tutorial_video
[72.358s] -- Installing: /home/ros2_ws/install/zed_tutorial_video/share/zed_tutorial_video/environment/ament_prefix_path.sh
[72.362s] -- Installing: /home/ros2_ws/install/zed_tutorial_video/share/zed_tutorial_video/environment/ament_prefix_path.dsv
[72.365s] -- Installing: /home/ros2_ws/install/zed_tutorial_video/share/zed_tutorial_video/environment/path.sh
[72.365s] -- Installing: /home/ros2_ws/install/zed_tutorial_video/share/zed_tutorial_video/environment/path.dsv
[72.366s] -- Installing: /home/ros2_ws/install/zed_tutorial_video/share/zed_tutorial_video/local_setup.bash
[72.367s] -- Installing: /home/ros2_ws/install/zed_tutorial_video/share/zed_tutorial_video/local_setup.sh
[72.376s] -- Installing: /home/ros2_ws/install/zed_tutorial_video/share/zed_tutorial_video/local_setup.zsh
[72.378s] -- Installing: /home/ros2_ws/install/zed_tutorial_video/share/zed_tutorial_video/local_setup.dsv
[72.379s] -- Installing: /home/ros2_ws/install/zed_tutorial_video/share/zed_tutorial_video/package.dsv
[72.384s] -- Installing: /home/ros2_ws/install/zed_tutorial_video/share/ament_index/resource_index/packages/zed_tutorial_video
[72.384s] -- Installing: /home/ros2_ws/install/zed_tutorial_video/share/zed_tutorial_video/cmake/zed_tutorial_videoConfig.cmake
[72.385s] -- Installing: /home/ros2_ws/install/zed_tutorial_video/share/zed_tutorial_video/cmake/zed_tutorial_videoConfig-version.cmake
[72.388s] -- Installing: /home/ros2_ws/install/zed_tutorial_video/share/zed_tutorial_video/package.xml
[72.644s] Invoked command in '/home/ros2_ws/build/zed_tutorial_video' returned '0': CMAKE_PREFIX_PATH=/opt/ros/humble /usr/bin/cmake --install /home/ros2_ws/build/zed_tutorial_video
