[0.048s] Invoking command in '/home/ros2_ws/build/zed_isaac_ros_nitros_sub': AMENT_PREFIX_PATH=/home/ros2_ws/install/zed_components:${AMENT_PREFIX_PATH} CMAKE_PREFIX_PATH=/home/ros2_ws/install/zed_components:/opt/ros/humble LD_LIBRARY_PATH=/home/ros2_ws/install/zed_components/lib:${LD_LIBRARY_PATH} /usr/bin/cmake /home/ros2_ws/src/zed-ros2-examples/isaac_ros/zed_isaac_ros_nitros_sub -DCMAKE_INSTALL_PREFIX=/home/ros2_ws/install/zed_isaac_ros_nitros_sub
[0.226s] -- The C compiler identification is GNU 11.4.0
[0.397s] -- The CXX compiler identification is GNU 11.4.0
[0.423s] -- Detecting C compiler ABI info
[0.635s] -- Detecting C compiler ABI info - done
[0.662s] -- Check for working C compiler: /usr/bin/cc - skipped
[0.662s] -- Detecting C compile features
[0.664s] -- Detecting C compile features - done
[0.673s] -- Detecting CXX compiler ABI info
[0.924s] -- Detecting CXX compiler ABI info - done
[0.945s] -- Check for working CXX compiler: /usr/bin/c++ - skipped
[0.946s] -- Detecting CXX compile features
[0.947s] -- Detecting CXX compile features - done
[0.954s] -- Found ament_cmake_auto: 1.3.12 (/opt/ros/humble/share/ament_cmake_auto/cmake)
[1.450s] -- Found Python3: /usr/bin/python3 (found version "3.10.12") found components: Interpreter 
[2.037s] -- Found rosidl_generator_c: 3.1.7 (/opt/ros/humble/share/rosidl_generator_c/cmake)
[2.048s] -- Found rosidl_adapter: 3.1.7 (/opt/ros/humble/share/rosidl_adapter/cmake)
[2.069s] -- Found rosidl_generator_cpp: 3.1.7 (/opt/ros/humble/share/rosidl_generator_cpp/cmake)
[2.098s] -- Using all available rosidl_typesupport_c: rosidl_typesupport_fastrtps_c;rosidl_typesupport_introspection_c
[2.135s] -- Using all available rosidl_typesupport_cpp: rosidl_typesupport_fastrtps_cpp;rosidl_typesupport_introspection_cpp
[2.231s] -- Found rmw_implementation_cmake: 6.1.2 (/opt/ros/humble/share/rmw_implementation_cmake/cmake)
[2.237s] -- Found rmw_fastrtps_cpp: 6.2.9 (/opt/ros/humble/share/rmw_fastrtps_cpp/cmake)
[2.477s] -- Found OpenSSL: /usr/lib/aarch64-linux-gnu/libcrypto.so (found version "3.0.2")  
[2.561s] -- Found FastRTPS: /opt/ros/humble/include  
[2.675s] -- Using RMW implementation 'rmw_fastrtps_cpp' as default
[2.697s] -- Looking for pthread.h
[2.941s] -- Looking for pthread.h - found
[2.942s] -- Performing Test CMAKE_HAVE_LIBC_PTHREAD
[3.169s] -- Performing Test CMAKE_HAVE_LIBC_PTHREAD - Success
[3.173s] -- Found Threads: TRUE  
[3.780s] -- Found eigen3_cmake_module: 0.1.1 (/opt/ros/humble/share/eigen3_cmake_module/cmake)
[3.785s] -- Found Eigen3: TRUE (found version "3.4.0") 
[3.786s] -- Ensuring Eigen3 include directory is part of orocos-kdl CMake target
[4.376s] -- Configuring done
[4.397s] -- Generating done
[4.405s] -- Build files have been written to: /home/ros2_ws/build/zed_isaac_ros_nitros_sub
[4.461s] Invoked command in '/home/ros2_ws/build/zed_isaac_ros_nitros_sub' returned '0': AMENT_PREFIX_PATH=/home/ros2_ws/install/zed_components:${AMENT_PREFIX_PATH} CMAKE_PREFIX_PATH=/home/ros2_ws/install/zed_components:/opt/ros/humble LD_LIBRARY_PATH=/home/ros2_ws/install/zed_components/lib:${LD_LIBRARY_PATH} /usr/bin/cmake /home/ros2_ws/src/zed-ros2-examples/isaac_ros/zed_isaac_ros_nitros_sub -DCMAKE_INSTALL_PREFIX=/home/ros2_ws/install/zed_isaac_ros_nitros_sub
[4.466s] Invoking command in '/home/ros2_ws/build/zed_isaac_ros_nitros_sub': AMENT_PREFIX_PATH=/home/ros2_ws/install/zed_components:${AMENT_PREFIX_PATH} CMAKE_PREFIX_PATH=/home/ros2_ws/install/zed_components:/opt/ros/humble LD_LIBRARY_PATH=/home/ros2_ws/install/zed_components/lib:${LD_LIBRARY_PATH} /usr/bin/cmake --build /home/ros2_ws/build/zed_isaac_ros_nitros_sub -- -j6 -l6
[4.596s] Invoked command in '/home/ros2_ws/build/zed_isaac_ros_nitros_sub' returned '0': AMENT_PREFIX_PATH=/home/ros2_ws/install/zed_components:${AMENT_PREFIX_PATH} CMAKE_PREFIX_PATH=/home/ros2_ws/install/zed_components:/opt/ros/humble LD_LIBRARY_PATH=/home/ros2_ws/install/zed_components/lib:${LD_LIBRARY_PATH} /usr/bin/cmake --build /home/ros2_ws/build/zed_isaac_ros_nitros_sub -- -j6 -l6
[4.603s] Invoking command in '/home/ros2_ws/build/zed_isaac_ros_nitros_sub': AMENT_PREFIX_PATH=/home/ros2_ws/install/zed_components:${AMENT_PREFIX_PATH} CMAKE_PREFIX_PATH=/home/ros2_ws/install/zed_components:/opt/ros/humble LD_LIBRARY_PATH=/home/ros2_ws/install/zed_components/lib:${LD_LIBRARY_PATH} /usr/bin/cmake --install /home/ros2_ws/build/zed_isaac_ros_nitros_sub
[4.630s] -- Install configuration: "Release"
[4.630s] -- Installing: /home/ros2_ws/install/zed_isaac_ros_nitros_sub/share/ament_index/resource_index/package_run_dependencies/zed_isaac_ros_nitros_sub
[4.635s] -- Installing: /home/ros2_ws/install/zed_isaac_ros_nitros_sub/share/ament_index/resource_index/parent_prefix_path/zed_isaac_ros_nitros_sub
[4.637s] -- Installing: /home/ros2_ws/install/zed_isaac_ros_nitros_sub/share/zed_isaac_ros_nitros_sub/environment/ament_prefix_path.sh
[4.637s] -- Installing: /home/ros2_ws/install/zed_isaac_ros_nitros_sub/share/zed_isaac_ros_nitros_sub/environment/ament_prefix_path.dsv
[4.639s] -- Installing: /home/ros2_ws/install/zed_isaac_ros_nitros_sub/share/zed_isaac_ros_nitros_sub/environment/path.sh
[4.640s] -- Installing: /home/ros2_ws/install/zed_isaac_ros_nitros_sub/share/zed_isaac_ros_nitros_sub/environment/path.dsv
[4.641s] -- Installing: /home/ros2_ws/install/zed_isaac_ros_nitros_sub/share/zed_isaac_ros_nitros_sub/local_setup.bash
[4.642s] -- Installing: /home/ros2_ws/install/zed_isaac_ros_nitros_sub/share/zed_isaac_ros_nitros_sub/local_setup.sh
[4.643s] -- Installing: /home/ros2_ws/install/zed_isaac_ros_nitros_sub/share/zed_isaac_ros_nitros_sub/local_setup.zsh
[4.643s] -- Installing: /home/ros2_ws/install/zed_isaac_ros_nitros_sub/share/zed_isaac_ros_nitros_sub/local_setup.dsv
[4.643s] -- Installing: /home/ros2_ws/install/zed_isaac_ros_nitros_sub/share/zed_isaac_ros_nitros_sub/package.dsv
[4.644s] -- Installing: /home/ros2_ws/install/zed_isaac_ros_nitros_sub/share/ament_index/resource_index/packages/zed_isaac_ros_nitros_sub
[4.644s] -- Installing: /home/ros2_ws/install/zed_isaac_ros_nitros_sub/share/zed_isaac_ros_nitros_sub/cmake/zed_isaac_ros_nitros_subConfig.cmake
[4.645s] -- Installing: /home/ros2_ws/install/zed_isaac_ros_nitros_sub/share/zed_isaac_ros_nitros_sub/cmake/zed_isaac_ros_nitros_subConfig-version.cmake
[4.645s] -- Installing: /home/ros2_ws/install/zed_isaac_ros_nitros_sub/share/zed_isaac_ros_nitros_sub/package.xml
[4.710s] Invoked command in '/home/ros2_ws/build/zed_isaac_ros_nitros_sub' returned '0': AMENT_PREFIX_PATH=/home/ros2_ws/install/zed_components:${AMENT_PREFIX_PATH} CMAKE_PREFIX_PATH=/home/ros2_ws/install/zed_components:/opt/ros/humble LD_LIBRARY_PATH=/home/ros2_ws/install/zed_components/lib:${LD_LIBRARY_PATH} /usr/bin/cmake --install /home/ros2_ws/build/zed_isaac_ros_nitros_sub
