[0.049s] Invoking command in '/home/ros2_ws/build/zed_multi_camera': AMENT_PREFIX_PATH=/home/ros2_ws/install/zed_wrapper:/home/ros2_ws/install/zed_components:${AMENT_PREFIX_PATH} CMAKE_PREFIX_PATH=/home/ros2_ws/install/zed_wrapper:/home/ros2_ws/install/zed_components:/opt/ros/humble LD_LIBRARY_PATH=/home/ros2_ws/install/zed_components/lib:${LD_LIBRARY_PATH} /usr/bin/cmake /home/ros2_ws/src/zed-ros2-examples/tutorials/zed_multi_camera -DCMAKE_INSTALL_PREFIX=/home/ros2_ws/install/zed_multi_camera
[0.264s] -- The C compiler identification is GNU 11.4.0
[0.472s] -- The CXX compiler identification is GNU 11.4.0
[0.501s] -- Detecting C compiler ABI info
[0.786s] -- Detecting C compiler ABI info - done
[0.804s] -- Check for working C compiler: /usr/bin/cc - skipped
[0.806s] -- Detecting C compile features
[0.806s] -- Detecting C compile features - done
[0.818s] -- Detecting CXX compiler ABI info
[1.123s] -- Detecting CXX compiler ABI info - done
[1.164s] -- Check for working CXX compiler: /usr/bin/c++ - skipped
[1.164s] -- Detecting CXX compile features
[1.166s] -- Detecting CXX compile features - done
[1.183s] -- Found ament_cmake_auto: 1.3.12 (/opt/ros/humble/share/ament_cmake_auto/cmake)
[1.799s] -- Found Python3: /usr/bin/python3 (found version "3.10.12") found components: Interpreter 
[2.494s] -- Found ament_lint_auto: 0.12.14 (/opt/ros/humble/share/ament_lint_auto/cmake)
[2.584s] -- Added test 'copyright' to check source files copyright and LICENSE
[2.591s] -- Added test 'flake8' to check Python code syntax and style conventions
[2.594s] -- Added test 'lint_cmake' to check CMake code style
[2.596s] -- Added test 'pep257' to check Python code against some of the docstring style conventions in PEP 257
[2.599s] -- Added test 'xmllint' to check XML markup files
[2.605s] -- Configuring done
[2.621s] -- Generating done
[2.629s] -- Build files have been written to: /home/ros2_ws/build/zed_multi_camera
[2.665s] Invoked command in '/home/ros2_ws/build/zed_multi_camera' returned '0': AMENT_PREFIX_PATH=/home/ros2_ws/install/zed_wrapper:/home/ros2_ws/install/zed_components:${AMENT_PREFIX_PATH} CMAKE_PREFIX_PATH=/home/ros2_ws/install/zed_wrapper:/home/ros2_ws/install/zed_components:/opt/ros/humble LD_LIBRARY_PATH=/home/ros2_ws/install/zed_components/lib:${LD_LIBRARY_PATH} /usr/bin/cmake /home/ros2_ws/src/zed-ros2-examples/tutorials/zed_multi_camera -DCMAKE_INSTALL_PREFIX=/home/ros2_ws/install/zed_multi_camera
[2.666s] Invoking command in '/home/ros2_ws/build/zed_multi_camera': AMENT_PREFIX_PATH=/home/ros2_ws/install/zed_wrapper:/home/ros2_ws/install/zed_components:${AMENT_PREFIX_PATH} CMAKE_PREFIX_PATH=/home/ros2_ws/install/zed_wrapper:/home/ros2_ws/install/zed_components:/opt/ros/humble LD_LIBRARY_PATH=/home/ros2_ws/install/zed_components/lib:${LD_LIBRARY_PATH} /usr/bin/cmake --build /home/ros2_ws/build/zed_multi_camera -- -j6 -l6
[2.836s] Invoked command in '/home/ros2_ws/build/zed_multi_camera' returned '0': AMENT_PREFIX_PATH=/home/ros2_ws/install/zed_wrapper:/home/ros2_ws/install/zed_components:${AMENT_PREFIX_PATH} CMAKE_PREFIX_PATH=/home/ros2_ws/install/zed_wrapper:/home/ros2_ws/install/zed_components:/opt/ros/humble LD_LIBRARY_PATH=/home/ros2_ws/install/zed_components/lib:${LD_LIBRARY_PATH} /usr/bin/cmake --build /home/ros2_ws/build/zed_multi_camera -- -j6 -l6
[2.857s] Invoking command in '/home/ros2_ws/build/zed_multi_camera': AMENT_PREFIX_PATH=/home/ros2_ws/install/zed_wrapper:/home/ros2_ws/install/zed_components:${AMENT_PREFIX_PATH} CMAKE_PREFIX_PATH=/home/ros2_ws/install/zed_wrapper:/home/ros2_ws/install/zed_components:/opt/ros/humble LD_LIBRARY_PATH=/home/ros2_ws/install/zed_components/lib:${LD_LIBRARY_PATH} /usr/bin/cmake --install /home/ros2_ws/build/zed_multi_camera
[2.903s] -- Install configuration: ""
[2.903s] -- Installing: /home/ros2_ws/install/zed_multi_camera/share/zed_multi_camera/launch
[2.904s] -- Installing: /home/ros2_ws/install/zed_multi_camera/share/zed_multi_camera/launch/zed_multi_camera.launch.py
[2.906s] -- Installing: /home/ros2_ws/install/zed_multi_camera/share/zed_multi_camera/urdf
[2.906s] -- Installing: /home/ros2_ws/install/zed_multi_camera/share/zed_multi_camera/urdf/zed_multi.urdf.xacro
[2.908s] -- Installing: /home/ros2_ws/install/zed_multi_camera/share/ament_index/resource_index/package_run_dependencies/zed_multi_camera
[2.909s] -- Installing: /home/ros2_ws/install/zed_multi_camera/share/ament_index/resource_index/parent_prefix_path/zed_multi_camera
[2.911s] -- Installing: /home/ros2_ws/install/zed_multi_camera/share/zed_multi_camera/environment/ament_prefix_path.sh
[2.911s] -- Installing: /home/ros2_ws/install/zed_multi_camera/share/zed_multi_camera/environment/ament_prefix_path.dsv
[2.912s] -- Installing: /home/ros2_ws/install/zed_multi_camera/share/zed_multi_camera/environment/path.sh
[2.913s] -- Installing: /home/ros2_ws/install/zed_multi_camera/share/zed_multi_camera/environment/path.dsv
[2.915s] -- Installing: /home/ros2_ws/install/zed_multi_camera/share/zed_multi_camera/local_setup.bash
[2.915s] -- Installing: /home/ros2_ws/install/zed_multi_camera/share/zed_multi_camera/local_setup.sh
[2.916s] -- Installing: /home/ros2_ws/install/zed_multi_camera/share/zed_multi_camera/local_setup.zsh
[2.916s] -- Installing: /home/ros2_ws/install/zed_multi_camera/share/zed_multi_camera/local_setup.dsv
[2.916s] -- Installing: /home/ros2_ws/install/zed_multi_camera/share/zed_multi_camera/package.dsv
[2.916s] -- Installing: /home/ros2_ws/install/zed_multi_camera/share/ament_index/resource_index/packages/zed_multi_camera
[2.917s] -- Installing: /home/ros2_ws/install/zed_multi_camera/share/zed_multi_camera/cmake/zed_multi_cameraConfig.cmake
[2.917s] -- Installing: /home/ros2_ws/install/zed_multi_camera/share/zed_multi_camera/cmake/zed_multi_cameraConfig-version.cmake
[2.918s] -- Installing: /home/ros2_ws/install/zed_multi_camera/share/zed_multi_camera/package.xml
[2.961s] Invoked command in '/home/ros2_ws/build/zed_multi_camera' returned '0': AMENT_PREFIX_PATH=/home/ros2_ws/install/zed_wrapper:/home/ros2_ws/install/zed_components:${AMENT_PREFIX_PATH} CMAKE_PREFIX_PATH=/home/ros2_ws/install/zed_wrapper:/home/ros2_ws/install/zed_components:/opt/ros/humble LD_LIBRARY_PATH=/home/ros2_ws/install/zed_components/lib:${LD_LIBRARY_PATH} /usr/bin/cmake --install /home/ros2_ws/build/zed_multi_camera
