[0.056s] Invoking command in '/home/ros2_ws/build/zed_aruco_localization': AMENT_PREFIX_PATH=/home/ros2_ws/install/zed_components:${AMENT_PREFIX_PATH} CMAKE_PREFIX_PATH=/home/ros2_ws/install/zed_components:/opt/ros/humble LD_LIBRARY_PATH=/home/ros2_ws/install/zed_components/lib:${LD_LIBRARY_PATH} /usr/bin/cmake /home/ros2_ws/src/zed-ros2-examples/examples/zed_aruco_localization -DCMAKE_INSTALL_PREFIX=/home/ros2_ws/install/zed_aruco_localization
[0.224s] -- The C compiler identification is GNU 11.4.0
[0.383s] -- The CXX compiler identification is GNU 11.4.0
[0.403s] -- Detecting C compiler ABI info
[0.634s] -- Detecting C compiler ABI info - done
[0.653s] -- Check for working C compiler: /usr/bin/cc - skipped
[0.654s] -- Detecting C compile features
[0.656s] -- Detecting C compile features - done
[0.668s] -- Detecting CXX compiler ABI info
[0.907s] -- Detecting CXX compiler ABI info - done
[0.932s] -- Check for working CXX compiler: /usr/bin/c++ - skipped
[0.932s] -- Detecting CXX compile features
[0.933s] -- Detecting CXX compile features - done
[0.964s] -- Found OpenCV: /usr (found suitable version "4.8.0", minimum required is "4") 
[0.982s] -- Looking for sgemm_
[1.237s] -- Looking for sgemm_ - not found
[1.237s] -- Looking for pthread.h
[1.462s] -- Looking for pthread.h - found
[1.463s] -- Performing Test CMAKE_HAVE_LIBC_PTHREAD
[1.696s] -- Performing Test CMAKE_HAVE_LIBC_PTHREAD - Success
[1.699s] -- Found Threads: TRUE  
[1.800s] -- Looking for sgemm_
[2.148s] -- Looking for sgemm_ - found
[2.149s] -- Found BLAS: /usr/lib/aarch64-linux-gnu/libopenblas.so  
[2.317s] -- Found CUDA: /usr/local/cuda (found suitable version "12.6", minimum required is "12.6") 
[2.388s] -- Found CUDA: /usr/local/cuda (found version "12.6") 
[2.393s] -- Found ament_cmake_auto: 1.3.12 (/opt/ros/humble/share/ament_cmake_auto/cmake)
[2.844s] -- Found Python3: /usr/bin/python3 (found version "3.10.12") found components: Interpreter 
[3.408s] -- Found rosidl_generator_c: 3.1.7 (/opt/ros/humble/share/rosidl_generator_c/cmake)
[3.417s] -- Found rosidl_adapter: 3.1.7 (/opt/ros/humble/share/rosidl_adapter/cmake)
[3.436s] -- Found rosidl_generator_cpp: 3.1.7 (/opt/ros/humble/share/rosidl_generator_cpp/cmake)
[3.462s] -- Using all available rosidl_typesupport_c: rosidl_typesupport_fastrtps_c;rosidl_typesupport_introspection_c
[3.496s] -- Using all available rosidl_typesupport_cpp: rosidl_typesupport_fastrtps_cpp;rosidl_typesupport_introspection_cpp
[3.589s] -- Found rmw_implementation_cmake: 6.1.2 (/opt/ros/humble/share/rmw_implementation_cmake/cmake)
[3.595s] -- Found rmw_fastrtps_cpp: 6.2.9 (/opt/ros/humble/share/rmw_fastrtps_cpp/cmake)
[3.801s] -- Found OpenSSL: /usr/lib/aarch64-linux-gnu/libcrypto.so (found version "3.0.2")  
[3.862s] -- Found FastRTPS: /opt/ros/humble/include  
[3.969s] -- Using RMW implementation 'rmw_fastrtps_cpp' as default
[4.489s] -- Found eigen3_cmake_module: 0.1.1 (/opt/ros/humble/share/eigen3_cmake_module/cmake)
[4.492s] -- Found Eigen3: TRUE (found version "3.4.0") 
[4.493s] -- Ensuring Eigen3 include directory is part of orocos-kdl CMake target
[4.958s] -- Found ament_lint_auto: 0.12.14 (/opt/ros/humble/share/ament_lint_auto/cmake)
[5.098s] -- Added test 'copyright' to check source files copyright and LICENSE
[5.111s] -- Added test 'cppcheck' to perform static code analysis on C / C++ code
[5.111s] -- Configured cppcheck include dirs: /home/ros2_ws/src/zed-ros2-examples/examples/zed_aruco_localization/src/include;/home/ros2_ws/src/zed-ros2-examples/examples/zed_aruco_localization/src/component/include
[5.111s] -- Configured cppcheck exclude dirs and/or files: 
[5.119s] -- Added test 'cpplint' to check C / C++ code against the Google style
[5.119s] -- Configured cpplint exclude dirs and/or files: 
[5.121s] -- Added test 'flake8' to check Python code syntax and style conventions
[5.124s] -- Added test 'lint_cmake' to check CMake code style
[5.126s] -- Added test 'pep257' to check Python code against some of the docstring style conventions in PEP 257
[5.130s] -- Added test 'uncrustify' to check C / C++ code style
[5.131s] -- Configured uncrustify additional arguments: 
[5.132s] -- Added test 'xmllint' to check XML markup files
[5.145s] -- Configuring done
[5.217s] -- Generating done
[5.239s] -- Build files have been written to: /home/ros2_ws/build/zed_aruco_localization
[5.326s] Invoked command in '/home/ros2_ws/build/zed_aruco_localization' returned '0': AMENT_PREFIX_PATH=/home/ros2_ws/install/zed_components:${AMENT_PREFIX_PATH} CMAKE_PREFIX_PATH=/home/ros2_ws/install/zed_components:/opt/ros/humble LD_LIBRARY_PATH=/home/ros2_ws/install/zed_components/lib:${LD_LIBRARY_PATH} /usr/bin/cmake /home/ros2_ws/src/zed-ros2-examples/examples/zed_aruco_localization -DCMAKE_INSTALL_PREFIX=/home/ros2_ws/install/zed_aruco_localization
[5.327s] Invoking command in '/home/ros2_ws/build/zed_aruco_localization': AMENT_PREFIX_PATH=/home/ros2_ws/install/zed_components:${AMENT_PREFIX_PATH} CMAKE_PREFIX_PATH=/home/ros2_ws/install/zed_components:/opt/ros/humble LD_LIBRARY_PATH=/home/ros2_ws/install/zed_components/lib:${LD_LIBRARY_PATH} /usr/bin/cmake --build /home/ros2_ws/build/zed_aruco_localization -- -j6 -l6
[5.563s] [ 33%] [32mBuilding CXX object CMakeFiles/zed_aruco_localization_component.dir/src/component/src/aruco.cpp.o[0m
[5.563s] [ 66%] [32mBuilding CXX object CMakeFiles/zed_aruco_localization_component.dir/src/component/src/zed_aruco_localization_component.cpp.o[0m
[38.504s] [100%] [32m[1mLinking CXX shared library libzed_aruco_localization_component.so[0m
[39.302s] [100%] Built target zed_aruco_localization_component
[39.351s] Invoked command in '/home/ros2_ws/build/zed_aruco_localization' returned '0': AMENT_PREFIX_PATH=/home/ros2_ws/install/zed_components:${AMENT_PREFIX_PATH} CMAKE_PREFIX_PATH=/home/ros2_ws/install/zed_components:/opt/ros/humble LD_LIBRARY_PATH=/home/ros2_ws/install/zed_components/lib:${LD_LIBRARY_PATH} /usr/bin/cmake --build /home/ros2_ws/build/zed_aruco_localization -- -j6 -l6
[39.357s] Invoking command in '/home/ros2_ws/build/zed_aruco_localization': AMENT_PREFIX_PATH=/home/ros2_ws/install/zed_components:${AMENT_PREFIX_PATH} CMAKE_PREFIX_PATH=/home/ros2_ws/install/zed_components:/opt/ros/humble LD_LIBRARY_PATH=/home/ros2_ws/install/zed_components/lib:${LD_LIBRARY_PATH} /usr/bin/cmake --install /home/ros2_ws/build/zed_aruco_localization
[39.382s] -- Install configuration: "Release"
[39.383s] -- Installing: /home/ros2_ws/install/zed_aruco_localization/lib/libzed_aruco_localization_component.so
[39.387s] -- Set runtime path of "/home/ros2_ws/install/zed_aruco_localization/lib/libzed_aruco_localization_component.so" to ""
[39.387s] -- Installing: /home/ros2_ws/install/zed_aruco_localization/include/zed_aruco_localization/
[39.388s] -- Installing: /home/ros2_ws/install/zed_aruco_localization/include/zed_aruco_localization//aruco_loc_visibility_control.hpp
[39.389s] -- Up-to-date: /home/ros2_ws/install/zed_aruco_localization/include/zed_aruco_localization/
[39.389s] -- Installing: /home/ros2_ws/install/zed_aruco_localization/include/zed_aruco_localization//zed_aruco_localization_component.hpp
[39.389s] -- Installing: /home/ros2_ws/install/zed_aruco_localization/include/zed_aruco_localization//aruco.hpp
[39.392s] -- Installing: /home/ros2_ws/install/zed_aruco_localization/share/zed_aruco_localization/launch
[39.392s] -- Installing: /home/ros2_ws/install/zed_aruco_localization/share/zed_aruco_localization/launch/zed_aruco_loc.launch.py
[39.394s] -- Installing: /home/ros2_ws/install/zed_aruco_localization/share/zed_aruco_localization/config
[39.394s] -- Installing: /home/ros2_ws/install/zed_aruco_localization/share/zed_aruco_localization/config/aruco_loc.yaml
[39.395s] -- Installing: /home/ros2_ws/install/zed_aruco_localization/share/zed_aruco_localization/rviz2
[39.396s] -- Installing: /home/ros2_ws/install/zed_aruco_localization/share/zed_aruco_localization/rviz2/aruco.rviz
[39.397s] -- Installing: /home/ros2_ws/install/zed_aruco_localization/share/zed_aruco_localization/environment/library_path.sh
[39.397s] -- Installing: /home/ros2_ws/install/zed_aruco_localization/share/zed_aruco_localization/environment/library_path.dsv
[39.398s] -- Installing: /home/ros2_ws/install/zed_aruco_localization/share/ament_index/resource_index/package_run_dependencies/zed_aruco_localization
[39.399s] -- Installing: /home/ros2_ws/install/zed_aruco_localization/share/ament_index/resource_index/parent_prefix_path/zed_aruco_localization
[39.399s] -- Installing: /home/ros2_ws/install/zed_aruco_localization/share/zed_aruco_localization/environment/ament_prefix_path.sh
[39.399s] -- Installing: /home/ros2_ws/install/zed_aruco_localization/share/zed_aruco_localization/environment/ament_prefix_path.dsv
[39.400s] -- Installing: /home/ros2_ws/install/zed_aruco_localization/share/zed_aruco_localization/environment/path.sh
[39.400s] -- Installing: /home/ros2_ws/install/zed_aruco_localization/share/zed_aruco_localization/environment/path.dsv
[39.401s] -- Installing: /home/ros2_ws/install/zed_aruco_localization/share/zed_aruco_localization/local_setup.bash
[39.401s] -- Installing: /home/ros2_ws/install/zed_aruco_localization/share/zed_aruco_localization/local_setup.sh
[39.401s] -- Installing: /home/ros2_ws/install/zed_aruco_localization/share/zed_aruco_localization/local_setup.zsh
[39.402s] -- Installing: /home/ros2_ws/install/zed_aruco_localization/share/zed_aruco_localization/local_setup.dsv
[39.402s] -- Installing: /home/ros2_ws/install/zed_aruco_localization/share/zed_aruco_localization/package.dsv
[39.402s] -- Installing: /home/ros2_ws/install/zed_aruco_localization/share/ament_index/resource_index/packages/zed_aruco_localization
[39.403s] -- Installing: /home/ros2_ws/install/zed_aruco_localization/share/ament_index/resource_index/rclcpp_components/zed_aruco_localization
[39.403s] -- Installing: /home/ros2_ws/install/zed_aruco_localization/share/zed_aruco_localization/cmake/ament_cmake_export_include_directories-extras.cmake
[39.404s] -- Installing: /home/ros2_ws/install/zed_aruco_localization/share/zed_aruco_localization/cmake/ament_cmake_export_libraries-extras.cmake
[39.404s] -- Installing: /home/ros2_ws/install/zed_aruco_localization/share/zed_aruco_localization/cmake/ament_cmake_export_dependencies-extras.cmake
[39.404s] -- Installing: /home/ros2_ws/install/zed_aruco_localization/share/zed_aruco_localization/cmake/zed_aruco_localizationConfig.cmake
[39.405s] -- Installing: /home/ros2_ws/install/zed_aruco_localization/share/zed_aruco_localization/cmake/zed_aruco_localizationConfig-version.cmake
[39.405s] -- Installing: /home/ros2_ws/install/zed_aruco_localization/share/zed_aruco_localization/package.xml
[39.419s] Invoked command in '/home/ros2_ws/build/zed_aruco_localization' returned '0': AMENT_PREFIX_PATH=/home/ros2_ws/install/zed_components:${AMENT_PREFIX_PATH} CMAKE_PREFIX_PATH=/home/ros2_ws/install/zed_components:/opt/ros/humble LD_LIBRARY_PATH=/home/ros2_ws/install/zed_components/lib:${LD_LIBRARY_PATH} /usr/bin/cmake --install /home/ros2_ws/build/zed_aruco_localization
