[0.177s] Invoking command in '/home/ros2_ws/build/zed_isaac_ros_multi_camera': AMENT_PREFIX_PATH=/home/ros2_ws/install/zed_wrapper:/home/ros2_ws/install/zed_components:${AMENT_PREFIX_PATH} CMAKE_PREFIX_PATH=/home/ros2_ws/install/zed_wrapper:/home/ros2_ws/install/zed_components:/opt/ros/humble LD_LIBRARY_PATH=/home/ros2_ws/install/zed_components/lib:${LD_LIBRARY_PATH} /usr/bin/cmake /home/ros2_ws/src/zed-ros2-examples/isaac_ros/zed_isaac_ros_multi_camera -DCMAKE_INSTALL_PREFIX=/home/ros2_ws/install/zed_isaac_ros_multi_camera
[0.459s] -- The C compiler identification is GNU 11.4.0
[0.631s] -- The CXX compiler identification is GNU 11.4.0
[0.652s] -- Detecting C compiler ABI info
[0.990s] -- Detecting C compiler ABI info - done
[1.007s] -- Check for working C compiler: /usr/bin/cc - skipped
[1.007s] -- Detecting C compile features
[1.007s] -- Detecting C compile features - done
[1.019s] -- Detecting CXX compiler ABI info
[1.366s] -- Detecting CXX compiler ABI info - done
[1.398s] -- Check for working CXX compiler: /usr/bin/c++ - skipped
[1.399s] -- Detecting CXX compile features
[1.400s] -- Detecting CXX compile features - done
[1.407s] -- Found ament_cmake_auto: 1.3.12 (/opt/ros/humble/share/ament_cmake_auto/cmake)
[1.951s] -- Found Python3: /usr/bin/python3 (found version "3.10.12") found components: Interpreter 
[2.625s] -- Found ament_lint_auto: 0.12.14 (/opt/ros/humble/share/ament_lint_auto/cmake)
[2.755s] -- Added test 'copyright' to check source files copyright and LICENSE
[2.762s] -- Added test 'flake8' to check Python code syntax and style conventions
[2.768s] -- Added test 'lint_cmake' to check CMake code style
[2.769s] -- Added test 'pep257' to check Python code against some of the docstring style conventions in PEP 257
[2.772s] -- Added test 'xmllint' to check XML markup files
[2.789s] -- Configuring done
[2.802s] -- Generating done
[2.809s] -- Build files have been written to: /home/ros2_ws/build/zed_isaac_ros_multi_camera
[2.850s] Invoked command in '/home/ros2_ws/build/zed_isaac_ros_multi_camera' returned '0': AMENT_PREFIX_PATH=/home/ros2_ws/install/zed_wrapper:/home/ros2_ws/install/zed_components:${AMENT_PREFIX_PATH} CMAKE_PREFIX_PATH=/home/ros2_ws/install/zed_wrapper:/home/ros2_ws/install/zed_components:/opt/ros/humble LD_LIBRARY_PATH=/home/ros2_ws/install/zed_components/lib:${LD_LIBRARY_PATH} /usr/bin/cmake /home/ros2_ws/src/zed-ros2-examples/isaac_ros/zed_isaac_ros_multi_camera -DCMAKE_INSTALL_PREFIX=/home/ros2_ws/install/zed_isaac_ros_multi_camera
[2.861s] Invoking command in '/home/ros2_ws/build/zed_isaac_ros_multi_camera': AMENT_PREFIX_PATH=/home/ros2_ws/install/zed_wrapper:/home/ros2_ws/install/zed_components:${AMENT_PREFIX_PATH} CMAKE_PREFIX_PATH=/home/ros2_ws/install/zed_wrapper:/home/ros2_ws/install/zed_components:/opt/ros/humble LD_LIBRARY_PATH=/home/ros2_ws/install/zed_components/lib:${LD_LIBRARY_PATH} /usr/bin/cmake --build /home/ros2_ws/build/zed_isaac_ros_multi_camera -- -j6 -l6
[3.081s] Invoked command in '/home/ros2_ws/build/zed_isaac_ros_multi_camera' returned '0': AMENT_PREFIX_PATH=/home/ros2_ws/install/zed_wrapper:/home/ros2_ws/install/zed_components:${AMENT_PREFIX_PATH} CMAKE_PREFIX_PATH=/home/ros2_ws/install/zed_wrapper:/home/ros2_ws/install/zed_components:/opt/ros/humble LD_LIBRARY_PATH=/home/ros2_ws/install/zed_components/lib:${LD_LIBRARY_PATH} /usr/bin/cmake --build /home/ros2_ws/build/zed_isaac_ros_multi_camera -- -j6 -l6
[3.083s] Invoking command in '/home/ros2_ws/build/zed_isaac_ros_multi_camera': AMENT_PREFIX_PATH=/home/ros2_ws/install/zed_wrapper:/home/ros2_ws/install/zed_components:${AMENT_PREFIX_PATH} CMAKE_PREFIX_PATH=/home/ros2_ws/install/zed_wrapper:/home/ros2_ws/install/zed_components:/opt/ros/humble LD_LIBRARY_PATH=/home/ros2_ws/install/zed_components/lib:${LD_LIBRARY_PATH} /usr/bin/cmake --install /home/ros2_ws/build/zed_isaac_ros_multi_camera
[3.183s] -- Install configuration: ""
[3.183s] -- Installing: /home/ros2_ws/install/zed_isaac_ros_multi_camera/share/zed_isaac_ros_multi_camera/launch
[3.184s] -- Installing: /home/ros2_ws/install/zed_isaac_ros_multi_camera/share/zed_isaac_ros_multi_camera/launch/zed_multi_camera.launch.py
[3.185s] -- Installing: /home/ros2_ws/install/zed_isaac_ros_multi_camera/share/zed_isaac_ros_multi_camera/urdf
[3.185s] -- Installing: /home/ros2_ws/install/zed_isaac_ros_multi_camera/share/zed_isaac_ros_multi_camera/urdf/zed_multi.urdf.xacro
[3.186s] -- Installing: /home/ros2_ws/install/zed_isaac_ros_multi_camera/share/ament_index/resource_index/package_run_dependencies/zed_isaac_ros_multi_camera
[3.186s] -- Installing: /home/ros2_ws/install/zed_isaac_ros_multi_camera/share/ament_index/resource_index/parent_prefix_path/zed_isaac_ros_multi_camera
[3.186s] -- Installing: /home/ros2_ws/install/zed_isaac_ros_multi_camera/share/zed_isaac_ros_multi_camera/environment/ament_prefix_path.sh
[3.186s] -- Installing: /home/ros2_ws/install/zed_isaac_ros_multi_camera/share/zed_isaac_ros_multi_camera/environment/ament_prefix_path.dsv
[3.188s] -- Installing: /home/ros2_ws/install/zed_isaac_ros_multi_camera/share/zed_isaac_ros_multi_camera/environment/path.sh
[3.188s] -- Installing: /home/ros2_ws/install/zed_isaac_ros_multi_camera/share/zed_isaac_ros_multi_camera/environment/path.dsv
[3.188s] -- Installing: /home/ros2_ws/install/zed_isaac_ros_multi_camera/share/zed_isaac_ros_multi_camera/local_setup.bash
[3.189s] -- Installing: /home/ros2_ws/install/zed_isaac_ros_multi_camera/share/zed_isaac_ros_multi_camera/local_setup.sh
[3.189s] -- Installing: /home/ros2_ws/install/zed_isaac_ros_multi_camera/share/zed_isaac_ros_multi_camera/local_setup.zsh
[3.189s] -- Installing: /home/ros2_ws/install/zed_isaac_ros_multi_camera/share/zed_isaac_ros_multi_camera/local_setup.dsv
[3.189s] -- Installing: /home/ros2_ws/install/zed_isaac_ros_multi_camera/share/zed_isaac_ros_multi_camera/package.dsv
[3.189s] -- Installing: /home/ros2_ws/install/zed_isaac_ros_multi_camera/share/ament_index/resource_index/packages/zed_isaac_ros_multi_camera
[3.189s] -- Installing: /home/ros2_ws/install/zed_isaac_ros_multi_camera/share/zed_isaac_ros_multi_camera/cmake/zed_isaac_ros_multi_cameraConfig.cmake
[3.189s] -- Installing: /home/ros2_ws/install/zed_isaac_ros_multi_camera/share/zed_isaac_ros_multi_camera/cmake/zed_isaac_ros_multi_cameraConfig-version.cmake
[3.190s] -- Installing: /home/ros2_ws/install/zed_isaac_ros_multi_camera/share/zed_isaac_ros_multi_camera/package.xml
[3.224s] Invoked command in '/home/ros2_ws/build/zed_isaac_ros_multi_camera' returned '0': AMENT_PREFIX_PATH=/home/ros2_ws/install/zed_wrapper:/home/ros2_ws/install/zed_components:${AMENT_PREFIX_PATH} CMAKE_PREFIX_PATH=/home/ros2_ws/install/zed_wrapper:/home/ros2_ws/install/zed_components:/opt/ros/humble LD_LIBRARY_PATH=/home/ros2_ws/install/zed_components/lib:${LD_LIBRARY_PATH} /usr/bin/cmake --install /home/ros2_ws/build/zed_isaac_ros_multi_camera
