[0.134s] Invoking command in '/home/ros2_ws/build/zed_ipc': AMENT_PREFIX_PATH=/home/ros2_ws/install/zed_multi_camera:/home/ros2_ws/install/zed_wrapper:/home/ros2_ws/install/zed_components:${AMENT_PREFIX_PATH} CMAKE_PREFIX_PATH=/home/ros2_ws/install/zed_multi_camera:/home/ros2_ws/install/zed_wrapper:/home/ros2_ws/install/zed_components:/opt/ros/humble LD_LIBRARY_PATH=/home/ros2_ws/install/zed_components/lib:${LD_LIBRARY_PATH} /usr/bin/cmake /home/ros2_ws/src/zed-ros2-examples/tutorials/zed_ipc -DCMAKE_INSTALL_PREFIX=/home/ros2_ws/install/zed_ipc
[0.356s] -- The C compiler identification is GNU 11.4.0
[0.554s] -- The CXX compiler identification is GNU 11.4.0
[0.579s] -- Detecting C compiler ABI info
[0.792s] -- Detecting C compiler ABI info - done
[0.807s] -- Check for working C compiler: /usr/bin/cc - skipped
[0.807s] -- Detecting C compile features
[0.808s] -- Detecting C compile features - done
[0.816s] -- Detecting CXX compiler ABI info
[1.067s] -- Detecting CXX compiler ABI info - done
[1.083s] -- Check for working CXX compiler: /usr/bin/c++ - skipped
[1.084s] -- Detecting CXX compile features
[1.084s] -- Detecting CXX compile features - done
[1.092s] -- Found ament_cmake_auto: 1.3.12 (/opt/ros/humble/share/ament_cmake_auto/cmake)
[1.568s] -- Found Python3: /usr/bin/python3 (found version "3.10.12") found components: Interpreter 
[2.167s] -- Found rosidl_generator_c: 3.1.7 (/opt/ros/humble/share/rosidl_generator_c/cmake)
[2.179s] -- Found rosidl_adapter: 3.1.7 (/opt/ros/humble/share/rosidl_adapter/cmake)
[2.201s] -- Found rosidl_generator_cpp: 3.1.7 (/opt/ros/humble/share/rosidl_generator_cpp/cmake)
[2.231s] -- Using all available rosidl_typesupport_c: rosidl_typesupport_fastrtps_c;rosidl_typesupport_introspection_c
[2.275s] -- Using all available rosidl_typesupport_cpp: rosidl_typesupport_fastrtps_cpp;rosidl_typesupport_introspection_cpp
[2.387s] -- Found rmw_implementation_cmake: 6.1.2 (/opt/ros/humble/share/rmw_implementation_cmake/cmake)
[2.394s] -- Found rmw_fastrtps_cpp: 6.2.9 (/opt/ros/humble/share/rmw_fastrtps_cpp/cmake)
[2.645s] -- Found OpenSSL: /usr/lib/aarch64-linux-gnu/libcrypto.so (found version "3.0.2")  
[2.720s] -- Found FastRTPS: /opt/ros/humble/include  
[2.830s] -- Using RMW implementation 'rmw_fastrtps_cpp' as default
[2.852s] -- Looking for pthread.h
[3.067s] -- Looking for pthread.h - found
[3.072s] -- Performing Test CMAKE_HAVE_LIBC_PTHREAD
[3.282s] -- Performing Test CMAKE_HAVE_LIBC_PTHREAD - Success
[3.285s] -- Found Threads: TRUE  
[3.557s] -- Found ament_lint_auto: 0.12.14 (/opt/ros/humble/share/ament_lint_auto/cmake)
[3.642s] -- Added test 'copyright' to check source files copyright and LICENSE
[3.645s] -- Added test 'cppcheck' to perform static code analysis on C / C++ code
[3.646s] -- Configured cppcheck include dirs: /home/ros2_ws/src/zed-ros2-examples/tutorials/zed_ipc/src/include;/home/ros2_ws/src/zed-ros2-examples/tutorials/zed_ipc/src/component/include;/home/ros2_ws/src/zed-ros2-examples/tutorials/zed_ipc/src/components/include
[3.646s] -- Configured cppcheck exclude dirs and/or files: 
[3.650s] -- Added test 'cpplint' to check C / C++ code against the Google style
[3.650s] -- Configured cpplint exclude dirs and/or files: 
[3.651s] -- Added test 'flake8' to check Python code syntax and style conventions
[3.653s] -- Added test 'lint_cmake' to check CMake code style
[3.654s] -- Added test 'pep257' to check Python code against some of the docstring style conventions in PEP 257
[3.657s] -- Added test 'uncrustify' to check C / C++ code style
[3.657s] -- Configured uncrustify additional arguments: 
[3.658s] -- Added test 'xmllint' to check XML markup files
[3.667s] -- Configuring done
[3.704s] -- Generating done
[3.717s] -- Build files have been written to: /home/ros2_ws/build/zed_ipc
[3.767s] Invoked command in '/home/ros2_ws/build/zed_ipc' returned '0': AMENT_PREFIX_PATH=/home/ros2_ws/install/zed_multi_camera:/home/ros2_ws/install/zed_wrapper:/home/ros2_ws/install/zed_components:${AMENT_PREFIX_PATH} CMAKE_PREFIX_PATH=/home/ros2_ws/install/zed_multi_camera:/home/ros2_ws/install/zed_wrapper:/home/ros2_ws/install/zed_components:/opt/ros/humble LD_LIBRARY_PATH=/home/ros2_ws/install/zed_components/lib:${LD_LIBRARY_PATH} /usr/bin/cmake /home/ros2_ws/src/zed-ros2-examples/tutorials/zed_ipc -DCMAKE_INSTALL_PREFIX=/home/ros2_ws/install/zed_ipc
[3.771s] Invoking command in '/home/ros2_ws/build/zed_ipc': AMENT_PREFIX_PATH=/home/ros2_ws/install/zed_multi_camera:/home/ros2_ws/install/zed_wrapper:/home/ros2_ws/install/zed_components:${AMENT_PREFIX_PATH} CMAKE_PREFIX_PATH=/home/ros2_ws/install/zed_multi_camera:/home/ros2_ws/install/zed_wrapper:/home/ros2_ws/install/zed_components:/opt/ros/humble LD_LIBRARY_PATH=/home/ros2_ws/install/zed_components/lib:${LD_LIBRARY_PATH} /usr/bin/cmake --build /home/ros2_ws/build/zed_ipc -- -j6 -l6
[3.930s] [ 66%] [32mBuilding CXX object CMakeFiles/pointcloud_component.dir/src/components/src/pointcloud_component.cpp.o[0m
[3.931s] [ 66%] [32mBuilding CXX object CMakeFiles/pointcloud_component.dir/src/components/src/winavg.cpp.o[0m
[39.109s] [100%] [32m[1mLinking CXX shared library libpointcloud_component.so[0m
[39.582s] [100%] Built target pointcloud_component
[39.620s] Invoked command in '/home/ros2_ws/build/zed_ipc' returned '0': AMENT_PREFIX_PATH=/home/ros2_ws/install/zed_multi_camera:/home/ros2_ws/install/zed_wrapper:/home/ros2_ws/install/zed_components:${AMENT_PREFIX_PATH} CMAKE_PREFIX_PATH=/home/ros2_ws/install/zed_multi_camera:/home/ros2_ws/install/zed_wrapper:/home/ros2_ws/install/zed_components:/opt/ros/humble LD_LIBRARY_PATH=/home/ros2_ws/install/zed_components/lib:${LD_LIBRARY_PATH} /usr/bin/cmake --build /home/ros2_ws/build/zed_ipc -- -j6 -l6
[39.626s] Invoking command in '/home/ros2_ws/build/zed_ipc': AMENT_PREFIX_PATH=/home/ros2_ws/install/zed_multi_camera:/home/ros2_ws/install/zed_wrapper:/home/ros2_ws/install/zed_components:${AMENT_PREFIX_PATH} CMAKE_PREFIX_PATH=/home/ros2_ws/install/zed_multi_camera:/home/ros2_ws/install/zed_wrapper:/home/ros2_ws/install/zed_components:/opt/ros/humble LD_LIBRARY_PATH=/home/ros2_ws/install/zed_components/lib:${LD_LIBRARY_PATH} /usr/bin/cmake --install /home/ros2_ws/build/zed_ipc
[39.649s] -- Install configuration: "Release"
[39.650s] -- Installing: /home/ros2_ws/install/zed_ipc/lib/libpointcloud_component.so
[39.654s] -- Set runtime path of "/home/ros2_ws/install/zed_ipc/lib/libpointcloud_component.so" to ""
[39.654s] -- Installing: /home/ros2_ws/install/zed_ipc/include/zed_ipc/
[39.655s] -- Installing: /home/ros2_ws/install/zed_ipc/include/zed_ipc//ipc_visibility_control.hpp
[39.655s] -- Up-to-date: /home/ros2_ws/install/zed_ipc/include/zed_ipc/
[39.655s] -- Installing: /home/ros2_ws/install/zed_ipc/include/zed_ipc//winavg.hpp
[39.656s] -- Installing: /home/ros2_ws/install/zed_ipc/include/zed_ipc//pointcloud_component.hpp
[39.656s] -- Installing: /home/ros2_ws/install/zed_ipc/share/zed_ipc/launch
[39.656s] -- Installing: /home/ros2_ws/install/zed_ipc/share/zed_ipc/launch/zed_ipc.launch.py
[39.658s] -- Installing: /home/ros2_ws/install/zed_ipc/share/zed_ipc/environment/library_path.sh
[39.658s] -- Installing: /home/ros2_ws/install/zed_ipc/share/zed_ipc/environment/library_path.dsv
[39.659s] -- Installing: /home/ros2_ws/install/zed_ipc/share/ament_index/resource_index/package_run_dependencies/zed_ipc
[39.659s] -- Installing: /home/ros2_ws/install/zed_ipc/share/ament_index/resource_index/parent_prefix_path/zed_ipc
[39.660s] -- Installing: /home/ros2_ws/install/zed_ipc/share/zed_ipc/environment/ament_prefix_path.sh
[39.661s] -- Installing: /home/ros2_ws/install/zed_ipc/share/zed_ipc/environment/ament_prefix_path.dsv
[39.664s] -- Installing: /home/ros2_ws/install/zed_ipc/share/zed_ipc/environment/path.sh
[39.664s] -- Installing: /home/ros2_ws/install/zed_ipc/share/zed_ipc/environment/path.dsv
[39.664s] -- Installing: /home/ros2_ws/install/zed_ipc/share/zed_ipc/local_setup.bash
[39.665s] -- Installing: /home/ros2_ws/install/zed_ipc/share/zed_ipc/local_setup.sh
[39.665s] -- Installing: /home/ros2_ws/install/zed_ipc/share/zed_ipc/local_setup.zsh
[39.665s] -- Installing: /home/ros2_ws/install/zed_ipc/share/zed_ipc/local_setup.dsv
[39.666s] -- Installing: /home/ros2_ws/install/zed_ipc/share/zed_ipc/package.dsv
[39.666s] -- Installing: /home/ros2_ws/install/zed_ipc/share/ament_index/resource_index/packages/zed_ipc
[39.666s] -- Installing: /home/ros2_ws/install/zed_ipc/share/ament_index/resource_index/rclcpp_components/zed_ipc
[39.667s] -- Installing: /home/ros2_ws/install/zed_ipc/share/zed_ipc/cmake/ament_cmake_export_include_directories-extras.cmake
[39.667s] -- Installing: /home/ros2_ws/install/zed_ipc/share/zed_ipc/cmake/ament_cmake_export_libraries-extras.cmake
[39.668s] -- Installing: /home/ros2_ws/install/zed_ipc/share/zed_ipc/cmake/ament_cmake_export_dependencies-extras.cmake
[39.668s] -- Installing: /home/ros2_ws/install/zed_ipc/share/zed_ipc/cmake/zed_ipcConfig.cmake
[39.668s] -- Installing: /home/ros2_ws/install/zed_ipc/share/zed_ipc/cmake/zed_ipcConfig-version.cmake
[39.669s] -- Installing: /home/ros2_ws/install/zed_ipc/share/zed_ipc/package.xml
[39.678s] Invoked command in '/home/ros2_ws/build/zed_ipc' returned '0': AMENT_PREFIX_PATH=/home/ros2_ws/install/zed_multi_camera:/home/ros2_ws/install/zed_wrapper:/home/ros2_ws/install/zed_components:${AMENT_PREFIX_PATH} CMAKE_PREFIX_PATH=/home/ros2_ws/install/zed_multi_camera:/home/ros2_ws/install/zed_wrapper:/home/ros2_ws/install/zed_components:/opt/ros/humble LD_LIBRARY_PATH=/home/ros2_ws/install/zed_components/lib:${LD_LIBRARY_PATH} /usr/bin/cmake --install /home/ros2_ws/build/zed_ipc
