[0.059s] Invoking command in '/home/ros2_ws/build/zed_tutorial_depth': CMAKE_PREFIX_PATH=/opt/ros/humble /usr/bin/cmake /home/ros2_ws/src/zed-ros2-examples/tutorials/zed_depth_tutorial -DCMAKE_INSTALL_PREFIX=/home/ros2_ws/install/zed_tutorial_depth
[0.681s] -- The C compiler identification is GNU 11.4.0
[1.166s] -- The CXX compiler identification is GNU 11.4.0
[1.192s] -- Detecting C compiler ABI info
[1.466s] -- Detecting C compiler ABI info - done
[1.486s] -- Check for working C compiler: /usr/bin/cc - skipped
[1.487s] -- Detecting C compile features
[1.487s] -- Detecting C compile features - done
[1.497s] -- Detecting CXX compiler ABI info
[1.746s] -- Detecting CXX compiler ABI info - done
[1.763s] -- Check for working CXX compiler: /usr/bin/c++ - skipped
[1.764s] -- Detecting CXX compile features
[1.764s] -- Detecting CXX compile features - done
[1.769s] -- Found ament_cmake_auto: 1.3.12 (/opt/ros/humble/share/ament_cmake_auto/cmake)
[2.207s] -- Found Python3: /usr/bin/python3 (found version "3.10.12") found components: Interpreter 
[2.849s] -- Found rosidl_generator_c: 3.1.7 (/opt/ros/humble/share/rosidl_generator_c/cmake)
[2.861s] -- Found rosidl_adapter: 3.1.7 (/opt/ros/humble/share/rosidl_adapter/cmake)
[2.898s] -- Found rosidl_generator_cpp: 3.1.7 (/opt/ros/humble/share/rosidl_generator_cpp/cmake)
[2.931s] -- Using all available rosidl_typesupport_c: rosidl_typesupport_fastrtps_c;rosidl_typesupport_introspection_c
[2.983s] -- Using all available rosidl_typesupport_cpp: rosidl_typesupport_fastrtps_cpp;rosidl_typesupport_introspection_cpp
[3.092s] -- Found rmw_implementation_cmake: 6.1.2 (/opt/ros/humble/share/rmw_implementation_cmake/cmake)
[3.098s] -- Found rmw_fastrtps_cpp: 6.2.9 (/opt/ros/humble/share/rmw_fastrtps_cpp/cmake)
[3.326s] -- Found OpenSSL: /usr/lib/aarch64-linux-gnu/libcrypto.so (found version "3.0.2")  
[3.418s] -- Found FastRTPS: /opt/ros/humble/include  
[3.566s] -- Using RMW implementation 'rmw_fastrtps_cpp' as default
[3.591s] -- Looking for pthread.h
[3.822s] -- Looking for pthread.h - found
[3.823s] -- Performing Test CMAKE_HAVE_LIBC_PTHREAD
[4.098s] -- Performing Test CMAKE_HAVE_LIBC_PTHREAD - Success
[4.101s] -- Found Threads: TRUE  
[4.347s] -- Found ament_lint_auto: 0.12.14 (/opt/ros/humble/share/ament_lint_auto/cmake)
[4.421s] -- Added test 'copyright' to check source files copyright and LICENSE
[4.423s] -- Added test 'cppcheck' to perform static code analysis on C / C++ code
[4.425s] -- Configured cppcheck include dirs: 
[4.425s] -- Configured cppcheck exclude dirs and/or files: 
[4.433s] -- Added test 'cpplint' to check C / C++ code against the Google style
[4.434s] -- Configured cpplint exclude dirs and/or files: 
[4.437s] -- Added test 'lint_cmake' to check CMake code style
[4.451s] -- Added test 'uncrustify' to check C / C++ code style
[4.452s] -- Configured uncrustify additional arguments: 
[4.452s] -- Added test 'xmllint' to check XML markup files
[4.456s] -- Configuring done
[4.495s] -- Generating done
[4.512s] -- Build files have been written to: /home/ros2_ws/build/zed_tutorial_depth
[4.590s] Invoked command in '/home/ros2_ws/build/zed_tutorial_depth' returned '0': CMAKE_PREFIX_PATH=/opt/ros/humble /usr/bin/cmake /home/ros2_ws/src/zed-ros2-examples/tutorials/zed_depth_tutorial -DCMAKE_INSTALL_PREFIX=/home/ros2_ws/install/zed_tutorial_depth
[4.592s] Invoking command in '/home/ros2_ws/build/zed_tutorial_depth': CMAKE_PREFIX_PATH=/opt/ros/humble /usr/bin/cmake --build /home/ros2_ws/build/zed_tutorial_depth -- -j6 -l6
[4.784s] [ 50%] [32mBuilding CXX object CMakeFiles/zed_tutorial_depth.dir/src/zed_depth_sub_tutorial.cpp.o[0m
[72.925s] [100%] [32m[1mLinking CXX executable zed_tutorial_depth[0m
[73.532s] [100%] Built target zed_tutorial_depth
[73.626s] Invoked command in '/home/ros2_ws/build/zed_tutorial_depth' returned '0': CMAKE_PREFIX_PATH=/opt/ros/humble /usr/bin/cmake --build /home/ros2_ws/build/zed_tutorial_depth -- -j6 -l6
[73.639s] Invoking command in '/home/ros2_ws/build/zed_tutorial_depth': CMAKE_PREFIX_PATH=/opt/ros/humble /usr/bin/cmake --install /home/ros2_ws/build/zed_tutorial_depth
[73.687s] -- Install configuration: "Release"
[73.691s] -- Installing: /home/ros2_ws/install/zed_tutorial_depth/lib/zed_tutorial_depth/zed_tutorial_depth
[73.691s] -- Set runtime path of "/home/ros2_ws/install/zed_tutorial_depth/lib/zed_tutorial_depth/zed_tutorial_depth" to ""
[73.711s] -- Installing: /home/ros2_ws/install/zed_tutorial_depth/share/ament_index/resource_index/package_run_dependencies/zed_tutorial_depth
[73.714s] -- Installing: /home/ros2_ws/install/zed_tutorial_depth/share/ament_index/resource_index/parent_prefix_path/zed_tutorial_depth
[73.717s] -- Installing: /home/ros2_ws/install/zed_tutorial_depth/share/zed_tutorial_depth/environment/ament_prefix_path.sh
[73.719s] -- Installing: /home/ros2_ws/install/zed_tutorial_depth/share/zed_tutorial_depth/environment/ament_prefix_path.dsv
[73.721s] -- Installing: /home/ros2_ws/install/zed_tutorial_depth/share/zed_tutorial_depth/environment/path.sh
[73.722s] -- Installing: /home/ros2_ws/install/zed_tutorial_depth/share/zed_tutorial_depth/environment/path.dsv
[73.723s] -- Installing: /home/ros2_ws/install/zed_tutorial_depth/share/zed_tutorial_depth/local_setup.bash
[73.724s] -- Installing: /home/ros2_ws/install/zed_tutorial_depth/share/zed_tutorial_depth/local_setup.sh
[73.726s] -- Installing: /home/ros2_ws/install/zed_tutorial_depth/share/zed_tutorial_depth/local_setup.zsh
[73.727s] -- Installing: /home/ros2_ws/install/zed_tutorial_depth/share/zed_tutorial_depth/local_setup.dsv
[73.729s] -- Installing: /home/ros2_ws/install/zed_tutorial_depth/share/zed_tutorial_depth/package.dsv
[73.731s] -- Installing: /home/ros2_ws/install/zed_tutorial_depth/share/ament_index/resource_index/packages/zed_tutorial_depth
[73.732s] -- Installing: /home/ros2_ws/install/zed_tutorial_depth/share/zed_tutorial_depth/cmake/zed_tutorial_depthConfig.cmake
[73.734s] -- Installing: /home/ros2_ws/install/zed_tutorial_depth/share/zed_tutorial_depth/cmake/zed_tutorial_depthConfig-version.cmake
[73.737s] -- Installing: /home/ros2_ws/install/zed_tutorial_depth/share/zed_tutorial_depth/package.xml
[73.750s] Invoked command in '/home/ros2_ws/build/zed_tutorial_depth' returned '0': CMAKE_PREFIX_PATH=/opt/ros/humble /usr/bin/cmake --install /home/ros2_ws/build/zed_tutorial_depth
