[0.083s] Invoking command in '/home/ros2_ws/build/zed_robot_integration': AMENT_PREFIX_PATH=/home/ros2_ws/install/zed_wrapper:/home/ros2_ws/install/zed_components:${AMENT_PREFIX_PATH} CMAKE_PREFIX_PATH=/home/ros2_ws/install/zed_wrapper:/home/ros2_ws/install/zed_components:/opt/ros/humble LD_LIBRARY_PATH=/home/ros2_ws/install/zed_components/lib:${LD_LIBRARY_PATH} /usr/bin/cmake /home/ros2_ws/src/zed-ros2-examples/tutorials/zed_robot_integration -DCMAKE_INSTALL_PREFIX=/home/ros2_ws/install/zed_robot_integration
[0.385s] -- The C compiler identification is GNU 11.4.0
[0.550s] -- The CXX compiler identification is GNU 11.4.0
[0.571s] -- Detecting C compiler ABI info
[0.879s] -- Detecting C compiler ABI info - done
[0.896s] -- Check for working C compiler: /usr/bin/cc - skipped
[0.897s] -- Detecting C compile features
[0.897s] -- Detecting C compile features - done
[0.905s] -- Detecting CXX compiler ABI info
[1.251s] -- Detecting CXX compiler ABI info - done
[1.279s] -- Check for working CXX compiler: /usr/bin/c++ - skipped
[1.280s] -- Detecting CXX compile features
[1.281s] -- Detecting CXX compile features - done
[1.294s] -- Found ament_cmake: 1.3.12 (/opt/ros/humble/share/ament_cmake/cmake)
[1.842s] -- Found Python3: /usr/bin/python3 (found version "3.10.12") found components: Interpreter 
[2.293s] -- Configuring done
[2.302s] -- Generating done
[2.307s] -- Build files have been written to: /home/ros2_ws/build/zed_robot_integration
[2.330s] Invoked command in '/home/ros2_ws/build/zed_robot_integration' returned '0': AMENT_PREFIX_PATH=/home/ros2_ws/install/zed_wrapper:/home/ros2_ws/install/zed_components:${AMENT_PREFIX_PATH} CMAKE_PREFIX_PATH=/home/ros2_ws/install/zed_wrapper:/home/ros2_ws/install/zed_components:/opt/ros/humble LD_LIBRARY_PATH=/home/ros2_ws/install/zed_components/lib:${LD_LIBRARY_PATH} /usr/bin/cmake /home/ros2_ws/src/zed-ros2-examples/tutorials/zed_robot_integration -DCMAKE_INSTALL_PREFIX=/home/ros2_ws/install/zed_robot_integration
[2.336s] Invoking command in '/home/ros2_ws/build/zed_robot_integration': AMENT_PREFIX_PATH=/home/ros2_ws/install/zed_wrapper:/home/ros2_ws/install/zed_components:${AMENT_PREFIX_PATH} CMAKE_PREFIX_PATH=/home/ros2_ws/install/zed_wrapper:/home/ros2_ws/install/zed_components:/opt/ros/humble LD_LIBRARY_PATH=/home/ros2_ws/install/zed_components/lib:${LD_LIBRARY_PATH} /usr/bin/cmake --build /home/ros2_ws/build/zed_robot_integration -- -j6 -l6
[2.605s] Invoked command in '/home/ros2_ws/build/zed_robot_integration' returned '0': AMENT_PREFIX_PATH=/home/ros2_ws/install/zed_wrapper:/home/ros2_ws/install/zed_components:${AMENT_PREFIX_PATH} CMAKE_PREFIX_PATH=/home/ros2_ws/install/zed_wrapper:/home/ros2_ws/install/zed_components:/opt/ros/humble LD_LIBRARY_PATH=/home/ros2_ws/install/zed_components/lib:${LD_LIBRARY_PATH} /usr/bin/cmake --build /home/ros2_ws/build/zed_robot_integration -- -j6 -l6
[2.608s] Invoking command in '/home/ros2_ws/build/zed_robot_integration': AMENT_PREFIX_PATH=/home/ros2_ws/install/zed_wrapper:/home/ros2_ws/install/zed_components:${AMENT_PREFIX_PATH} CMAKE_PREFIX_PATH=/home/ros2_ws/install/zed_wrapper:/home/ros2_ws/install/zed_components:/opt/ros/humble LD_LIBRARY_PATH=/home/ros2_ws/install/zed_components/lib:${LD_LIBRARY_PATH} /usr/bin/cmake --install /home/ros2_ws/build/zed_robot_integration
[2.737s] -- Install configuration: ""
[2.738s] -- Installing: /home/ros2_ws/install/zed_robot_integration/share/zed_robot_integration//launch
[2.738s] -- Installing: /home/ros2_ws/install/zed_robot_integration/share/zed_robot_integration//launch/view_mono_zed.launch.py
[2.738s] -- Installing: /home/ros2_ws/install/zed_robot_integration/share/zed_robot_integration//launch/view_dual_zed.launch.py
[2.738s] -- Installing: /home/ros2_ws/install/zed_robot_integration/share/zed_robot_integration//urdf
[2.739s] -- Installing: /home/ros2_ws/install/zed_robot_integration/share/zed_robot_integration//urdf/zed_robot_dual.urdf.xacro
[2.739s] -- Installing: /home/ros2_ws/install/zed_robot_integration/share/zed_robot_integration//urdf/zed_robot_mono.urdf.xacro
[2.739s] -- Installing: /home/ros2_ws/install/zed_robot_integration/share/zed_robot_integration//rviz2
[2.739s] -- Installing: /home/ros2_ws/install/zed_robot_integration/share/zed_robot_integration//rviz2/view_config.rviz
[2.743s] -- Installing: /home/ros2_ws/install/zed_robot_integration/share/ament_index/resource_index/package_run_dependencies/zed_robot_integration
[2.744s] -- Installing: /home/ros2_ws/install/zed_robot_integration/share/ament_index/resource_index/parent_prefix_path/zed_robot_integration
[2.744s] -- Installing: /home/ros2_ws/install/zed_robot_integration/share/zed_robot_integration/environment/ament_prefix_path.sh
[2.744s] -- Installing: /home/ros2_ws/install/zed_robot_integration/share/zed_robot_integration/environment/ament_prefix_path.dsv
[2.744s] -- Installing: /home/ros2_ws/install/zed_robot_integration/share/zed_robot_integration/environment/path.sh
[2.744s] -- Installing: /home/ros2_ws/install/zed_robot_integration/share/zed_robot_integration/environment/path.dsv
[2.744s] -- Installing: /home/ros2_ws/install/zed_robot_integration/share/zed_robot_integration/local_setup.bash
[2.744s] -- Installing: /home/ros2_ws/install/zed_robot_integration/share/zed_robot_integration/local_setup.sh
[2.745s] -- Installing: /home/ros2_ws/install/zed_robot_integration/share/zed_robot_integration/local_setup.zsh
[2.745s] -- Installing: /home/ros2_ws/install/zed_robot_integration/share/zed_robot_integration/local_setup.dsv
[2.745s] -- Installing: /home/ros2_ws/install/zed_robot_integration/share/zed_robot_integration/package.dsv
[2.745s] -- Installing: /home/ros2_ws/install/zed_robot_integration/share/ament_index/resource_index/packages/zed_robot_integration
[2.745s] -- Installing: /home/ros2_ws/install/zed_robot_integration/share/zed_robot_integration/cmake/zed_robot_integrationConfig.cmake
[2.745s] -- Installing: /home/ros2_ws/install/zed_robot_integration/share/zed_robot_integration/cmake/zed_robot_integrationConfig-version.cmake
[2.745s] -- Installing: /home/ros2_ws/install/zed_robot_integration/share/zed_robot_integration/package.xml
[2.757s] Invoked command in '/home/ros2_ws/build/zed_robot_integration' returned '0': AMENT_PREFIX_PATH=/home/ros2_ws/install/zed_wrapper:/home/ros2_ws/install/zed_components:${AMENT_PREFIX_PATH} CMAKE_PREFIX_PATH=/home/ros2_ws/install/zed_wrapper:/home/ros2_ws/install/zed_components:/opt/ros/humble LD_LIBRARY_PATH=/home/ros2_ws/install/zed_components/lib:${LD_LIBRARY_PATH} /usr/bin/cmake --install /home/ros2_ws/build/zed_robot_integration
