[0.069s] Invoking command in '/home/ros2_ws/build/zed_components': CMAKE_PREFIX_PATH=/opt/ros/humble /usr/bin/cmake /home/ros2_ws/src/zed-ros2-wrapper/zed_components -DCMAKE_INSTALL_PREFIX=/home/ros2_ws/install/zed_components
[0.716s] -- The C compiler identification is GNU 11.4.0
[1.198s] -- The CXX compiler identification is GNU 11.4.0
[1.227s] -- Detecting C compiler ABI info
[1.462s] -- Detecting C compiler ABI info - done
[1.483s] -- Check for working C compiler: /usr/bin/cc - skipped
[1.484s] -- Detecting C compile features
[1.485s] -- Detecting C compile features - done
[1.494s] -- Detecting CXX compiler ABI info
[1.790s] -- Detecting CXX compiler ABI info - done
[1.818s] -- Check for working CXX compiler: /usr/bin/c++ - skipped
[1.819s] -- Detecting CXX compile features
[1.821s] -- Detecting CXX compile features - done
[1.834s] -- Looking for sgemm_
[2.134s] -- Looking for sgemm_ - not found
[2.140s] -- Looking for pthread.h
[2.448s] -- Looking for pthread.h - found
[2.449s] -- Performing Test CMAKE_HAVE_LIBC_PTHREAD
[2.746s] -- Performing Test CMAKE_HAVE_LIBC_PTHREAD - Success
[2.749s] -- Found Threads: TRUE  
[2.896s] -- Looking for sgemm_
[3.252s] -- Looking for sgemm_ - found
[3.254s] -- Found BLAS: /usr/lib/aarch64-linux-gnu/libopenblas.so  
[3.458s] -- Found CUDA: /usr/local/cuda (found suitable version "12.6", minimum required is "12.6") 
[3.563s] -- Found CUDA: /usr/local/cuda (found version "12.6") 
[3.573s] -- Found ament_cmake_auto: 1.3.12 (/opt/ros/humble/share/ament_cmake_auto/cmake)
[4.184s] -- Found Python3: /usr/bin/python3 (found version "3.10.12") found components: Interpreter 
[4.740s] -- Found rosidl_generator_c: 3.1.7 (/opt/ros/humble/share/rosidl_generator_c/cmake)
[4.754s] -- Found rosidl_adapter: 3.1.7 (/opt/ros/humble/share/rosidl_adapter/cmake)
[4.795s] -- Found rosidl_generator_cpp: 3.1.7 (/opt/ros/humble/share/rosidl_generator_cpp/cmake)
[4.840s] -- Using all available rosidl_typesupport_c: rosidl_typesupport_fastrtps_c;rosidl_typesupport_introspection_c
[4.867s] -- Using all available rosidl_typesupport_cpp: rosidl_typesupport_fastrtps_cpp;rosidl_typesupport_introspection_cpp
[5.135s] -- Found rmw_implementation_cmake: 6.1.2 (/opt/ros/humble/share/rmw_implementation_cmake/cmake)
[5.141s] -- Found rmw_fastrtps_cpp: 6.2.9 (/opt/ros/humble/share/rmw_fastrtps_cpp/cmake)
[5.362s] -- Found OpenSSL: /usr/lib/aarch64-linux-gnu/libcrypto.so (found version "3.0.2")  
[5.451s] -- Found FastRTPS: /opt/ros/humble/include  
[5.587s] -- Using RMW implementation 'rmw_fastrtps_cpp' as default
[6.215s] -- Found eigen3_cmake_module: 0.1.1 (/opt/ros/humble/share/eigen3_cmake_module/cmake)
[6.225s] -- Found Eigen3: TRUE (found version "3.4.0") 
[6.227s] -- Ensuring Eigen3 include directory is part of orocos-kdl CMake target
[6.786s] -- Found ament_lint_auto: 0.12.14 (/opt/ros/humble/share/ament_lint_auto/cmake)
[6.881s] -- Added test 'copyright' to check source files copyright and LICENSE
[6.897s] -- Added test 'cppcheck' to perform static code analysis on C / C++ code
[6.900s] -- Configured cppcheck include dirs: /home/ros2_ws/src/zed-ros2-wrapper/zed_components/src/include;/home/ros2_ws/src/zed-ros2-wrapper/zed_components/src/zed_camera/include;/home/ros2_ws/src/zed-ros2-wrapper/zed_components/src/tools/include;/home/ros2_ws/src/zed-ros2-wrapper/zed_components/src/zed_camera_one/include
[6.901s] -- Configured cppcheck exclude dirs and/or files: 
[6.906s] -- Added test 'lint_cmake' to check CMake code style
[6.915s] -- Added test 'uncrustify' to check C / C++ code style
[6.915s] -- Configured uncrustify additional arguments: 
[6.919s] -- Added test 'xmllint' to check XML markup files
[6.929s] -- Configuring done
[7.092s] -- Generating done
[7.143s] -- Build files have been written to: /home/ros2_ws/build/zed_components
[7.272s] Invoked command in '/home/ros2_ws/build/zed_components' returned '0': CMAKE_PREFIX_PATH=/opt/ros/humble /usr/bin/cmake /home/ros2_ws/src/zed-ros2-wrapper/zed_components -DCMAKE_INSTALL_PREFIX=/home/ros2_ws/install/zed_components
[7.273s] Invoking command in '/home/ros2_ws/build/zed_components': CMAKE_PREFIX_PATH=/opt/ros/humble /usr/bin/cmake --build /home/ros2_ws/build/zed_components -- -j6 -l6
[10.553s] [  5%] [32mBuilding CXX object CMakeFiles/zed_camera_one_component.dir/src/tools/src/sl_tools.cpp.o[0m
[10.554s] [ 11%] [32mBuilding CXX object CMakeFiles/zed_camera_component.dir/src/tools/src/sl_tools.cpp.o[0m
[10.554s] [ 17%] [32mBuilding CXX object CMakeFiles/zed_camera_component.dir/src/tools/src/sl_win_avg.cpp.o[0m
[10.554s] [ 23%] [32mBuilding CXX object CMakeFiles/zed_camera_component.dir/src/tools/src/gnss_replay.cpp.o[0m
[10.554s] [ 29%] [32mBuilding CXX object CMakeFiles/zed_camera_component.dir/src/tools/src/sl_types.cpp.o[0m
[10.554s] [ 35%] [32mBuilding CXX object CMakeFiles/zed_camera_one_component.dir/src/tools/src/sl_win_avg.cpp.o[0m
[11.421s] [ 41%] [32mBuilding CXX object CMakeFiles/zed_camera_one_component.dir/src/tools/src/gnss_replay.cpp.o[0m
[12.053s] [ 47%] [32mBuilding CXX object CMakeFiles/zed_camera_component.dir/src/zed_camera/src/zed_camera_component_main.cpp.o[0m
[52.064s] [ 52%] [32mBuilding CXX object CMakeFiles/zed_camera_one_component.dir/src/tools/src/sl_types.cpp.o[0m
[78.086s] [ 58%] [32mBuilding CXX object CMakeFiles/zed_camera_one_component.dir/src/zed_camera_one/src/zed_camera_one_component_main.cpp.o[0m
[108.145s] [ 64%] [32mBuilding CXX object CMakeFiles/zed_camera_one_component.dir/src/zed_camera_one/src/zed_camera_one_component_sensors.cpp.o[0m
[144.734s] [ 70%] [32mBuilding CXX object CMakeFiles/zed_camera_one_component.dir/src/zed_camera_one/src/zed_camera_one_component_video.cpp.o[0m
[179.278s] [ 76%] [32m[1mLinking CXX shared library libzed_camera_one_component.so[0m
[181.331s] [ 76%] Built target zed_camera_one_component
[253.637s] [ 94%] [32mBuilding CXX object CMakeFiles/zed_camera_component.dir/src/zed_camera/src/zed_camera_component_video_depth.cpp.o[0m
[253.637s] [ 94%] [32mBuilding CXX object CMakeFiles/zed_camera_component.dir/src/zed_camera/src/zed_camera_component_objdet.cpp.o[0m
[253.637s] [ 94%] [32mBuilding CXX object CMakeFiles/zed_camera_component.dir/src/zed_camera/src/zed_camera_component_bodytrk.cpp.o[0m
[305.960s] [100%] [32m[1mLinking CXX shared library libzed_camera_component.so[0m
[308.343s] [100%] Built target zed_camera_component
[308.380s] Invoked command in '/home/ros2_ws/build/zed_components' returned '0': CMAKE_PREFIX_PATH=/opt/ros/humble /usr/bin/cmake --build /home/ros2_ws/build/zed_components -- -j6 -l6
[308.390s] Invoking command in '/home/ros2_ws/build/zed_components': CMAKE_PREFIX_PATH=/opt/ros/humble /usr/bin/cmake --install /home/ros2_ws/build/zed_components
[308.418s] -- Install configuration: "Release"
[308.418s] -- Installing: /home/ros2_ws/install/zed_components/lib/libzed_camera_component.so
[308.439s] -- Set runtime path of "/home/ros2_ws/install/zed_components/lib/libzed_camera_component.so" to ""
[308.439s] -- Installing: /home/ros2_ws/install/zed_components/lib/libzed_camera_one_component.so
[308.446s] -- Set runtime path of "/home/ros2_ws/install/zed_components/lib/libzed_camera_one_component.so" to ""
[308.447s] -- Installing: /home/ros2_ws/install/zed_components/include/zed_components/
[308.447s] -- Installing: /home/ros2_ws/install/zed_components/include/zed_components//cost_traversability.hpp
[308.449s] -- Installing: /home/ros2_ws/install/zed_components/include/zed_components//zed_camera_component.hpp
[308.450s] -- Up-to-date: /home/ros2_ws/install/zed_components/include/zed_components/
[308.450s] -- Installing: /home/ros2_ws/install/zed_components/include/zed_components//json.hpp
[308.453s] -- Installing: /home/ros2_ws/install/zed_components/include/zed_components//sl_logging.hpp
[308.453s] -- Installing: /home/ros2_ws/install/zed_components/include/zed_components//sl_types.hpp
[308.454s] -- Installing: /home/ros2_ws/install/zed_components/include/zed_components//gnss_replay.hpp
[308.454s] -- Installing: /home/ros2_ws/install/zed_components/include/zed_components//sl_win_avg.hpp
[308.454s] -- Installing: /home/ros2_ws/install/zed_components/include/zed_components//sl_tools.hpp
[308.455s] -- Up-to-date: /home/ros2_ws/install/zed_components/include/zed_components/
[308.455s] -- Installing: /home/ros2_ws/install/zed_components/include/zed_components//visibility_control.hpp
[308.455s] -- Installing: /home/ros2_ws/install/zed_components/include/zed_components//sl_version.hpp
[308.455s] -- Installing: /home/ros2_ws/install/zed_components/share/zed_components/environment/library_path.sh
[308.456s] -- Installing: /home/ros2_ws/install/zed_components/share/zed_components/environment/library_path.dsv
[308.459s] -- Installing: /home/ros2_ws/install/zed_components/share/ament_index/resource_index/package_run_dependencies/zed_components
[308.460s] -- Installing: /home/ros2_ws/install/zed_components/share/ament_index/resource_index/parent_prefix_path/zed_components
[308.461s] -- Installing: /home/ros2_ws/install/zed_components/share/zed_components/environment/ament_prefix_path.sh
[308.461s] -- Installing: /home/ros2_ws/install/zed_components/share/zed_components/environment/ament_prefix_path.dsv
[308.462s] -- Installing: /home/ros2_ws/install/zed_components/share/zed_components/environment/path.sh
[308.462s] -- Installing: /home/ros2_ws/install/zed_components/share/zed_components/environment/path.dsv
[308.463s] -- Installing: /home/ros2_ws/install/zed_components/share/zed_components/local_setup.bash
[308.464s] -- Installing: /home/ros2_ws/install/zed_components/share/zed_components/local_setup.sh
[308.464s] -- Installing: /home/ros2_ws/install/zed_components/share/zed_components/local_setup.zsh
[308.465s] -- Installing: /home/ros2_ws/install/zed_components/share/zed_components/local_setup.dsv
[308.466s] -- Installing: /home/ros2_ws/install/zed_components/share/zed_components/package.dsv
[308.467s] -- Installing: /home/ros2_ws/install/zed_components/share/ament_index/resource_index/packages/zed_components
[308.468s] -- Installing: /home/ros2_ws/install/zed_components/share/ament_index/resource_index/rclcpp_components/zed_components
[308.469s] -- Installing: /home/ros2_ws/install/zed_components/share/zed_components/cmake/ament_cmake_export_include_directories-extras.cmake
[308.470s] -- Installing: /home/ros2_ws/install/zed_components/share/zed_components/cmake/ament_cmake_export_libraries-extras.cmake
[308.471s] -- Installing: /home/ros2_ws/install/zed_components/share/zed_components/cmake/ament_cmake_export_dependencies-extras.cmake
[308.472s] -- Installing: /home/ros2_ws/install/zed_components/share/zed_components/cmake/zed_componentsConfig.cmake
[308.473s] -- Installing: /home/ros2_ws/install/zed_components/share/zed_components/cmake/zed_componentsConfig-version.cmake
[308.474s] -- Installing: /home/ros2_ws/install/zed_components/share/zed_components/package.xml
[308.487s] Invoked command in '/home/ros2_ws/build/zed_components' returned '0': CMAKE_PREFIX_PATH=/opt/ros/humble /usr/bin/cmake --install /home/ros2_ws/build/zed_components
