[0.073s] Invoking command in '/home/ros2_ws/build/zed_tutorial_video': CMAKE_PREFIX_PATH=/opt/ros/humble /usr/bin/cmake /home/ros2_ws/src/zed-ros2-examples/tutorials/zed_video_tutorial -DCMAKE_INSTALL_PREFIX=/home/ros2_ws/install/zed_tutorial_video
[4.191s] -- The C compiler identification is GNU 11.4.0
[4.191s] -- The CXX compiler identification is GNU 11.4.0
[4.191s] -- Detecting C compiler ABI info
[4.191s] -- Detecting C compiler ABI info - done
[4.191s] -- Check for working C compiler: /usr/bin/cc - skipped
[4.191s] -- Detecting C compile features
[4.192s] -- Detecting C compile features - done
[4.192s] -- Detecting CXX compiler ABI info
[4.192s] -- Detecting CXX compiler ABI info - done
[4.192s] -- Check for working CXX compiler: /usr/bin/c++ - skipped
[4.192s] -- Detecting CXX compile features
[4.192s] -- Detecting CXX compile features - done
[4.192s] -- Found ament_cmake_auto: 1.3.12 (/opt/ros/humble/share/ament_cmake_auto/cmake)
[4.193s] -- Found Python3: /usr/bin/python3 (found version "3.10.12") found components: Interpreter 
[4.193s] -- Found rosidl_generator_c: 3.1.7 (/opt/ros/humble/share/rosidl_generator_c/cmake)
[4.193s] -- Found rosidl_adapter: 3.1.7 (/opt/ros/humble/share/rosidl_adapter/cmake)
[4.193s] -- Found rosidl_generator_cpp: 3.1.7 (/opt/ros/humble/share/rosidl_generator_cpp/cmake)
[4.193s] -- Using all available rosidl_typesupport_c: rosidl_typesupport_fastrtps_c;rosidl_typesupport_introspection_c
[4.194s] -- Using all available rosidl_typesupport_cpp: rosidl_typesupport_fastrtps_cpp;rosidl_typesupport_introspection_cpp
[4.195s] -- Found rmw_implementation_cmake: 6.1.2 (/opt/ros/humble/share/rmw_implementation_cmake/cmake)
[4.195s] -- Found rmw_fastrtps_cpp: 6.2.9 (/opt/ros/humble/share/rmw_fastrtps_cpp/cmake)
[4.195s] -- Found OpenSSL: /usr/lib/aarch64-linux-gnu/libcrypto.so (found version "3.0.2")  
[4.195s] -- Found FastRTPS: /opt/ros/humble/include  
[4.195s] -- Using RMW implementation 'rmw_fastrtps_cpp' as default
[4.202s] -- Looking for pthread.h
[4.212s] -- Looking for pthread.h - found
[4.212s] -- Performing Test CMAKE_HAVE_LIBC_PTHREAD
[4.213s] -- Performing Test CMAKE_HAVE_LIBC_PTHREAD - Success
[4.213s] -- Found Threads: TRUE  
[4.213s] -- Found ament_lint_auto: 0.12.14 (/opt/ros/humble/share/ament_lint_auto/cmake)
[4.213s] -- Configuring done
[4.213s] -- Generating done
[4.213s] -- Build files have been written to: /home/ros2_ws/build/zed_tutorial_video
[4.223s] Invoked command in '/home/ros2_ws/build/zed_tutorial_video' returned '0': CMAKE_PREFIX_PATH=/opt/ros/humble /usr/bin/cmake /home/ros2_ws/src/zed-ros2-examples/tutorials/zed_video_tutorial -DCMAKE_INSTALL_PREFIX=/home/ros2_ws/install/zed_tutorial_video
[4.224s] Invoking command in '/home/ros2_ws/build/zed_tutorial_video': CMAKE_PREFIX_PATH=/opt/ros/humble /usr/bin/cmake --build /home/ros2_ws/build/zed_tutorial_video -- -j6 -l6
[4.487s] [ 50%] [32mBuilding CXX object CMakeFiles/zed_tutorial_video.dir/src/zed_video_sub_tutorial.cpp.o[0m
[79.794s] [100%] [32m[1mLinking CXX executable zed_tutorial_video[0m
[81.801s] [100%] Built target zed_tutorial_video
[82.415s] Invoked command in '/home/ros2_ws/build/zed_tutorial_video' returned '0': CMAKE_PREFIX_PATH=/opt/ros/humble /usr/bin/cmake --build /home/ros2_ws/build/zed_tutorial_video -- -j6 -l6
[82.501s] Invoking command in '/home/ros2_ws/build/zed_tutorial_video': CMAKE_PREFIX_PATH=/opt/ros/humble /usr/bin/cmake --install /home/ros2_ws/build/zed_tutorial_video
[82.647s] -- Install configuration: "Release"
[82.648s] -- Installing: /home/ros2_ws/install/zed_tutorial_video/lib/zed_tutorial_video/zed_tutorial_video
[82.648s] -- Set runtime path of "/home/ros2_ws/install/zed_tutorial_video/lib/zed_tutorial_video/zed_tutorial_video" to ""
[82.759s] -- Installing: /home/ros2_ws/install/zed_tutorial_video/share/ament_index/resource_index/package_run_dependencies/zed_tutorial_video
[82.796s] -- Installing: /home/ros2_ws/install/zed_tutorial_video/share/ament_index/resource_index/parent_prefix_path/zed_tutorial_video
[82.821s] -- Installing: /home/ros2_ws/install/zed_tutorial_video/share/zed_tutorial_video/environment/ament_prefix_path.sh
[82.828s] -- Installing: /home/ros2_ws/install/zed_tutorial_video/share/zed_tutorial_video/environment/ament_prefix_path.dsv
[82.837s] -- Installing: /home/ros2_ws/install/zed_tutorial_video/share/zed_tutorial_video/environment/path.sh
[82.837s] -- Installing: /home/ros2_ws/install/zed_tutorial_video/share/zed_tutorial_video/environment/path.dsv
[82.862s] -- Installing: /home/ros2_ws/install/zed_tutorial_video/share/zed_tutorial_video/local_setup.bash
[82.917s] -- Installing: /home/ros2_ws/install/zed_tutorial_video/share/zed_tutorial_video/local_setup.sh
[82.940s] -- Installing: /home/ros2_ws/install/zed_tutorial_video/share/zed_tutorial_video/local_setup.zsh
[82.975s] -- Installing: /home/ros2_ws/install/zed_tutorial_video/share/zed_tutorial_video/local_setup.dsv
[82.980s] -- Installing: /home/ros2_ws/install/zed_tutorial_video/share/zed_tutorial_video/package.dsv
[82.984s] -- Installing: /home/ros2_ws/install/zed_tutorial_video/share/ament_index/resource_index/packages/zed_tutorial_video
[82.985s] -- Installing: /home/ros2_ws/install/zed_tutorial_video/share/zed_tutorial_video/cmake/zed_tutorial_videoConfig.cmake
[83.002s] -- Installing: /home/ros2_ws/install/zed_tutorial_video/share/zed_tutorial_video/cmake/zed_tutorial_videoConfig-version.cmake
[83.019s] -- Installing: /home/ros2_ws/install/zed_tutorial_video/share/zed_tutorial_video/package.xml
[83.096s] Invoked command in '/home/ros2_ws/build/zed_tutorial_video' returned '0': CMAKE_PREFIX_PATH=/opt/ros/humble /usr/bin/cmake --install /home/ros2_ws/build/zed_tutorial_video
