[0.055s] Invoking command in '/home/ros2_ws/build/zed_depth_to_laserscan': AMENT_PREFIX_PATH=/home/ros2_ws/install/zed_wrapper:/home/ros2_ws/install/zed_components:${AMENT_PREFIX_PATH} CMAKE_PREFIX_PATH=/home/ros2_ws/install/zed_wrapper:/home/ros2_ws/install/zed_components:/opt/ros/humble LD_LIBRARY_PATH=/home/ros2_ws/install/zed_components/lib:${LD_LIBRARY_PATH} /usr/bin/cmake /home/ros2_ws/src/zed-ros2-examples/examples/zed_depth_to_laserscan -DCMAKE_INSTALL_PREFIX=/home/ros2_ws/install/zed_depth_to_laserscan
[0.293s] -- The C compiler identification is GNU 11.4.0
[0.471s] -- The CXX compiler identification is GNU 11.4.0
[0.504s] -- Detecting C compiler ABI info
[0.754s] -- Detecting C compiler ABI info - done
[0.776s] -- Check for working C compiler: /usr/bin/cc - skipped
[0.777s] -- Detecting C compile features
[0.779s] -- Detecting C compile features - done
[0.787s] -- Detecting CXX compiler ABI info
[1.093s] -- Detecting CXX compiler ABI info - done
[1.117s] -- Check for working CXX compiler: /usr/bin/c++ - skipped
[1.118s] -- Detecting CXX compile features
[1.119s] -- Detecting CXX compile features - done
[1.126s] -- Found ament_cmake_auto: 1.3.12 (/opt/ros/humble/share/ament_cmake_auto/cmake)
[1.610s] -- Found Python3: /usr/bin/python3 (found version "3.10.12") found components: Interpreter 
[2.277s] -- Found rosidl_generator_c: 3.1.7 (/opt/ros/humble/share/rosidl_generator_c/cmake)
[2.289s] -- Found rosidl_adapter: 3.1.7 (/opt/ros/humble/share/rosidl_adapter/cmake)
[2.310s] -- Found rosidl_generator_cpp: 3.1.7 (/opt/ros/humble/share/rosidl_generator_cpp/cmake)
[2.341s] -- Using all available rosidl_typesupport_c: rosidl_typesupport_fastrtps_c;rosidl_typesupport_introspection_c
[2.400s] -- Using all available rosidl_typesupport_cpp: rosidl_typesupport_fastrtps_cpp;rosidl_typesupport_introspection_cpp
[2.520s] -- Found rmw_implementation_cmake: 6.1.2 (/opt/ros/humble/share/rmw_implementation_cmake/cmake)
[2.529s] -- Found rmw_fastrtps_cpp: 6.2.9 (/opt/ros/humble/share/rmw_fastrtps_cpp/cmake)
[2.962s] -- Found OpenSSL: /usr/lib/aarch64-linux-gnu/libcrypto.so (found version "3.0.2")  
[3.064s] -- Found FastRTPS: /opt/ros/humble/include  
[3.197s] -- Using RMW implementation 'rmw_fastrtps_cpp' as default
[3.228s] -- Looking for pthread.h
[3.537s] -- Looking for pthread.h - found
[3.538s] -- Performing Test CMAKE_HAVE_LIBC_PTHREAD
[3.887s] -- Performing Test CMAKE_HAVE_LIBC_PTHREAD - Success
[3.890s] -- Found Threads: TRUE  
[4.495s] -- Found eigen3_cmake_module: 0.1.1 (/opt/ros/humble/share/eigen3_cmake_module/cmake)
[4.499s] -- Found Eigen3: TRUE (found version "3.4.0") 
[4.499s] -- Ensuring Eigen3 include directory is part of orocos-kdl CMake target
[5.187s] -- Found zed_wrapper: 5.1.0 (/home/ros2_ws/install/zed_wrapper/share/zed_wrapper/cmake)
[5.194s] -- Found ament_lint_auto: 0.12.14 (/opt/ros/humble/share/ament_lint_auto/cmake)
[5.319s] -- Added test 'copyright' to check source files copyright and LICENSE
[5.327s] -- Added test 'flake8' to check Python code syntax and style conventions
[5.327s] -- Added test 'lint_cmake' to check CMake code style
[5.328s] -- Added test 'pep257' to check Python code against some of the docstring style conventions in PEP 257
[5.332s] -- Added test 'xmllint' to check XML markup files
[5.336s] -- Configuring done
[5.362s] -- Generating done
[5.372s] -- Build files have been written to: /home/ros2_ws/build/zed_depth_to_laserscan
[5.439s] Invoked command in '/home/ros2_ws/build/zed_depth_to_laserscan' returned '0': AMENT_PREFIX_PATH=/home/ros2_ws/install/zed_wrapper:/home/ros2_ws/install/zed_components:${AMENT_PREFIX_PATH} CMAKE_PREFIX_PATH=/home/ros2_ws/install/zed_wrapper:/home/ros2_ws/install/zed_components:/opt/ros/humble LD_LIBRARY_PATH=/home/ros2_ws/install/zed_components/lib:${LD_LIBRARY_PATH} /usr/bin/cmake /home/ros2_ws/src/zed-ros2-examples/examples/zed_depth_to_laserscan -DCMAKE_INSTALL_PREFIX=/home/ros2_ws/install/zed_depth_to_laserscan
[5.444s] Invoking command in '/home/ros2_ws/build/zed_depth_to_laserscan': AMENT_PREFIX_PATH=/home/ros2_ws/install/zed_wrapper:/home/ros2_ws/install/zed_components:${AMENT_PREFIX_PATH} CMAKE_PREFIX_PATH=/home/ros2_ws/install/zed_wrapper:/home/ros2_ws/install/zed_components:/opt/ros/humble LD_LIBRARY_PATH=/home/ros2_ws/install/zed_components/lib:${LD_LIBRARY_PATH} /usr/bin/cmake --build /home/ros2_ws/build/zed_depth_to_laserscan -- -j6 -l6
[5.669s] Invoked command in '/home/ros2_ws/build/zed_depth_to_laserscan' returned '0': AMENT_PREFIX_PATH=/home/ros2_ws/install/zed_wrapper:/home/ros2_ws/install/zed_components:${AMENT_PREFIX_PATH} CMAKE_PREFIX_PATH=/home/ros2_ws/install/zed_wrapper:/home/ros2_ws/install/zed_components:/opt/ros/humble LD_LIBRARY_PATH=/home/ros2_ws/install/zed_components/lib:${LD_LIBRARY_PATH} /usr/bin/cmake --build /home/ros2_ws/build/zed_depth_to_laserscan -- -j6 -l6
[5.675s] Invoking command in '/home/ros2_ws/build/zed_depth_to_laserscan': AMENT_PREFIX_PATH=/home/ros2_ws/install/zed_wrapper:/home/ros2_ws/install/zed_components:${AMENT_PREFIX_PATH} CMAKE_PREFIX_PATH=/home/ros2_ws/install/zed_wrapper:/home/ros2_ws/install/zed_components:/opt/ros/humble LD_LIBRARY_PATH=/home/ros2_ws/install/zed_components/lib:${LD_LIBRARY_PATH} /usr/bin/cmake --install /home/ros2_ws/build/zed_depth_to_laserscan
[5.711s] -- Install configuration: ""
[5.712s] -- Installing: /home/ros2_ws/install/zed_depth_to_laserscan/share/zed_depth_to_laserscan/launch
[5.712s] -- Installing: /home/ros2_ws/install/zed_depth_to_laserscan/share/zed_depth_to_laserscan/launch/zed_depth_to_laserscan.launch.py
[5.712s] -- Installing: /home/ros2_ws/install/zed_depth_to_laserscan/share/zed_depth_to_laserscan/config
[5.712s] -- Installing: /home/ros2_ws/install/zed_depth_to_laserscan/share/zed_depth_to_laserscan/config/zed_depth_to_laserscan.yaml
[5.713s] -- Installing: /home/ros2_ws/install/zed_depth_to_laserscan/share/zed_depth_to_laserscan/rviz2
[5.713s] -- Installing: /home/ros2_ws/install/zed_depth_to_laserscan/share/zed_depth_to_laserscan/rviz2/zed_depth_to_laserscan.rviz
[5.715s] -- Installing: /home/ros2_ws/install/zed_depth_to_laserscan/share/ament_index/resource_index/package_run_dependencies/zed_depth_to_laserscan
[5.715s] -- Installing: /home/ros2_ws/install/zed_depth_to_laserscan/share/ament_index/resource_index/parent_prefix_path/zed_depth_to_laserscan
[5.716s] -- Installing: /home/ros2_ws/install/zed_depth_to_laserscan/share/zed_depth_to_laserscan/environment/ament_prefix_path.sh
[5.716s] -- Installing: /home/ros2_ws/install/zed_depth_to_laserscan/share/zed_depth_to_laserscan/environment/ament_prefix_path.dsv
[5.717s] -- Installing: /home/ros2_ws/install/zed_depth_to_laserscan/share/zed_depth_to_laserscan/environment/path.sh
[5.726s] -- Installing: /home/ros2_ws/install/zed_depth_to_laserscan/share/zed_depth_to_laserscan/environment/path.dsv
[5.727s] -- Installing: /home/ros2_ws/install/zed_depth_to_laserscan/share/zed_depth_to_laserscan/local_setup.bash
[5.727s] -- Installing: /home/ros2_ws/install/zed_depth_to_laserscan/share/zed_depth_to_laserscan/local_setup.sh
[5.727s] -- Installing: /home/ros2_ws/install/zed_depth_to_laserscan/share/zed_depth_to_laserscan/local_setup.zsh
[5.727s] -- Installing: /home/ros2_ws/install/zed_depth_to_laserscan/share/zed_depth_to_laserscan/local_setup.dsv
[5.728s] -- Installing: /home/ros2_ws/install/zed_depth_to_laserscan/share/zed_depth_to_laserscan/package.dsv
[5.728s] -- Installing: /home/ros2_ws/install/zed_depth_to_laserscan/share/ament_index/resource_index/packages/zed_depth_to_laserscan
[5.729s] -- Installing: /home/ros2_ws/install/zed_depth_to_laserscan/share/zed_depth_to_laserscan/cmake/zed_depth_to_laserscanConfig.cmake
[5.729s] -- Installing: /home/ros2_ws/install/zed_depth_to_laserscan/share/zed_depth_to_laserscan/cmake/zed_depth_to_laserscanConfig-version.cmake
[5.729s] -- Installing: /home/ros2_ws/install/zed_depth_to_laserscan/share/zed_depth_to_laserscan/package.xml
[5.756s] Invoked command in '/home/ros2_ws/build/zed_depth_to_laserscan' returned '0': AMENT_PREFIX_PATH=/home/ros2_ws/install/zed_wrapper:/home/ros2_ws/install/zed_components:${AMENT_PREFIX_PATH} CMAKE_PREFIX_PATH=/home/ros2_ws/install/zed_wrapper:/home/ros2_ws/install/zed_components:/opt/ros/humble LD_LIBRARY_PATH=/home/ros2_ws/install/zed_components/lib:${LD_LIBRARY_PATH} /usr/bin/cmake --install /home/ros2_ws/build/zed_depth_to_laserscan
