[0.441s] Invoking command in '/home/wade/lunabotics_ws/src/rover_autonomy': PYTHONPATH=/home/wade/lunabotics_ws/build/rover_autonomy/prefix_override:/usr/lib/python3/dist-packages/colcon_core/task/python/colcon_distutils_commands:/home/wade/lunabotics_ws/install/rover_autonomy/lib/python3.10/site-packages:${PYTHONPATH} /usr/bin/python3 -W ignore:setup.py install is deprecated -W ignore:easy_install command is deprecated setup.py egg_info --egg-base ../../build/rover_autonomy build --build-base /home/wade/lunabotics_ws/build/rover_autonomy/build install --record /home/wade/lunabotics_ws/build/rover_autonomy/install.log --single-version-externally-managed install_data
[0.602s] running egg_info
[0.614s] writing ../../build/rover_autonomy/rover_autonomy.egg-info/PKG-INFO
[0.615s] writing dependency_links to ../../build/rover_autonomy/rover_autonomy.egg-info/dependency_links.txt
[0.615s] writing entry points to ../../build/rover_autonomy/rover_autonomy.egg-info/entry_points.txt
[0.615s] writing requirements to ../../build/rover_autonomy/rover_autonomy.egg-info/requires.txt
[0.615s] writing top-level names to ../../build/rover_autonomy/rover_autonomy.egg-info/top_level.txt
[0.636s] reading manifest file '../../build/rover_autonomy/rover_autonomy.egg-info/SOURCES.txt'
[0.637s] writing manifest file '../../build/rover_autonomy/rover_autonomy.egg-info/SOURCES.txt'
[0.637s] running build
[0.637s] running build_py
[0.637s] copying rover_autonomy/__init__.py -> /home/wade/lunabotics_ws/build/rover_autonomy/build/lib/rover_autonomy
[0.637s] copying rover_autonomy/brain_node.py -> /home/wade/lunabotics_ws/build/rover_autonomy/build/lib/rover_autonomy
[0.637s] copying rover_autonomy/mock_rover.py -> /home/wade/lunabotics_ws/build/rover_autonomy/build/lib/rover_autonomy
[0.637s] running install
[0.640s] running install_lib
[0.650s] copying /home/wade/lunabotics_ws/build/rover_autonomy/build/lib/rover_autonomy/brain_node.py -> /home/wade/lunabotics_ws/install/rover_autonomy/lib/python3.10/site-packages/rover_autonomy
[0.650s] byte-compiling /home/wade/lunabotics_ws/install/rover_autonomy/lib/python3.10/site-packages/rover_autonomy/brain_node.py to brain_node.cpython-310.pyc
[0.651s] running install_data
[0.651s] copying resource/rover_autonomy -> /home/wade/lunabotics_ws/install/rover_autonomy/share/ament_index/resource_index/packages
[0.651s] copying package.xml -> /home/wade/lunabotics_ws/install/rover_autonomy/share/rover_autonomy
[0.651s] copying launch/launch_robot.launch.py -> /home/wade/lunabotics_ws/install/rover_autonomy/share/rover_autonomy/launch
[0.651s] copying urdf/assembled_robot.urdf -> /home/wade/lunabotics_ws/install/rover_autonomy/share/rover_autonomy/urdf
[0.651s] copying config/ros2_controllers.yaml -> /home/wade/lunabotics_ws/install/rover_autonomy/share/rover_autonomy/config
[0.651s] running install_egg_info
[0.662s] removing '/home/wade/lunabotics_ws/install/rover_autonomy/lib/python3.10/site-packages/rover_autonomy-0.0.0-py3.10.egg-info' (and everything under it)
[0.662s] Copying ../../build/rover_autonomy/rover_autonomy.egg-info to /home/wade/lunabotics_ws/install/rover_autonomy/lib/python3.10/site-packages/rover_autonomy-0.0.0-py3.10.egg-info
[0.663s] running install_scripts
[0.683s] Installing brain_node script to /home/wade/lunabotics_ws/install/rover_autonomy/lib/rover_autonomy
[0.683s] Installing mock_rover script to /home/wade/lunabotics_ws/install/rover_autonomy/lib/rover_autonomy
[0.683s] writing list of installed files to '/home/wade/lunabotics_ws/build/rover_autonomy/install.log'
[0.698s] Invoked command in '/home/wade/lunabotics_ws/src/rover_autonomy' returned '0': PYTHONPATH=/home/wade/lunabotics_ws/build/rover_autonomy/prefix_override:/usr/lib/python3/dist-packages/colcon_core/task/python/colcon_distutils_commands:/home/wade/lunabotics_ws/install/rover_autonomy/lib/python3.10/site-packages:${PYTHONPATH} /usr/bin/python3 -W ignore:setup.py install is deprecated -W ignore:easy_install command is deprecated setup.py egg_info --egg-base ../../build/rover_autonomy build --build-base /home/wade/lunabotics_ws/build/rover_autonomy/build install --record /home/wade/lunabotics_ws/build/rover_autonomy/install.log --single-version-externally-managed install_data
