[0.054s] Invoking command in '/home/ros2_ws/build/zed_display_rviz2': AMENT_PREFIX_PATH=/home/ros2_ws/install/zed_wrapper:/home/ros2_ws/install/zed_components:${AMENT_PREFIX_PATH} CMAKE_PREFIX_PATH=/home/ros2_ws/install/zed_wrapper:/home/ros2_ws/install/zed_components:/opt/ros/humble LD_LIBRARY_PATH=/home/ros2_ws/install/zed_components/lib:${LD_LIBRARY_PATH} /usr/bin/cmake /home/ros2_ws/src/zed-ros2-examples/zed_display_rviz2 -DCMAKE_INSTALL_PREFIX=/home/ros2_ws/install/zed_display_rviz2
[0.231s] -- The C compiler identification is GNU 11.4.0
[0.434s] -- The CXX compiler identification is GNU 11.4.0
[0.453s] -- Detecting C compiler ABI info
[0.733s] -- Detecting C compiler ABI info - done
[0.754s] -- Check for working C compiler: /usr/bin/cc - skipped
[0.754s] -- Detecting C compile features
[0.755s] -- Detecting C compile features - done
[0.763s] -- Detecting CXX compiler ABI info
[1.091s] -- Detecting CXX compiler ABI info - done
[1.134s] -- Check for working CXX compiler: /usr/bin/c++ - skipped
[1.134s] -- Detecting CXX compile features
[1.135s] -- Detecting CXX compile features - done
[1.148s] -- Found ament_cmake_auto: 1.3.12 (/opt/ros/humble/share/ament_cmake_auto/cmake)
[1.874s] -- Found Python3: /usr/bin/python3 (found version "3.10.12") found components: Interpreter 
[2.550s] -- Found ament_lint_auto: 0.12.14 (/opt/ros/humble/share/ament_lint_auto/cmake)
[2.632s] -- Added test 'copyright' to check source files copyright and LICENSE
[2.650s] -- Added test 'flake8' to check Python code syntax and style conventions
[2.653s] -- Added test 'lint_cmake' to check CMake code style
[2.657s] -- Added test 'pep257' to check Python code against some of the docstring style conventions in PEP 257
[2.660s] -- Added test 'xmllint' to check XML markup files
[2.665s] -- Configuring done
[2.683s] -- Generating done
[2.692s] -- Build files have been written to: /home/ros2_ws/build/zed_display_rviz2
[2.729s] Invoked command in '/home/ros2_ws/build/zed_display_rviz2' returned '0': AMENT_PREFIX_PATH=/home/ros2_ws/install/zed_wrapper:/home/ros2_ws/install/zed_components:${AMENT_PREFIX_PATH} CMAKE_PREFIX_PATH=/home/ros2_ws/install/zed_wrapper:/home/ros2_ws/install/zed_components:/opt/ros/humble LD_LIBRARY_PATH=/home/ros2_ws/install/zed_components/lib:${LD_LIBRARY_PATH} /usr/bin/cmake /home/ros2_ws/src/zed-ros2-examples/zed_display_rviz2 -DCMAKE_INSTALL_PREFIX=/home/ros2_ws/install/zed_display_rviz2
[2.745s] Invoking command in '/home/ros2_ws/build/zed_display_rviz2': AMENT_PREFIX_PATH=/home/ros2_ws/install/zed_wrapper:/home/ros2_ws/install/zed_components:${AMENT_PREFIX_PATH} CMAKE_PREFIX_PATH=/home/ros2_ws/install/zed_wrapper:/home/ros2_ws/install/zed_components:/opt/ros/humble LD_LIBRARY_PATH=/home/ros2_ws/install/zed_components/lib:${LD_LIBRARY_PATH} /usr/bin/cmake --build /home/ros2_ws/build/zed_display_rviz2 -- -j6 -l6
[2.914s] Invoked command in '/home/ros2_ws/build/zed_display_rviz2' returned '0': AMENT_PREFIX_PATH=/home/ros2_ws/install/zed_wrapper:/home/ros2_ws/install/zed_components:${AMENT_PREFIX_PATH} CMAKE_PREFIX_PATH=/home/ros2_ws/install/zed_wrapper:/home/ros2_ws/install/zed_components:/opt/ros/humble LD_LIBRARY_PATH=/home/ros2_ws/install/zed_components/lib:${LD_LIBRARY_PATH} /usr/bin/cmake --build /home/ros2_ws/build/zed_display_rviz2 -- -j6 -l6
[2.915s] Invoking command in '/home/ros2_ws/build/zed_display_rviz2': AMENT_PREFIX_PATH=/home/ros2_ws/install/zed_wrapper:/home/ros2_ws/install/zed_components:${AMENT_PREFIX_PATH} CMAKE_PREFIX_PATH=/home/ros2_ws/install/zed_wrapper:/home/ros2_ws/install/zed_components:/opt/ros/humble LD_LIBRARY_PATH=/home/ros2_ws/install/zed_components/lib:${LD_LIBRARY_PATH} /usr/bin/cmake --install /home/ros2_ws/build/zed_display_rviz2
[2.974s] -- Install configuration: ""
[2.975s] -- Installing: /home/ros2_ws/install/zed_display_rviz2/share/zed_display_rviz2/launch
[2.975s] -- Installing: /home/ros2_ws/install/zed_display_rviz2/share/zed_display_rviz2/launch/display_zed_cam.launch.py
[2.976s] -- Installing: /home/ros2_ws/install/zed_display_rviz2/share/zed_display_rviz2/rviz2
[2.976s] -- Installing: /home/ros2_ws/install/zed_display_rviz2/share/zed_display_rviz2/rviz2/zed_stereo.rviz
[2.980s] -- Installing: /home/ros2_ws/install/zed_display_rviz2/share/zed_display_rviz2/rviz2/zed_mono.rviz
[2.988s] -- Installing: /home/ros2_ws/install/zed_display_rviz2/share/ament_index/resource_index/package_run_dependencies/zed_display_rviz2
[2.988s] -- Installing: /home/ros2_ws/install/zed_display_rviz2/share/ament_index/resource_index/parent_prefix_path/zed_display_rviz2
[2.989s] -- Installing: /home/ros2_ws/install/zed_display_rviz2/share/zed_display_rviz2/environment/ament_prefix_path.sh
[2.990s] -- Installing: /home/ros2_ws/install/zed_display_rviz2/share/zed_display_rviz2/environment/ament_prefix_path.dsv
[2.990s] -- Installing: /home/ros2_ws/install/zed_display_rviz2/share/zed_display_rviz2/environment/path.sh
[2.991s] -- Installing: /home/ros2_ws/install/zed_display_rviz2/share/zed_display_rviz2/environment/path.dsv
[2.991s] -- Installing: /home/ros2_ws/install/zed_display_rviz2/share/zed_display_rviz2/local_setup.bash
[2.991s] -- Installing: /home/ros2_ws/install/zed_display_rviz2/share/zed_display_rviz2/local_setup.sh
[2.992s] -- Installing: /home/ros2_ws/install/zed_display_rviz2/share/zed_display_rviz2/local_setup.zsh
[2.992s] -- Installing: /home/ros2_ws/install/zed_display_rviz2/share/zed_display_rviz2/local_setup.dsv
[2.992s] -- Installing: /home/ros2_ws/install/zed_display_rviz2/share/zed_display_rviz2/package.dsv
[2.994s] -- Installing: /home/ros2_ws/install/zed_display_rviz2/share/ament_index/resource_index/packages/zed_display_rviz2
[2.994s] -- Installing: /home/ros2_ws/install/zed_display_rviz2/share/zed_display_rviz2/cmake/zed_display_rviz2Config.cmake
[2.994s] -- Installing: /home/ros2_ws/install/zed_display_rviz2/share/zed_display_rviz2/cmake/zed_display_rviz2Config-version.cmake
[2.994s] -- Installing: /home/ros2_ws/install/zed_display_rviz2/share/zed_display_rviz2/package.xml
[3.052s] Invoked command in '/home/ros2_ws/build/zed_display_rviz2' returned '0': AMENT_PREFIX_PATH=/home/ros2_ws/install/zed_wrapper:/home/ros2_ws/install/zed_components:${AMENT_PREFIX_PATH} CMAKE_PREFIX_PATH=/home/ros2_ws/install/zed_wrapper:/home/ros2_ws/install/zed_components:/opt/ros/humble LD_LIBRARY_PATH=/home/ros2_ws/install/zed_components/lib:${LD_LIBRARY_PATH} /usr/bin/cmake --install /home/ros2_ws/build/zed_display_rviz2
