running egg_info
creating ../../build/rover_autonomy/rover_autonomy.egg-info
writing ../../build/rover_autonomy/rover_autonomy.egg-info/PKG-INFO
writing dependency_links to ../../build/rover_autonomy/rover_autonomy.egg-info/dependency_links.txt
writing entry points to ../../build/rover_autonomy/rover_autonomy.egg-info/entry_points.txt
writing requirements to ../../build/rover_autonomy/rover_autonomy.egg-info/requires.txt
writing top-level names to ../../build/rover_autonomy/rover_autonomy.egg-info/top_level.txt
writing manifest file '../../build/rover_autonomy/rover_autonomy.egg-info/SOURCES.txt'
reading manifest file '../../build/rover_autonomy/rover_autonomy.egg-info/SOURCES.txt'
writing manifest file '../../build/rover_autonomy/rover_autonomy.egg-info/SOURCES.txt'
running build
running build_py
creating /home/wade/lunabotics_ws/build/rover_autonomy/build/lib/rover_autonomy
copying rover_autonomy/__init__.py -> /home/wade/lunabotics_ws/build/rover_autonomy/build/lib/rover_autonomy
copying rover_autonomy/brain_node.py -> /home/wade/lunabotics_ws/build/rover_autonomy/build/lib/rover_autonomy
running install
running install_lib
creating /home/wade/lunabotics_ws/install/rover_autonomy/lib/python3.10/site-packages/rover_autonomy
copying /home/wade/lunabotics_ws/build/rover_autonomy/build/lib/rover_autonomy/__init__.py -> /home/wade/lunabotics_ws/install/rover_autonomy/lib/python3.10/site-packages/rover_autonomy
copying /home/wade/lunabotics_ws/build/rover_autonomy/build/lib/rover_autonomy/brain_node.py -> /home/wade/lunabotics_ws/install/rover_autonomy/lib/python3.10/site-packages/rover_autonomy
byte-compiling /home/wade/lunabotics_ws/install/rover_autonomy/lib/python3.10/site-packages/rover_autonomy/__init__.py to __init__.cpython-310.pyc
byte-compiling /home/wade/lunabotics_ws/install/rover_autonomy/lib/python3.10/site-packages/rover_autonomy/brain_node.py to brain_node.cpython-310.pyc
running install_data
creating /home/wade/lunabotics_ws/install/rover_autonomy/share/ament_index/resource_index/packages
copying resource/rover_autonomy -> /home/wade/lunabotics_ws/install/rover_autonomy/share/ament_index/resource_index/packages
copying package.xml -> /home/wade/lunabotics_ws/install/rover_autonomy/share/rover_autonomy
creating /home/wade/lunabotics_ws/install/rover_autonomy/share/rover_autonomy/launch
copying launch/launch_robot.launch.py -> /home/wade/lunabotics_ws/install/rover_autonomy/share/rover_autonomy/launch
creating /home/wade/lunabotics_ws/install/rover_autonomy/share/rover_autonomy/urdf
copying urdf/assembled_robot.urdf -> /home/wade/lunabotics_ws/install/rover_autonomy/share/rover_autonomy/urdf
creating /home/wade/lunabotics_ws/install/rover_autonomy/share/rover_autonomy/config
copying config/ros2_controllers.yaml -> /home/wade/lunabotics_ws/install/rover_autonomy/share/rover_autonomy/config
running install_egg_info
Copying ../../build/rover_autonomy/rover_autonomy.egg-info to /home/wade/lunabotics_ws/install/rover_autonomy/lib/python3.10/site-packages/rover_autonomy-0.0.0-py3.10.egg-info
running install_scripts
Installing brain_node script to /home/wade/lunabotics_ws/install/rover_autonomy/lib/rover_autonomy
writing list of installed files to '/home/wade/lunabotics_ws/build/rover_autonomy/install.log'
