[0.433s] Invoking command in '/home/wade/lunabotics_ws/src/rover_autonomy': PYTHONPATH=/home/wade/lunabotics_ws/build/rover_autonomy/prefix_override:/usr/lib/python3/dist-packages/colcon_core/task/python/colcon_distutils_commands:/home/wade/lunabotics_ws/install/rover_autonomy/lib/python3.10/site-packages:${PYTHONPATH} /usr/bin/python3 -W ignore:setup.py install is deprecated -W ignore:easy_install command is deprecated setup.py egg_info --egg-base ../../build/rover_autonomy build --build-base /home/wade/lunabotics_ws/build/rover_autonomy/build install --record /home/wade/lunabotics_ws/build/rover_autonomy/install.log --single-version-externally-managed install_data
[0.586s] running egg_info
[0.595s] creating ../../build/rover_autonomy/rover_autonomy.egg-info
[0.595s] writing ../../build/rover_autonomy/rover_autonomy.egg-info/PKG-INFO
[0.595s] writing dependency_links to ../../build/rover_autonomy/rover_autonomy.egg-info/dependency_links.txt
[0.596s] writing entry points to ../../build/rover_autonomy/rover_autonomy.egg-info/entry_points.txt
[0.596s] writing requirements to ../../build/rover_autonomy/rover_autonomy.egg-info/requires.txt
[0.596s] writing top-level names to ../../build/rover_autonomy/rover_autonomy.egg-info/top_level.txt
[0.596s] writing manifest file '../../build/rover_autonomy/rover_autonomy.egg-info/SOURCES.txt'
[0.616s] reading manifest file '../../build/rover_autonomy/rover_autonomy.egg-info/SOURCES.txt'
[0.616s] writing manifest file '../../build/rover_autonomy/rover_autonomy.egg-info/SOURCES.txt'
[0.616s] running build
[0.616s] running build_py
[0.617s] creating /home/wade/lunabotics_ws/build/rover_autonomy/build/lib/rover_autonomy
[0.617s] copying rover_autonomy/__init__.py -> /home/wade/lunabotics_ws/build/rover_autonomy/build/lib/rover_autonomy
[0.617s] copying rover_autonomy/brain_node.py -> /home/wade/lunabotics_ws/build/rover_autonomy/build/lib/rover_autonomy
[0.617s] running install
[0.619s] running install_lib
[0.629s] creating /home/wade/lunabotics_ws/install/rover_autonomy/lib/python3.10/site-packages/rover_autonomy
[0.629s] copying /home/wade/lunabotics_ws/build/rover_autonomy/build/lib/rover_autonomy/__init__.py -> /home/wade/lunabotics_ws/install/rover_autonomy/lib/python3.10/site-packages/rover_autonomy
[0.629s] copying /home/wade/lunabotics_ws/build/rover_autonomy/build/lib/rover_autonomy/brain_node.py -> /home/wade/lunabotics_ws/install/rover_autonomy/lib/python3.10/site-packages/rover_autonomy
[0.629s] byte-compiling /home/wade/lunabotics_ws/install/rover_autonomy/lib/python3.10/site-packages/rover_autonomy/__init__.py to __init__.cpython-310.pyc
[0.629s] byte-compiling /home/wade/lunabotics_ws/install/rover_autonomy/lib/python3.10/site-packages/rover_autonomy/brain_node.py to brain_node.cpython-310.pyc
[0.630s] running install_data
[0.630s] creating /home/wade/lunabotics_ws/install/rover_autonomy/share/ament_index/resource_index/packages
[0.630s] copying resource/rover_autonomy -> /home/wade/lunabotics_ws/install/rover_autonomy/share/ament_index/resource_index/packages
[0.630s] copying package.xml -> /home/wade/lunabotics_ws/install/rover_autonomy/share/rover_autonomy
[0.630s] creating /home/wade/lunabotics_ws/install/rover_autonomy/share/rover_autonomy/launch
[0.630s] copying launch/launch_robot.launch.py -> /home/wade/lunabotics_ws/install/rover_autonomy/share/rover_autonomy/launch
[0.630s] creating /home/wade/lunabotics_ws/install/rover_autonomy/share/rover_autonomy/urdf
[0.630s] copying urdf/assembled_robot.urdf -> /home/wade/lunabotics_ws/install/rover_autonomy/share/rover_autonomy/urdf
[0.630s] creating /home/wade/lunabotics_ws/install/rover_autonomy/share/rover_autonomy/config
[0.631s] copying config/ros2_controllers.yaml -> /home/wade/lunabotics_ws/install/rover_autonomy/share/rover_autonomy/config
[0.631s] running install_egg_info
[0.643s] Copying ../../build/rover_autonomy/rover_autonomy.egg-info to /home/wade/lunabotics_ws/install/rover_autonomy/lib/python3.10/site-packages/rover_autonomy-0.0.0-py3.10.egg-info
[0.643s] running install_scripts
[0.664s] Installing brain_node script to /home/wade/lunabotics_ws/install/rover_autonomy/lib/rover_autonomy
[0.664s] writing list of installed files to '/home/wade/lunabotics_ws/build/rover_autonomy/install.log'
[0.679s] Invoked command in '/home/wade/lunabotics_ws/src/rover_autonomy' returned '0': PYTHONPATH=/home/wade/lunabotics_ws/build/rover_autonomy/prefix_override:/usr/lib/python3/dist-packages/colcon_core/task/python/colcon_distutils_commands:/home/wade/lunabotics_ws/install/rover_autonomy/lib/python3.10/site-packages:${PYTHONPATH} /usr/bin/python3 -W ignore:setup.py install is deprecated -W ignore:easy_install command is deprecated setup.py egg_info --egg-base ../../build/rover_autonomy build --build-base /home/wade/lunabotics_ws/build/rover_autonomy/build install --record /home/wade/lunabotics_ws/build/rover_autonomy/install.log --single-version-externally-managed install_data
