[0.100s] Invoking command in '/home/ros2_ws/build/zed_depth_to_laserscan': AMENT_PREFIX_PATH=/home/ros2_ws/install/zed_wrapper:/home/ros2_ws/install/zed_components:${AMENT_PREFIX_PATH} CMAKE_PREFIX_PATH=/home/ros2_ws/install/zed_wrapper:/home/ros2_ws/install/zed_components:/opt/ros/humble LD_LIBRARY_PATH=/home/ros2_ws/install/zed_components/lib:${LD_LIBRARY_PATH} /usr/bin/cmake /home/ros2_ws/src/zed-ros2-examples/examples/zed_depth_to_laserscan -DCMAKE_INSTALL_PREFIX=/home/ros2_ws/install/zed_depth_to_laserscan
[0.345s] -- The C compiler identification is GNU 11.4.0
[0.519s] -- The CXX compiler identification is GNU 11.4.0
[0.560s] -- Detecting C compiler ABI info
[0.804s] -- Detecting C compiler ABI info - done
[0.821s] -- Check for working C compiler: /usr/bin/cc - skipped
[0.833s] -- Detecting C compile features
[0.833s] -- Detecting C compile features - done
[0.869s] -- Detecting CXX compiler ABI info
[1.255s] -- Detecting CXX compiler ABI info - done
[1.290s] -- Check for working CXX compiler: /usr/bin/c++ - skipped
[1.290s] -- Detecting CXX compile features
[1.291s] -- Detecting CXX compile features - done
[1.296s] -- Found ament_cmake_auto: 1.3.12 (/opt/ros/humble/share/ament_cmake_auto/cmake)
[2.079s] -- Found Python3: /usr/bin/python3 (found version "3.10.12") found components: Interpreter 
[2.813s] -- Found rosidl_generator_c: 3.1.7 (/opt/ros/humble/share/rosidl_generator_c/cmake)
[2.822s] -- Found rosidl_adapter: 3.1.7 (/opt/ros/humble/share/rosidl_adapter/cmake)
[2.843s] -- Found rosidl_generator_cpp: 3.1.7 (/opt/ros/humble/share/rosidl_generator_cpp/cmake)
[2.875s] -- Using all available rosidl_typesupport_c: rosidl_typesupport_fastrtps_c;rosidl_typesupport_introspection_c
[2.929s] -- Using all available rosidl_typesupport_cpp: rosidl_typesupport_fastrtps_cpp;rosidl_typesupport_introspection_cpp
[3.053s] -- Found rmw_implementation_cmake: 6.1.2 (/opt/ros/humble/share/rmw_implementation_cmake/cmake)
[3.059s] -- Found rmw_fastrtps_cpp: 6.2.9 (/opt/ros/humble/share/rmw_fastrtps_cpp/cmake)
[3.539s] -- Found OpenSSL: /usr/lib/aarch64-linux-gnu/libcrypto.so (found version "3.0.2")  
[3.637s] -- Found FastRTPS: /opt/ros/humble/include  
[3.830s] -- Using RMW implementation 'rmw_fastrtps_cpp' as default
[3.872s] -- Looking for pthread.h
[4.201s] -- Looking for pthread.h - found
[4.204s] -- Performing Test CMAKE_HAVE_LIBC_PTHREAD
[4.552s] -- Performing Test CMAKE_HAVE_LIBC_PTHREAD - Success
[4.552s] -- Found Threads: TRUE  
[5.153s] -- Found eigen3_cmake_module: 0.1.1 (/opt/ros/humble/share/eigen3_cmake_module/cmake)
[5.157s] -- Found Eigen3: TRUE (found version "3.4.0") 
[5.157s] -- Ensuring Eigen3 include directory is part of orocos-kdl CMake target
[5.747s] -- Found zed_wrapper: 5.1.0 (/home/ros2_ws/install/zed_wrapper/share/zed_wrapper/cmake)
[5.755s] -- Found ament_lint_auto: 0.12.14 (/opt/ros/humble/share/ament_lint_auto/cmake)
[5.839s] -- Added test 'copyright' to check source files copyright and LICENSE
[5.844s] -- Added test 'flake8' to check Python code syntax and style conventions
[5.846s] -- Added test 'lint_cmake' to check CMake code style
[5.848s] -- Added test 'pep257' to check Python code against some of the docstring style conventions in PEP 257
[5.851s] -- Added test 'xmllint' to check XML markup files
[5.859s] -- Configuring done
[5.890s] -- Generating done
[5.901s] -- Build files have been written to: /home/ros2_ws/build/zed_depth_to_laserscan
[6.045s] Invoked command in '/home/ros2_ws/build/zed_depth_to_laserscan' returned '0': AMENT_PREFIX_PATH=/home/ros2_ws/install/zed_wrapper:/home/ros2_ws/install/zed_components:${AMENT_PREFIX_PATH} CMAKE_PREFIX_PATH=/home/ros2_ws/install/zed_wrapper:/home/ros2_ws/install/zed_components:/opt/ros/humble LD_LIBRARY_PATH=/home/ros2_ws/install/zed_components/lib:${LD_LIBRARY_PATH} /usr/bin/cmake /home/ros2_ws/src/zed-ros2-examples/examples/zed_depth_to_laserscan -DCMAKE_INSTALL_PREFIX=/home/ros2_ws/install/zed_depth_to_laserscan
[6.046s] Invoking command in '/home/ros2_ws/build/zed_depth_to_laserscan': AMENT_PREFIX_PATH=/home/ros2_ws/install/zed_wrapper:/home/ros2_ws/install/zed_components:${AMENT_PREFIX_PATH} CMAKE_PREFIX_PATH=/home/ros2_ws/install/zed_wrapper:/home/ros2_ws/install/zed_components:/opt/ros/humble LD_LIBRARY_PATH=/home/ros2_ws/install/zed_components/lib:${LD_LIBRARY_PATH} /usr/bin/cmake --build /home/ros2_ws/build/zed_depth_to_laserscan -- -j6 -l6
[6.249s] Invoked command in '/home/ros2_ws/build/zed_depth_to_laserscan' returned '0': AMENT_PREFIX_PATH=/home/ros2_ws/install/zed_wrapper:/home/ros2_ws/install/zed_components:${AMENT_PREFIX_PATH} CMAKE_PREFIX_PATH=/home/ros2_ws/install/zed_wrapper:/home/ros2_ws/install/zed_components:/opt/ros/humble LD_LIBRARY_PATH=/home/ros2_ws/install/zed_components/lib:${LD_LIBRARY_PATH} /usr/bin/cmake --build /home/ros2_ws/build/zed_depth_to_laserscan -- -j6 -l6
[6.264s] Invoking command in '/home/ros2_ws/build/zed_depth_to_laserscan': AMENT_PREFIX_PATH=/home/ros2_ws/install/zed_wrapper:/home/ros2_ws/install/zed_components:${AMENT_PREFIX_PATH} CMAKE_PREFIX_PATH=/home/ros2_ws/install/zed_wrapper:/home/ros2_ws/install/zed_components:/opt/ros/humble LD_LIBRARY_PATH=/home/ros2_ws/install/zed_components/lib:${LD_LIBRARY_PATH} /usr/bin/cmake --install /home/ros2_ws/build/zed_depth_to_laserscan
[6.286s] -- Install configuration: ""
[6.286s] -- Installing: /home/ros2_ws/install/zed_depth_to_laserscan/share/zed_depth_to_laserscan/launch
[6.286s] -- Installing: /home/ros2_ws/install/zed_depth_to_laserscan/share/zed_depth_to_laserscan/launch/zed_depth_to_laserscan.launch.py
[6.287s] -- Installing: /home/ros2_ws/install/zed_depth_to_laserscan/share/zed_depth_to_laserscan/config
[6.287s] -- Installing: /home/ros2_ws/install/zed_depth_to_laserscan/share/zed_depth_to_laserscan/config/zed_depth_to_laserscan.yaml
[6.288s] -- Installing: /home/ros2_ws/install/zed_depth_to_laserscan/share/zed_depth_to_laserscan/rviz2
[6.288s] -- Installing: /home/ros2_ws/install/zed_depth_to_laserscan/share/zed_depth_to_laserscan/rviz2/zed_depth_to_laserscan.rviz
[6.290s] -- Installing: /home/ros2_ws/install/zed_depth_to_laserscan/share/ament_index/resource_index/package_run_dependencies/zed_depth_to_laserscan
[6.297s] -- Installing: /home/ros2_ws/install/zed_depth_to_laserscan/share/ament_index/resource_index/parent_prefix_path/zed_depth_to_laserscan
[6.298s] -- Installing: /home/ros2_ws/install/zed_depth_to_laserscan/share/zed_depth_to_laserscan/environment/ament_prefix_path.sh
[6.298s] -- Installing: /home/ros2_ws/install/zed_depth_to_laserscan/share/zed_depth_to_laserscan/environment/ament_prefix_path.dsv
[6.298s] -- Installing: /home/ros2_ws/install/zed_depth_to_laserscan/share/zed_depth_to_laserscan/environment/path.sh
[6.298s] -- Installing: /home/ros2_ws/install/zed_depth_to_laserscan/share/zed_depth_to_laserscan/environment/path.dsv
[6.298s] -- Installing: /home/ros2_ws/install/zed_depth_to_laserscan/share/zed_depth_to_laserscan/local_setup.bash
[6.299s] -- Installing: /home/ros2_ws/install/zed_depth_to_laserscan/share/zed_depth_to_laserscan/local_setup.sh
[6.299s] -- Installing: /home/ros2_ws/install/zed_depth_to_laserscan/share/zed_depth_to_laserscan/local_setup.zsh
[6.299s] -- Installing: /home/ros2_ws/install/zed_depth_to_laserscan/share/zed_depth_to_laserscan/local_setup.dsv
[6.299s] -- Installing: /home/ros2_ws/install/zed_depth_to_laserscan/share/zed_depth_to_laserscan/package.dsv
[6.299s] -- Installing: /home/ros2_ws/install/zed_depth_to_laserscan/share/ament_index/resource_index/packages/zed_depth_to_laserscan
[6.299s] -- Installing: /home/ros2_ws/install/zed_depth_to_laserscan/share/zed_depth_to_laserscan/cmake/zed_depth_to_laserscanConfig.cmake
[6.299s] -- Installing: /home/ros2_ws/install/zed_depth_to_laserscan/share/zed_depth_to_laserscan/cmake/zed_depth_to_laserscanConfig-version.cmake
[6.299s] -- Installing: /home/ros2_ws/install/zed_depth_to_laserscan/share/zed_depth_to_laserscan/package.xml
[6.378s] Invoked command in '/home/ros2_ws/build/zed_depth_to_laserscan' returned '0': AMENT_PREFIX_PATH=/home/ros2_ws/install/zed_wrapper:/home/ros2_ws/install/zed_components:${AMENT_PREFIX_PATH} CMAKE_PREFIX_PATH=/home/ros2_ws/install/zed_wrapper:/home/ros2_ws/install/zed_components:/opt/ros/humble LD_LIBRARY_PATH=/home/ros2_ws/install/zed_components/lib:${LD_LIBRARY_PATH} /usr/bin/cmake --install /home/ros2_ws/build/zed_depth_to_laserscan
