[0.058s] Invoking command in '/home/ros2_ws/build/zed_isaac_ros_april_tag': AMENT_PREFIX_PATH=/home/ros2_ws/install/zed_wrapper:/home/ros2_ws/install/zed_components:${AMENT_PREFIX_PATH} CMAKE_PREFIX_PATH=/home/ros2_ws/install/zed_wrapper:/home/ros2_ws/install/zed_components:/opt/ros/humble LD_LIBRARY_PATH=/home/ros2_ws/install/zed_components/lib:${LD_LIBRARY_PATH} /usr/bin/cmake /home/ros2_ws/src/zed-ros2-examples/isaac_ros/zed_isaac_ros_april_tag -DCMAKE_INSTALL_PREFIX=/home/ros2_ws/install/zed_isaac_ros_april_tag
[0.548s] -- The C compiler identification is GNU 11.4.0
[0.549s] -- The CXX compiler identification is GNU 11.4.0
[0.549s] -- Detecting C compiler ABI info
[0.737s] -- Detecting C compiler ABI info - done
[0.771s] -- Check for working C compiler: /usr/bin/cc - skipped
[0.772s] -- Detecting C compile features
[0.773s] -- Detecting C compile features - done
[0.796s] -- Detecting CXX compiler ABI info
[1.186s] -- Detecting CXX compiler ABI info - done
[1.214s] -- Check for working CXX compiler: /usr/bin/c++ - skipped
[1.214s] -- Detecting CXX compile features
[1.217s] -- Detecting CXX compile features - done
[1.222s] -- Found ament_cmake_auto: 1.3.12 (/opt/ros/humble/share/ament_cmake_auto/cmake)
[1.751s] -- Found Python3: /usr/bin/python3 (found version "3.10.12") found components: Interpreter 
[2.504s] -- Found rosidl_generator_c: 3.1.7 (/opt/ros/humble/share/rosidl_generator_c/cmake)
[2.518s] -- Found rosidl_adapter: 3.1.7 (/opt/ros/humble/share/rosidl_adapter/cmake)
[2.553s] -- Found rosidl_generator_cpp: 3.1.7 (/opt/ros/humble/share/rosidl_generator_cpp/cmake)
[2.603s] -- Using all available rosidl_typesupport_c: rosidl_typesupport_fastrtps_c;rosidl_typesupport_introspection_c
[2.672s] -- Using all available rosidl_typesupport_cpp: rosidl_typesupport_fastrtps_cpp;rosidl_typesupport_introspection_cpp
[2.826s] -- Configuring done
[2.888s] -- Generating done
[2.898s] -- Build files have been written to: /home/ros2_ws/build/zed_isaac_ros_april_tag
[3.087s] Invoked command in '/home/ros2_ws/build/zed_isaac_ros_april_tag' returned '0': AMENT_PREFIX_PATH=/home/ros2_ws/install/zed_wrapper:/home/ros2_ws/install/zed_components:${AMENT_PREFIX_PATH} CMAKE_PREFIX_PATH=/home/ros2_ws/install/zed_wrapper:/home/ros2_ws/install/zed_components:/opt/ros/humble LD_LIBRARY_PATH=/home/ros2_ws/install/zed_components/lib:${LD_LIBRARY_PATH} /usr/bin/cmake /home/ros2_ws/src/zed-ros2-examples/isaac_ros/zed_isaac_ros_april_tag -DCMAKE_INSTALL_PREFIX=/home/ros2_ws/install/zed_isaac_ros_april_tag
[3.096s] Invoking command in '/home/ros2_ws/build/zed_isaac_ros_april_tag': AMENT_PREFIX_PATH=/home/ros2_ws/install/zed_wrapper:/home/ros2_ws/install/zed_components:${AMENT_PREFIX_PATH} CMAKE_PREFIX_PATH=/home/ros2_ws/install/zed_wrapper:/home/ros2_ws/install/zed_components:/opt/ros/humble LD_LIBRARY_PATH=/home/ros2_ws/install/zed_components/lib:${LD_LIBRARY_PATH} /usr/bin/cmake --build /home/ros2_ws/build/zed_isaac_ros_april_tag -- -j6 -l6
[3.350s] Invoked command in '/home/ros2_ws/build/zed_isaac_ros_april_tag' returned '0': AMENT_PREFIX_PATH=/home/ros2_ws/install/zed_wrapper:/home/ros2_ws/install/zed_components:${AMENT_PREFIX_PATH} CMAKE_PREFIX_PATH=/home/ros2_ws/install/zed_wrapper:/home/ros2_ws/install/zed_components:/opt/ros/humble LD_LIBRARY_PATH=/home/ros2_ws/install/zed_components/lib:${LD_LIBRARY_PATH} /usr/bin/cmake --build /home/ros2_ws/build/zed_isaac_ros_april_tag -- -j6 -l6
[3.356s] Invoking command in '/home/ros2_ws/build/zed_isaac_ros_april_tag': AMENT_PREFIX_PATH=/home/ros2_ws/install/zed_wrapper:/home/ros2_ws/install/zed_components:${AMENT_PREFIX_PATH} CMAKE_PREFIX_PATH=/home/ros2_ws/install/zed_wrapper:/home/ros2_ws/install/zed_components:/opt/ros/humble LD_LIBRARY_PATH=/home/ros2_ws/install/zed_components/lib:${LD_LIBRARY_PATH} /usr/bin/cmake --install /home/ros2_ws/build/zed_isaac_ros_april_tag
[5.421s] -- Install configuration: ""
[5.422s] -- Installing: /home/ros2_ws/install/zed_isaac_ros_april_tag/share/ament_index/resource_index/package_run_dependencies/zed_isaac_ros_april_tag
[5.422s] -- Installing: /home/ros2_ws/install/zed_isaac_ros_april_tag/share/ament_index/resource_index/parent_prefix_path/zed_isaac_ros_april_tag
[5.422s] -- Installing: /home/ros2_ws/install/zed_isaac_ros_april_tag/share/zed_isaac_ros_april_tag/environment/ament_prefix_path.sh
[5.422s] -- Installing: /home/ros2_ws/install/zed_isaac_ros_april_tag/share/zed_isaac_ros_april_tag/environment/ament_prefix_path.dsv
[5.422s] -- Installing: /home/ros2_ws/install/zed_isaac_ros_april_tag/share/zed_isaac_ros_april_tag/environment/path.sh
[5.423s] -- Installing: /home/ros2_ws/install/zed_isaac_ros_april_tag/share/zed_isaac_ros_april_tag/environment/path.dsv
[5.423s] -- Installing: /home/ros2_ws/install/zed_isaac_ros_april_tag/share/zed_isaac_ros_april_tag/local_setup.bash
[5.423s] -- Installing: /home/ros2_ws/install/zed_isaac_ros_april_tag/share/zed_isaac_ros_april_tag/local_setup.sh
[5.423s] -- Installing: /home/ros2_ws/install/zed_isaac_ros_april_tag/share/zed_isaac_ros_april_tag/local_setup.zsh
[5.423s] -- Installing: /home/ros2_ws/install/zed_isaac_ros_april_tag/share/zed_isaac_ros_april_tag/local_setup.dsv
[5.423s] -- Installing: /home/ros2_ws/install/zed_isaac_ros_april_tag/share/zed_isaac_ros_april_tag/package.dsv
[5.424s] -- Installing: /home/ros2_ws/install/zed_isaac_ros_april_tag/share/ament_index/resource_index/packages/zed_isaac_ros_april_tag
[5.424s] -- Installing: /home/ros2_ws/install/zed_isaac_ros_april_tag/share/zed_isaac_ros_april_tag/cmake/zed_isaac_ros_april_tagConfig.cmake
[5.424s] -- Installing: /home/ros2_ws/install/zed_isaac_ros_april_tag/share/zed_isaac_ros_april_tag/cmake/zed_isaac_ros_april_tagConfig-version.cmake
[5.424s] -- Installing: /home/ros2_ws/install/zed_isaac_ros_april_tag/share/zed_isaac_ros_april_tag/package.xml
[5.453s] Invoked command in '/home/ros2_ws/build/zed_isaac_ros_april_tag' returned '0': AMENT_PREFIX_PATH=/home/ros2_ws/install/zed_wrapper:/home/ros2_ws/install/zed_components:${AMENT_PREFIX_PATH} CMAKE_PREFIX_PATH=/home/ros2_ws/install/zed_wrapper:/home/ros2_ws/install/zed_components:/opt/ros/humble LD_LIBRARY_PATH=/home/ros2_ws/install/zed_components/lib:${LD_LIBRARY_PATH} /usr/bin/cmake --install /home/ros2_ws/build/zed_isaac_ros_april_tag
