/home/wade/lunabotics_ws/install/rover_autonomy/lib/python3.10/site-packages/rover_autonomy/__init__.py
/home/wade/lunabotics_ws/install/rover_autonomy/lib/python3.10/site-packages/rover_autonomy/brain_node.py
/home/wade/lunabotics_ws/install/rover_autonomy/lib/python3.10/site-packages/rover_autonomy/mock_rover.py
/home/wade/lunabotics_ws/install/rover_autonomy/lib/python3.10/site-packages/rover_autonomy/__pycache__/__init__.cpython-310.pyc
/home/wade/lunabotics_ws/install/rover_autonomy/lib/python3.10/site-packages/rover_autonomy/__pycache__/brain_node.cpython-310.pyc
/home/wade/lunabotics_ws/install/rover_autonomy/lib/python3.10/site-packages/rover_autonomy/__pycache__/mock_rover.cpython-310.pyc
/home/wade/lunabotics_ws/install/rover_autonomy/share/ament_index/resource_index/packages/rover_autonomy
/home/wade/lunabotics_ws/install/rover_autonomy/share/rover_autonomy/package.xml
/home/wade/lunabotics_ws/install/rover_autonomy/share/rover_autonomy/launch/launch_robot.launch.py
/home/wade/lunabotics_ws/install/rover_autonomy/share/rover_autonomy/urdf/assembled_robot.urdf
/home/wade/lunabotics_ws/install/rover_autonomy/share/rover_autonomy/config/ros2_controllers.yaml
/home/wade/lunabotics_ws/install/rover_autonomy/lib/python3.10/site-packages/rover_autonomy-0.0.0-py3.10.egg-info/zip-safe
/home/wade/lunabotics_ws/install/rover_autonomy/lib/python3.10/site-packages/rover_autonomy-0.0.0-py3.10.egg-info/PKG-INFO
/home/wade/lunabotics_ws/install/rover_autonomy/lib/python3.10/site-packages/rover_autonomy-0.0.0-py3.10.egg-info/dependency_links.txt
/home/wade/lunabotics_ws/install/rover_autonomy/lib/python3.10/site-packages/rover_autonomy-0.0.0-py3.10.egg-info/entry_points.txt
/home/wade/lunabotics_ws/install/rover_autonomy/lib/python3.10/site-packages/rover_autonomy-0.0.0-py3.10.egg-info/requires.txt
/home/wade/lunabotics_ws/install/rover_autonomy/lib/python3.10/site-packages/rover_autonomy-0.0.0-py3.10.egg-info/top_level.txt
/home/wade/lunabotics_ws/install/rover_autonomy/lib/python3.10/site-packages/rover_autonomy-0.0.0-py3.10.egg-info/SOURCES.txt
/home/wade/lunabotics_ws/install/rover_autonomy/lib/rover_autonomy/brain_node
/home/wade/lunabotics_ws/install/rover_autonomy/lib/rover_autonomy/mock_rover
