[0.085s] Invoking command in '/home/ros2_ws/build/zed_components': CMAKE_PREFIX_PATH=/opt/ros/humble /usr/bin/cmake /home/ros2_ws/src/zed-ros2-wrapper/zed_components -DCMAKE_INSTALL_PREFIX=/home/ros2_ws/install/zed_components
[0.309s] -- The C compiler identification is GNU 11.4.0
[0.525s] -- The CXX compiler identification is GNU 11.4.0
[0.591s] -- Detecting C compiler ABI info
[0.891s] -- Detecting C compiler ABI info - done
[0.911s] -- Check for working C compiler: /usr/bin/cc - skipped
[0.912s] -- Detecting C compile features
[0.914s] -- Detecting C compile features - done
[0.925s] -- Detecting CXX compiler ABI info
[1.178s] -- Detecting CXX compiler ABI info - done
[1.197s] -- Check for working CXX compiler: /usr/bin/c++ - skipped
[1.221s] -- Detecting CXX compile features
[1.221s] -- Detecting CXX compile features - done
[1.241s] -- Looking for sgemm_
[1.487s] -- Looking for sgemm_ - not found
[1.493s] -- Looking for pthread.h
[1.788s] -- Looking for pthread.h - found
[1.788s] -- Performing Test CMAKE_HAVE_LIBC_PTHREAD
[2.103s] -- Performing Test CMAKE_HAVE_LIBC_PTHREAD - Success
[2.107s] -- Found Threads: TRUE  
[2.236s] -- Looking for sgemm_
[2.687s] -- Looking for sgemm_ - found
[2.690s] -- Found BLAS: /usr/lib/aarch64-linux-gnu/libopenblas.so  
[2.783s] -- Found CUDA: /usr/local/cuda (found suitable version "12.6", minimum required is "12.6") 
[2.858s] -- Found CUDA: /usr/local/cuda (found version "12.6") 
[2.866s] -- Found ament_cmake_auto: 1.3.12 (/opt/ros/humble/share/ament_cmake_auto/cmake)
[3.358s] -- Found Python3: /usr/bin/python3 (found version "3.10.12") found components: Interpreter 
[3.966s] -- Found rosidl_generator_c: 3.1.7 (/opt/ros/humble/share/rosidl_generator_c/cmake)
[3.976s] -- Found rosidl_adapter: 3.1.7 (/opt/ros/humble/share/rosidl_adapter/cmake)
[3.996s] -- Found rosidl_generator_cpp: 3.1.7 (/opt/ros/humble/share/rosidl_generator_cpp/cmake)
[4.032s] -- Using all available rosidl_typesupport_c: rosidl_typesupport_fastrtps_c;rosidl_typesupport_introspection_c
[4.075s] -- Using all available rosidl_typesupport_cpp: rosidl_typesupport_fastrtps_cpp;rosidl_typesupport_introspection_cpp
[4.343s] -- Found rmw_implementation_cmake: 6.1.2 (/opt/ros/humble/share/rmw_implementation_cmake/cmake)
[4.349s] -- Found rmw_fastrtps_cpp: 6.2.9 (/opt/ros/humble/share/rmw_fastrtps_cpp/cmake)
[4.679s] -- Found OpenSSL: /usr/lib/aarch64-linux-gnu/libcrypto.so (found version "3.0.2")  
[4.784s] -- Found FastRTPS: /opt/ros/humble/include  
[4.901s] -- Using RMW implementation 'rmw_fastrtps_cpp' as default
[5.567s] -- Found eigen3_cmake_module: 0.1.1 (/opt/ros/humble/share/eigen3_cmake_module/cmake)
[5.572s] -- Found Eigen3: TRUE (found version "3.4.0") 
[5.573s] -- Ensuring Eigen3 include directory is part of orocos-kdl CMake target
[5.904s] -- Found ament_lint_auto: 0.12.14 (/opt/ros/humble/share/ament_lint_auto/cmake)
[5.995s] -- Added test 'copyright' to check source files copyright and LICENSE
[6.002s] -- Added test 'cppcheck' to perform static code analysis on C / C++ code
[6.004s] -- Configured cppcheck include dirs: /home/ros2_ws/src/zed-ros2-wrapper/zed_components/src/include;/home/ros2_ws/src/zed-ros2-wrapper/zed_components/src/zed_camera/include;/home/ros2_ws/src/zed-ros2-wrapper/zed_components/src/tools/include;/home/ros2_ws/src/zed-ros2-wrapper/zed_components/src/zed_camera_one/include
[6.005s] -- Configured cppcheck exclude dirs and/or files: 
[6.009s] -- Added test 'lint_cmake' to check CMake code style
[6.018s] -- Added test 'uncrustify' to check C / C++ code style
[6.022s] -- Configured uncrustify additional arguments: 
[6.025s] -- Added test 'xmllint' to check XML markup files
[6.044s] -- Configuring done
[6.167s] -- Generating done
[6.205s] -- Build files have been written to: /home/ros2_ws/build/zed_components
[6.288s] Invoked command in '/home/ros2_ws/build/zed_components' returned '0': CMAKE_PREFIX_PATH=/opt/ros/humble /usr/bin/cmake /home/ros2_ws/src/zed-ros2-wrapper/zed_components -DCMAKE_INSTALL_PREFIX=/home/ros2_ws/install/zed_components
[6.289s] Invoking command in '/home/ros2_ws/build/zed_components': CMAKE_PREFIX_PATH=/opt/ros/humble /usr/bin/cmake --build /home/ros2_ws/build/zed_components -- -j6 -l6
[8.781s] [  5%] [32mBuilding CXX object CMakeFiles/zed_camera_component.dir/src/tools/src/gnss_replay.cpp.o[0m
[8.803s] [ 11%] [32mBuilding CXX object CMakeFiles/zed_camera_one_component.dir/src/tools/src/sl_tools.cpp.o[0m
[8.804s] [ 17%] [32mBuilding CXX object CMakeFiles/zed_camera_component.dir/src/tools/src/sl_types.cpp.o[0m
[8.804s] [ 23%] [32mBuilding CXX object CMakeFiles/zed_camera_component.dir/src/zed_camera/src/zed_camera_component_main.cpp.o[0m
[8.804s] [ 29%] [32mBuilding CXX object CMakeFiles/zed_camera_component.dir/src/tools/src/sl_tools.cpp.o[0m
[8.805s] [ 35%] [32mBuilding CXX object CMakeFiles/zed_camera_component.dir/src/tools/src/sl_win_avg.cpp.o[0m
[10.462s] [ 41%] [32mBuilding CXX object CMakeFiles/zed_camera_component.dir/src/zed_camera/src/zed_camera_component_video_depth.cpp.o[0m
[51.795s] [ 47%] [32mBuilding CXX object CMakeFiles/zed_camera_one_component.dir/src/tools/src/sl_win_avg.cpp.o[0m
[54.778s] [ 52%] [32mBuilding CXX object CMakeFiles/zed_camera_one_component.dir/src/tools/src/gnss_replay.cpp.o[0m
[80.252s] [ 58%] [32mBuilding CXX object CMakeFiles/zed_camera_one_component.dir/src/tools/src/sl_types.cpp.o[0m
[103.931s] [ 64%] [32mBuilding CXX object CMakeFiles/zed_camera_one_component.dir/src/zed_camera_one/src/zed_camera_one_component_main.cpp.o[0m
[167.994s] [ 76%] [32mBuilding CXX object CMakeFiles/zed_camera_one_component.dir/src/zed_camera_one/src/zed_camera_one_component_video.cpp.o[0m
[167.994s] [ 76%] [32mBuilding CXX object CMakeFiles/zed_camera_one_component.dir/src/zed_camera_one/src/zed_camera_one_component_sensors.cpp.o[0m
[205.256s] [ 82%] [32m[1mLinking CXX shared library libzed_camera_one_component.so[0m
[207.100s] [ 82%] Built target zed_camera_one_component
[260.888s] [ 94%] [32mBuilding CXX object CMakeFiles/zed_camera_component.dir/src/zed_camera/src/zed_camera_component_bodytrk.cpp.o[0m
[260.888s] [ 94%] [32mBuilding CXX object CMakeFiles/zed_camera_component.dir/src/zed_camera/src/zed_camera_component_objdet.cpp.o[0m
[303.381s] [100%] [32m[1mLinking CXX shared library libzed_camera_component.so[0m
[305.750s] [100%] Built target zed_camera_component
[305.796s] Invoked command in '/home/ros2_ws/build/zed_components' returned '0': CMAKE_PREFIX_PATH=/opt/ros/humble /usr/bin/cmake --build /home/ros2_ws/build/zed_components -- -j6 -l6
[305.806s] Invoking command in '/home/ros2_ws/build/zed_components': CMAKE_PREFIX_PATH=/opt/ros/humble /usr/bin/cmake --install /home/ros2_ws/build/zed_components
[305.830s] -- Install configuration: "Release"
[305.830s] -- Installing: /home/ros2_ws/install/zed_components/lib/libzed_camera_component.so
[305.853s] -- Set runtime path of "/home/ros2_ws/install/zed_components/lib/libzed_camera_component.so" to ""
[305.853s] -- Installing: /home/ros2_ws/install/zed_components/lib/libzed_camera_one_component.so
[305.860s] -- Set runtime path of "/home/ros2_ws/install/zed_components/lib/libzed_camera_one_component.so" to ""
[305.860s] -- Installing: /home/ros2_ws/install/zed_components/include/zed_components/
[305.860s] -- Installing: /home/ros2_ws/install/zed_components/include/zed_components//cost_traversability.hpp
[305.863s] -- Installing: /home/ros2_ws/install/zed_components/include/zed_components//zed_camera_component.hpp
[305.863s] -- Up-to-date: /home/ros2_ws/install/zed_components/include/zed_components/
[305.863s] -- Installing: /home/ros2_ws/install/zed_components/include/zed_components//json.hpp
[305.867s] -- Installing: /home/ros2_ws/install/zed_components/include/zed_components//sl_logging.hpp
[305.867s] -- Installing: /home/ros2_ws/install/zed_components/include/zed_components//sl_types.hpp
[305.867s] -- Installing: /home/ros2_ws/install/zed_components/include/zed_components//gnss_replay.hpp
[305.867s] -- Installing: /home/ros2_ws/install/zed_components/include/zed_components//sl_win_avg.hpp
[305.868s] -- Installing: /home/ros2_ws/install/zed_components/include/zed_components//sl_tools.hpp
[305.868s] -- Up-to-date: /home/ros2_ws/install/zed_components/include/zed_components/
[305.868s] -- Installing: /home/ros2_ws/install/zed_components/include/zed_components//visibility_control.hpp
[305.868s] -- Installing: /home/ros2_ws/install/zed_components/include/zed_components//sl_version.hpp
[305.869s] -- Installing: /home/ros2_ws/install/zed_components/share/zed_components/environment/library_path.sh
[305.870s] -- Installing: /home/ros2_ws/install/zed_components/share/zed_components/environment/library_path.dsv
[305.872s] -- Installing: /home/ros2_ws/install/zed_components/share/ament_index/resource_index/package_run_dependencies/zed_components
[305.874s] -- Installing: /home/ros2_ws/install/zed_components/share/ament_index/resource_index/parent_prefix_path/zed_components
[305.875s] -- Installing: /home/ros2_ws/install/zed_components/share/zed_components/environment/ament_prefix_path.sh
[305.875s] -- Installing: /home/ros2_ws/install/zed_components/share/zed_components/environment/ament_prefix_path.dsv
[305.876s] -- Installing: /home/ros2_ws/install/zed_components/share/zed_components/environment/path.sh
[305.876s] -- Installing: /home/ros2_ws/install/zed_components/share/zed_components/environment/path.dsv
[305.877s] -- Installing: /home/ros2_ws/install/zed_components/share/zed_components/local_setup.bash
[305.877s] -- Installing: /home/ros2_ws/install/zed_components/share/zed_components/local_setup.sh
[305.878s] -- Installing: /home/ros2_ws/install/zed_components/share/zed_components/local_setup.zsh
[305.879s] -- Installing: /home/ros2_ws/install/zed_components/share/zed_components/local_setup.dsv
[305.879s] -- Installing: /home/ros2_ws/install/zed_components/share/zed_components/package.dsv
[305.881s] -- Installing: /home/ros2_ws/install/zed_components/share/ament_index/resource_index/packages/zed_components
[305.881s] -- Installing: /home/ros2_ws/install/zed_components/share/ament_index/resource_index/rclcpp_components/zed_components
[305.883s] -- Installing: /home/ros2_ws/install/zed_components/share/zed_components/cmake/ament_cmake_export_include_directories-extras.cmake
[305.884s] -- Installing: /home/ros2_ws/install/zed_components/share/zed_components/cmake/ament_cmake_export_libraries-extras.cmake
[305.885s] -- Installing: /home/ros2_ws/install/zed_components/share/zed_components/cmake/ament_cmake_export_dependencies-extras.cmake
[305.886s] -- Installing: /home/ros2_ws/install/zed_components/share/zed_components/cmake/zed_componentsConfig.cmake
[305.887s] -- Installing: /home/ros2_ws/install/zed_components/share/zed_components/cmake/zed_componentsConfig-version.cmake
[305.888s] -- Installing: /home/ros2_ws/install/zed_components/share/zed_components/package.xml
[305.898s] Invoked command in '/home/ros2_ws/build/zed_components' returned '0': CMAKE_PREFIX_PATH=/opt/ros/humble /usr/bin/cmake --install /home/ros2_ws/build/zed_components
