[0.088s] Invoking command in '/home/ros2_ws/build/zed_ros2': AMENT_PREFIX_PATH=/home/ros2_ws/install/zed_wrapper:/home/ros2_ws/install/zed_components:${AMENT_PREFIX_PATH} CMAKE_PREFIX_PATH=/home/ros2_ws/install/zed_wrapper:/home/ros2_ws/install/zed_components:/opt/ros/humble LD_LIBRARY_PATH=/home/ros2_ws/install/zed_components/lib:${LD_LIBRARY_PATH} /usr/bin/cmake /home/ros2_ws/src/zed-ros2-wrapper/zed_ros2 -DCMAKE_INSTALL_PREFIX=/home/ros2_ws/install/zed_ros2
[0.185s] -- Found ament_cmake_auto: 1.3.12 (/opt/ros/humble/share/ament_cmake_auto/cmake)
[0.899s] -- Found Python3: /usr/bin/python3 (found version "3.10.12") found components: Interpreter 
[1.391s] -- Found ament_lint_auto: 0.12.14 (/opt/ros/humble/share/ament_lint_auto/cmake)
[1.423s] -- Added test 'copyright' to check source files copyright and LICENSE
[1.427s] -- Added test 'lint_cmake' to check CMake code style
[1.429s] -- Added test 'xmllint' to check XML markup files
[1.438s] -- Configuring done
[1.480s] -- Generating done
[1.485s] -- Build files have been written to: /home/ros2_ws/build/zed_ros2
[1.503s] Invoked command in '/home/ros2_ws/build/zed_ros2' returned '0': AMENT_PREFIX_PATH=/home/ros2_ws/install/zed_wrapper:/home/ros2_ws/install/zed_components:${AMENT_PREFIX_PATH} CMAKE_PREFIX_PATH=/home/ros2_ws/install/zed_wrapper:/home/ros2_ws/install/zed_components:/opt/ros/humble LD_LIBRARY_PATH=/home/ros2_ws/install/zed_components/lib:${LD_LIBRARY_PATH} /usr/bin/cmake /home/ros2_ws/src/zed-ros2-wrapper/zed_ros2 -DCMAKE_INSTALL_PREFIX=/home/ros2_ws/install/zed_ros2
[1.504s] Invoking command in '/home/ros2_ws/build/zed_ros2': AMENT_PREFIX_PATH=/home/ros2_ws/install/zed_wrapper:/home/ros2_ws/install/zed_components:${AMENT_PREFIX_PATH} CMAKE_PREFIX_PATH=/home/ros2_ws/install/zed_wrapper:/home/ros2_ws/install/zed_components:/opt/ros/humble LD_LIBRARY_PATH=/home/ros2_ws/install/zed_components/lib:${LD_LIBRARY_PATH} /usr/bin/cmake --build /home/ros2_ws/build/zed_ros2 -- -j6 -l6
[1.644s] Invoked command in '/home/ros2_ws/build/zed_ros2' returned '0': AMENT_PREFIX_PATH=/home/ros2_ws/install/zed_wrapper:/home/ros2_ws/install/zed_components:${AMENT_PREFIX_PATH} CMAKE_PREFIX_PATH=/home/ros2_ws/install/zed_wrapper:/home/ros2_ws/install/zed_components:/opt/ros/humble LD_LIBRARY_PATH=/home/ros2_ws/install/zed_components/lib:${LD_LIBRARY_PATH} /usr/bin/cmake --build /home/ros2_ws/build/zed_ros2 -- -j6 -l6
[1.646s] Invoking command in '/home/ros2_ws/build/zed_ros2': AMENT_PREFIX_PATH=/home/ros2_ws/install/zed_wrapper:/home/ros2_ws/install/zed_components:${AMENT_PREFIX_PATH} CMAKE_PREFIX_PATH=/home/ros2_ws/install/zed_wrapper:/home/ros2_ws/install/zed_components:/opt/ros/humble LD_LIBRARY_PATH=/home/ros2_ws/install/zed_components/lib:${LD_LIBRARY_PATH} /usr/bin/cmake --install /home/ros2_ws/build/zed_ros2
[1.692s] -- Install configuration: ""
[1.694s] -- Installing: /home/ros2_ws/install/zed_ros2/share/ament_index/resource_index/package_run_dependencies/zed_ros2
[1.698s] -- Installing: /home/ros2_ws/install/zed_ros2/share/ament_index/resource_index/parent_prefix_path/zed_ros2
[1.702s] -- Installing: /home/ros2_ws/install/zed_ros2/share/zed_ros2/environment/ament_prefix_path.sh
[1.704s] -- Installing: /home/ros2_ws/install/zed_ros2/share/zed_ros2/environment/ament_prefix_path.dsv
[1.706s] -- Installing: /home/ros2_ws/install/zed_ros2/share/zed_ros2/environment/path.sh
[1.708s] -- Installing: /home/ros2_ws/install/zed_ros2/share/zed_ros2/environment/path.dsv
[1.709s] -- Installing: /home/ros2_ws/install/zed_ros2/share/zed_ros2/local_setup.bash
[1.711s] -- Installing: /home/ros2_ws/install/zed_ros2/share/zed_ros2/local_setup.sh
[1.714s] -- Installing: /home/ros2_ws/install/zed_ros2/share/zed_ros2/local_setup.zsh
[1.716s] -- Installing: /home/ros2_ws/install/zed_ros2/share/zed_ros2/local_setup.dsv
[1.718s] -- Installing: /home/ros2_ws/install/zed_ros2/share/zed_ros2/package.dsv
[1.720s] -- Installing: /home/ros2_ws/install/zed_ros2/share/ament_index/resource_index/packages/zed_ros2
[1.723s] -- Installing: /home/ros2_ws/install/zed_ros2/share/zed_ros2/cmake/zed_ros2Config.cmake
[1.725s] -- Installing: /home/ros2_ws/install/zed_ros2/share/zed_ros2/cmake/zed_ros2Config-version.cmake
[1.726s] -- Installing: /home/ros2_ws/install/zed_ros2/share/zed_ros2/package.xml
[1.743s] Invoked command in '/home/ros2_ws/build/zed_ros2' returned '0': AMENT_PREFIX_PATH=/home/ros2_ws/install/zed_wrapper:/home/ros2_ws/install/zed_components:${AMENT_PREFIX_PATH} CMAKE_PREFIX_PATH=/home/ros2_ws/install/zed_wrapper:/home/ros2_ws/install/zed_components:/opt/ros/humble LD_LIBRARY_PATH=/home/ros2_ws/install/zed_components/lib:${LD_LIBRARY_PATH} /usr/bin/cmake --install /home/ros2_ws/build/zed_ros2
