[0.054s] Invoking command in '/home/ros2_ws/build/zed_rgb_convert': AMENT_PREFIX_PATH=/home/ros2_ws/install/zed_components:${AMENT_PREFIX_PATH} CMAKE_PREFIX_PATH=/home/ros2_ws/install/zed_components:/opt/ros/humble LD_LIBRARY_PATH=/home/ros2_ws/install/zed_components/lib:${LD_LIBRARY_PATH} /usr/bin/cmake /home/ros2_ws/src/zed-ros2-examples/tutorials/zed_rgb_convert -DCMAKE_INSTALL_PREFIX=/home/ros2_ws/install/zed_rgb_convert
[0.214s] -- The C compiler identification is GNU 11.4.0
[0.382s] -- The CXX compiler identification is GNU 11.4.0
[0.404s] -- Detecting C compiler ABI info
[0.622s] -- Detecting C compiler ABI info - done
[0.647s] -- Check for working C compiler: /usr/bin/cc - skipped
[0.648s] -- Detecting C compile features
[0.650s] -- Detecting C compile features - done
[0.660s] -- Detecting CXX compiler ABI info
[0.892s] -- Detecting CXX compiler ABI info - done
[0.916s] -- Check for working CXX compiler: /usr/bin/c++ - skipped
[0.917s] -- Detecting CXX compile features
[0.918s] -- Detecting CXX compile features - done
[0.947s] -- Found OpenCV: /usr (found version "4.8.0") 
[0.956s] -- Looking for sgemm_
[1.194s] -- Looking for sgemm_ - not found
[1.198s] -- Looking for pthread.h
[1.434s] -- Looking for pthread.h - found
[1.434s] -- Performing Test CMAKE_HAVE_LIBC_PTHREAD
[1.671s] -- Performing Test CMAKE_HAVE_LIBC_PTHREAD - Success
[1.678s] -- Found Threads: TRUE  
[1.771s] -- Looking for sgemm_
[2.120s] -- Looking for sgemm_ - found
[2.122s] -- Found BLAS: /usr/lib/aarch64-linux-gnu/libopenblas.so  
[2.289s] -- Found CUDA: /usr/local/cuda (found suitable version "12.6", minimum required is "12.6") 
[2.360s] -- Found CUDA: /usr/local/cuda (found version "12.6") 
[2.365s] -- Found ament_cmake_auto: 1.3.12 (/opt/ros/humble/share/ament_cmake_auto/cmake)
[2.815s] -- Found Python3: /usr/bin/python3 (found version "3.10.12") found components: Interpreter 
[3.378s] -- Found rosidl_generator_c: 3.1.7 (/opt/ros/humble/share/rosidl_generator_c/cmake)
[3.388s] -- Found rosidl_adapter: 3.1.7 (/opt/ros/humble/share/rosidl_adapter/cmake)
[3.405s] -- Found rosidl_generator_cpp: 3.1.7 (/opt/ros/humble/share/rosidl_generator_cpp/cmake)
[3.431s] -- Using all available rosidl_typesupport_c: rosidl_typesupport_fastrtps_c;rosidl_typesupport_introspection_c
[3.467s] -- Using all available rosidl_typesupport_cpp: rosidl_typesupport_fastrtps_cpp;rosidl_typesupport_introspection_cpp
[3.561s] -- Found rmw_implementation_cmake: 6.1.2 (/opt/ros/humble/share/rmw_implementation_cmake/cmake)
[3.566s] -- Found rmw_fastrtps_cpp: 6.2.9 (/opt/ros/humble/share/rmw_fastrtps_cpp/cmake)
[3.766s] -- Found OpenSSL: /usr/lib/aarch64-linux-gnu/libcrypto.so (found version "3.0.2")  
[3.833s] -- Found FastRTPS: /opt/ros/humble/include  
[3.941s] -- Using RMW implementation 'rmw_fastrtps_cpp' as default
[4.472s] -- Found eigen3_cmake_module: 0.1.1 (/opt/ros/humble/share/eigen3_cmake_module/cmake)
[4.475s] -- Found Eigen3: TRUE (found version "3.4.0") 
[4.475s] -- Ensuring Eigen3 include directory is part of orocos-kdl CMake target
[4.941s] -- Found ament_lint_auto: 0.12.14 (/opt/ros/humble/share/ament_lint_auto/cmake)
[5.123s] -- Added test 'copyright' to check source files copyright and LICENSE
[5.127s] -- Added test 'cppcheck' to perform static code analysis on C / C++ code
[5.130s] -- Configured cppcheck include dirs: /home/ros2_ws/src/zed-ros2-examples/tutorials/zed_rgb_convert/src/include;/home/ros2_ws/src/zed-ros2-examples/tutorials/zed_rgb_convert/src/component/include
[5.130s] -- Configured cppcheck exclude dirs and/or files: 
[5.134s] -- Added test 'cpplint' to check C / C++ code against the Google style
[5.135s] -- Configured cpplint exclude dirs and/or files: 
[5.138s] -- Added test 'flake8' to check Python code syntax and style conventions
[5.141s] -- Added test 'lint_cmake' to check CMake code style
[5.145s] -- Added test 'pep257' to check Python code against some of the docstring style conventions in PEP 257
[5.155s] -- Added test 'uncrustify' to check C / C++ code style
[5.157s] -- Configured uncrustify additional arguments: 
[5.164s] -- Added test 'xmllint' to check XML markup files
[5.175s] -- Configuring done
[5.365s] -- Generating done
[5.410s] -- Build files have been written to: /home/ros2_ws/build/zed_rgb_convert
[5.535s] Invoked command in '/home/ros2_ws/build/zed_rgb_convert' returned '0': AMENT_PREFIX_PATH=/home/ros2_ws/install/zed_components:${AMENT_PREFIX_PATH} CMAKE_PREFIX_PATH=/home/ros2_ws/install/zed_components:/opt/ros/humble LD_LIBRARY_PATH=/home/ros2_ws/install/zed_components/lib:${LD_LIBRARY_PATH} /usr/bin/cmake /home/ros2_ws/src/zed-ros2-examples/tutorials/zed_rgb_convert -DCMAKE_INSTALL_PREFIX=/home/ros2_ws/install/zed_rgb_convert
[5.536s] Invoking command in '/home/ros2_ws/build/zed_rgb_convert': AMENT_PREFIX_PATH=/home/ros2_ws/install/zed_components:${AMENT_PREFIX_PATH} CMAKE_PREFIX_PATH=/home/ros2_ws/install/zed_components:/opt/ros/humble LD_LIBRARY_PATH=/home/ros2_ws/install/zed_components/lib:${LD_LIBRARY_PATH} /usr/bin/cmake --build /home/ros2_ws/build/zed_rgb_convert -- -j6 -l6
[7.363s] [ 25%] [32mBuilding CXX object CMakeFiles/zed_rgb_convert_component.dir/src/component/src/zed_rgb_convert_component.cpp.o[0m
[25.443s] [ 50%] [32m[1mLinking CXX shared library libzed_rgb_convert_component.so[0m
[26.050s] [ 50%] Built target zed_rgb_convert_component
[26.114s] [ 75%] [32mBuilding CXX object CMakeFiles/zed_rgb_convert.dir/src/container/zed_rgb_convert.cpp.o[0m
[48.939s] [100%] [32m[1mLinking CXX executable zed_rgb_convert[0m
[50.256s] [100%] Built target zed_rgb_convert
[50.294s] Invoked command in '/home/ros2_ws/build/zed_rgb_convert' returned '0': AMENT_PREFIX_PATH=/home/ros2_ws/install/zed_components:${AMENT_PREFIX_PATH} CMAKE_PREFIX_PATH=/home/ros2_ws/install/zed_components:/opt/ros/humble LD_LIBRARY_PATH=/home/ros2_ws/install/zed_components/lib:${LD_LIBRARY_PATH} /usr/bin/cmake --build /home/ros2_ws/build/zed_rgb_convert -- -j6 -l6
[50.301s] Invoking command in '/home/ros2_ws/build/zed_rgb_convert': AMENT_PREFIX_PATH=/home/ros2_ws/install/zed_components:${AMENT_PREFIX_PATH} CMAKE_PREFIX_PATH=/home/ros2_ws/install/zed_components:/opt/ros/humble LD_LIBRARY_PATH=/home/ros2_ws/install/zed_components/lib:${LD_LIBRARY_PATH} /usr/bin/cmake --install /home/ros2_ws/build/zed_rgb_convert
[50.324s] -- Install configuration: "Release"
[50.325s] -- Installing: /home/ros2_ws/install/zed_rgb_convert/lib/zed_rgb_convert/zed_rgb_convert
[50.325s] -- Set runtime path of "/home/ros2_ws/install/zed_rgb_convert/lib/zed_rgb_convert/zed_rgb_convert" to ""
[50.326s] -- Installing: /home/ros2_ws/install/zed_rgb_convert/lib/libzed_rgb_convert_component.so
[50.327s] -- Set runtime path of "/home/ros2_ws/install/zed_rgb_convert/lib/libzed_rgb_convert_component.so" to ""
[50.327s] -- Installing: /home/ros2_ws/install/zed_rgb_convert/include/zed_rgb_convert/
[50.328s] -- Installing: /home/ros2_ws/install/zed_rgb_convert/include/zed_rgb_convert//cvt_visibility_control.hpp
[50.328s] -- Installing: /home/ros2_ws/install/zed_rgb_convert/share/zed_rgb_convert/launch
[50.328s] -- Installing: /home/ros2_ws/install/zed_rgb_convert/share/zed_rgb_convert/launch/zed_rgb_convert.launch.py
[50.330s] -- Installing: /home/ros2_ws/install/zed_rgb_convert/share/zed_rgb_convert/environment/library_path.sh
[50.330s] -- Installing: /home/ros2_ws/install/zed_rgb_convert/share/zed_rgb_convert/environment/library_path.dsv
[50.330s] -- Installing: /home/ros2_ws/install/zed_rgb_convert/share/ament_index/resource_index/package_run_dependencies/zed_rgb_convert
[50.331s] -- Installing: /home/ros2_ws/install/zed_rgb_convert/share/ament_index/resource_index/parent_prefix_path/zed_rgb_convert
[50.331s] -- Installing: /home/ros2_ws/install/zed_rgb_convert/share/zed_rgb_convert/environment/ament_prefix_path.sh
[50.332s] -- Installing: /home/ros2_ws/install/zed_rgb_convert/share/zed_rgb_convert/environment/ament_prefix_path.dsv
[50.332s] -- Installing: /home/ros2_ws/install/zed_rgb_convert/share/zed_rgb_convert/environment/path.sh
[50.333s] -- Installing: /home/ros2_ws/install/zed_rgb_convert/share/zed_rgb_convert/environment/path.dsv
[50.333s] -- Installing: /home/ros2_ws/install/zed_rgb_convert/share/zed_rgb_convert/local_setup.bash
[50.333s] -- Installing: /home/ros2_ws/install/zed_rgb_convert/share/zed_rgb_convert/local_setup.sh
[50.334s] -- Installing: /home/ros2_ws/install/zed_rgb_convert/share/zed_rgb_convert/local_setup.zsh
[50.334s] -- Installing: /home/ros2_ws/install/zed_rgb_convert/share/zed_rgb_convert/local_setup.dsv
[50.335s] -- Installing: /home/ros2_ws/install/zed_rgb_convert/share/zed_rgb_convert/package.dsv
[50.335s] -- Installing: /home/ros2_ws/install/zed_rgb_convert/share/ament_index/resource_index/packages/zed_rgb_convert
[50.335s] -- Installing: /home/ros2_ws/install/zed_rgb_convert/share/ament_index/resource_index/rclcpp_components/zed_rgb_convert
[50.335s] -- Installing: /home/ros2_ws/install/zed_rgb_convert/share/zed_rgb_convert/cmake/ament_cmake_export_include_directories-extras.cmake
[50.336s] -- Installing: /home/ros2_ws/install/zed_rgb_convert/share/zed_rgb_convert/cmake/ament_cmake_export_libraries-extras.cmake
[50.336s] -- Installing: /home/ros2_ws/install/zed_rgb_convert/share/zed_rgb_convert/cmake/ament_cmake_export_dependencies-extras.cmake
[50.336s] -- Installing: /home/ros2_ws/install/zed_rgb_convert/share/zed_rgb_convert/cmake/zed_rgb_convertConfig.cmake
[50.337s] -- Installing: /home/ros2_ws/install/zed_rgb_convert/share/zed_rgb_convert/cmake/zed_rgb_convertConfig-version.cmake
[50.337s] -- Installing: /home/ros2_ws/install/zed_rgb_convert/share/zed_rgb_convert/package.xml
[50.347s] Invoked command in '/home/ros2_ws/build/zed_rgb_convert' returned '0': AMENT_PREFIX_PATH=/home/ros2_ws/install/zed_components:${AMENT_PREFIX_PATH} CMAKE_PREFIX_PATH=/home/ros2_ws/install/zed_components:/opt/ros/humble LD_LIBRARY_PATH=/home/ros2_ws/install/zed_components/lib:${LD_LIBRARY_PATH} /usr/bin/cmake --install /home/ros2_ws/build/zed_rgb_convert
