[0.062s] Invoking command in '/home/ros2_ws/build/zed_tutorial_depth': CMAKE_PREFIX_PATH=/opt/ros/humble /usr/bin/cmake /home/ros2_ws/src/zed-ros2-examples/tutorials/zed_depth_tutorial -DCMAKE_INSTALL_PREFIX=/home/ros2_ws/install/zed_tutorial_depth
[0.269s] -- The C compiler identification is GNU 11.4.0
[0.475s] -- The CXX compiler identification is GNU 11.4.0
[0.513s] -- Detecting C compiler ABI info
[0.831s] -- Detecting C compiler ABI info - done
[0.852s] -- Check for working C compiler: /usr/bin/cc - skipped
[0.852s] -- Detecting C compile features
[0.852s] -- Detecting C compile features - done
[0.856s] -- Detecting CXX compiler ABI info
[1.155s] -- Detecting CXX compiler ABI info - done
[1.183s] -- Check for working CXX compiler: /usr/bin/c++ - skipped
[1.185s] -- Detecting CXX compile features
[1.187s] -- Detecting CXX compile features - done
[1.197s] -- Found ament_cmake_auto: 1.3.12 (/opt/ros/humble/share/ament_cmake_auto/cmake)
[1.763s] -- Found Python3: /usr/bin/python3 (found version "3.10.12") found components: Interpreter 
[2.379s] -- Found rosidl_generator_c: 3.1.7 (/opt/ros/humble/share/rosidl_generator_c/cmake)
[2.389s] -- Found rosidl_adapter: 3.1.7 (/opt/ros/humble/share/rosidl_adapter/cmake)
[2.407s] -- Found rosidl_generator_cpp: 3.1.7 (/opt/ros/humble/share/rosidl_generator_cpp/cmake)
[2.437s] -- Using all available rosidl_typesupport_c: rosidl_typesupport_fastrtps_c;rosidl_typesupport_introspection_c
[2.476s] -- Using all available rosidl_typesupport_cpp: rosidl_typesupport_fastrtps_cpp;rosidl_typesupport_introspection_cpp
[2.574s] -- Found rmw_implementation_cmake: 6.1.2 (/opt/ros/humble/share/rmw_implementation_cmake/cmake)
[2.580s] -- Found rmw_fastrtps_cpp: 6.2.9 (/opt/ros/humble/share/rmw_fastrtps_cpp/cmake)
[2.875s] -- Found OpenSSL: /usr/lib/aarch64-linux-gnu/libcrypto.so (found version "3.0.2")  
[2.960s] -- Found FastRTPS: /opt/ros/humble/include  
[3.100s] -- Using RMW implementation 'rmw_fastrtps_cpp' as default
[3.123s] -- Looking for pthread.h
[3.371s] -- Looking for pthread.h - found
[3.371s] -- Performing Test CMAKE_HAVE_LIBC_PTHREAD
[3.665s] -- Performing Test CMAKE_HAVE_LIBC_PTHREAD - Success
[3.666s] -- Found Threads: TRUE  
[3.882s] -- Found ament_lint_auto: 0.12.14 (/opt/ros/humble/share/ament_lint_auto/cmake)
[3.957s] -- Added test 'copyright' to check source files copyright and LICENSE
[3.959s] -- Added test 'cppcheck' to perform static code analysis on C / C++ code
[3.961s] -- Configured cppcheck include dirs: 
[3.961s] -- Configured cppcheck exclude dirs and/or files: 
[3.963s] -- Added test 'cpplint' to check C / C++ code against the Google style
[3.964s] -- Configured cpplint exclude dirs and/or files: 
[3.965s] -- Added test 'lint_cmake' to check CMake code style
[3.968s] -- Added test 'uncrustify' to check C / C++ code style
[3.968s] -- Configured uncrustify additional arguments: 
[3.969s] -- Added test 'xmllint' to check XML markup files
[3.978s] -- Configuring done
[4.062s] -- Generating done
[4.123s] -- Build files have been written to: /home/ros2_ws/build/zed_tutorial_depth
[4.238s] Invoked command in '/home/ros2_ws/build/zed_tutorial_depth' returned '0': CMAKE_PREFIX_PATH=/opt/ros/humble /usr/bin/cmake /home/ros2_ws/src/zed-ros2-examples/tutorials/zed_depth_tutorial -DCMAKE_INSTALL_PREFIX=/home/ros2_ws/install/zed_tutorial_depth
[4.239s] Invoking command in '/home/ros2_ws/build/zed_tutorial_depth': CMAKE_PREFIX_PATH=/opt/ros/humble /usr/bin/cmake --build /home/ros2_ws/build/zed_tutorial_depth -- -j6 -l6
[4.441s] [ 50%] [32mBuilding CXX object CMakeFiles/zed_tutorial_depth.dir/src/zed_depth_sub_tutorial.cpp.o[0m
[79.792s] [100%] [32m[1mLinking CXX executable zed_tutorial_depth[0m
[81.549s] [100%] Built target zed_tutorial_depth
[81.712s] Invoked command in '/home/ros2_ws/build/zed_tutorial_depth' returned '0': CMAKE_PREFIX_PATH=/opt/ros/humble /usr/bin/cmake --build /home/ros2_ws/build/zed_tutorial_depth -- -j6 -l6
[81.816s] Invoking command in '/home/ros2_ws/build/zed_tutorial_depth': CMAKE_PREFIX_PATH=/opt/ros/humble /usr/bin/cmake --install /home/ros2_ws/build/zed_tutorial_depth
[81.873s] -- Install configuration: "Release"
[81.873s] -- Installing: /home/ros2_ws/install/zed_tutorial_depth/lib/zed_tutorial_depth/zed_tutorial_depth
[81.882s] -- Set runtime path of "/home/ros2_ws/install/zed_tutorial_depth/lib/zed_tutorial_depth/zed_tutorial_depth" to ""
[81.899s] -- Installing: /home/ros2_ws/install/zed_tutorial_depth/share/ament_index/resource_index/package_run_dependencies/zed_tutorial_depth
[81.900s] -- Installing: /home/ros2_ws/install/zed_tutorial_depth/share/ament_index/resource_index/parent_prefix_path/zed_tutorial_depth
[81.923s] -- Installing: /home/ros2_ws/install/zed_tutorial_depth/share/zed_tutorial_depth/environment/ament_prefix_path.sh
[81.925s] -- Installing: /home/ros2_ws/install/zed_tutorial_depth/share/zed_tutorial_depth/environment/ament_prefix_path.dsv
[81.926s] -- Installing: /home/ros2_ws/install/zed_tutorial_depth/share/zed_tutorial_depth/environment/path.sh
[81.929s] -- Installing: /home/ros2_ws/install/zed_tutorial_depth/share/zed_tutorial_depth/environment/path.dsv
[81.933s] -- Installing: /home/ros2_ws/install/zed_tutorial_depth/share/zed_tutorial_depth/local_setup.bash
[81.942s] -- Installing: /home/ros2_ws/install/zed_tutorial_depth/share/zed_tutorial_depth/local_setup.sh
[81.948s] -- Installing: /home/ros2_ws/install/zed_tutorial_depth/share/zed_tutorial_depth/local_setup.zsh
[81.956s] -- Installing: /home/ros2_ws/install/zed_tutorial_depth/share/zed_tutorial_depth/local_setup.dsv
[81.960s] -- Installing: /home/ros2_ws/install/zed_tutorial_depth/share/zed_tutorial_depth/package.dsv
[81.976s] -- Installing: /home/ros2_ws/install/zed_tutorial_depth/share/ament_index/resource_index/packages/zed_tutorial_depth
[81.981s] -- Installing: /home/ros2_ws/install/zed_tutorial_depth/share/zed_tutorial_depth/cmake/zed_tutorial_depthConfig.cmake
[81.982s] -- Installing: /home/ros2_ws/install/zed_tutorial_depth/share/zed_tutorial_depth/cmake/zed_tutorial_depthConfig-version.cmake
[81.987s] -- Installing: /home/ros2_ws/install/zed_tutorial_depth/share/zed_tutorial_depth/package.xml
[82.539s] Invoked command in '/home/ros2_ws/build/zed_tutorial_depth' returned '0': CMAKE_PREFIX_PATH=/opt/ros/humble /usr/bin/cmake --install /home/ros2_ws/build/zed_tutorial_depth
