[0.065s] Invoking command in '/home/ros2_ws/build/rviz_plugin_zed_od': CMAKE_PREFIX_PATH=/opt/ros/humble /usr/bin/cmake /home/ros2_ws/src/zed-ros2-examples/rviz-plugin-zed-od -DCMAKE_INSTALL_PREFIX=/home/ros2_ws/install/rviz_plugin_zed_od
[0.289s] -- The C compiler identification is GNU 11.4.0
[0.487s] -- The CXX compiler identification is GNU 11.4.0
[0.520s] -- Detecting C compiler ABI info
[0.846s] -- Detecting C compiler ABI info - done
[0.874s] -- Check for working C compiler: /usr/bin/cc - skipped
[0.875s] -- Detecting C compile features
[0.875s] -- Detecting C compile features - done
[0.887s] -- Detecting CXX compiler ABI info
[1.164s] -- Detecting CXX compiler ABI info - done
[1.187s] -- Check for working CXX compiler: /usr/bin/c++ - skipped
[1.188s] -- Detecting CXX compile features
[1.191s] -- Detecting CXX compile features - done
[1.194s] -- Enabling tests requiring a display
[1.202s] -- Found ament_cmake_auto: 1.3.12 (/opt/ros/humble/share/ament_cmake_auto/cmake)
[1.696s] -- Found Python3: /usr/bin/python3 (found version "3.10.12") found components: Interpreter 
[2.300s] -- Setting OGRE_DIR to: '/opt/ros/humble/share/rviz_ogre_vendor/cmake/../../../opt/rviz_ogre_vendor/lib/OGRE/cmake'
[2.306s] -- Found OGRE
[2.307s] --   static     : OFF
[2.307s] --   components : HLMS;MeshLodGenerator;Overlay;Paging;Property;RTShaderSystem;Terrain;Volume
[2.307s] --   plugins    : Plugin_BSPSceneManager;Plugin_OctreeSceneManager;Plugin_PCZSceneManager;Plugin_ParticleFX;RenderSystem_GL;RenderSystem_GL3Plus;Codec_STBI
[2.307s] --   media      : /opt/ros/humble/opt/rviz_ogre_vendor/share/OGRE/Media
[2.307s] -- OGRE_LIBRARIES: OgreHLMS;OgreMeshLodGenerator;OgreOverlay;OgrePaging;OgreProperty;OgreRTShaderSystem;OgreTerrain;OgreVolume;OgreMain
[2.308s] -- OGRE_LIBRARY_DIRS: /opt/ros/humble/opt/rviz_ogre_vendor/lib
[2.308s] -- OGRE_PLUGINS: Plugin_BSPSceneManager;Plugin_OctreeSceneManager;Plugin_PCZSceneManager;Plugin_ParticleFX;RenderSystem_GL;RenderSystem_GL3Plus;Codec_STBI
[2.308s] -- OGRE_PLUGIN_DIR: /opt/ros/humble/opt/rviz_ogre_vendor/lib/OGRE
[2.310s] -- rviz_ogre_vendor::OgreOverlay for IMPORTED_LOCATION_RELEASE: /opt/ros/humble/opt/rviz_ogre_vendor/lib/libOgreOverlay.so
[2.310s] -- rviz_ogre_vendor::OgreOverlay for IMPORTED_LOCATION_DEBUG: /opt/ros/humble/opt/rviz_ogre_vendor/lib/libOgreOverlay.so
[2.310s] -- rviz_ogre_vendor::OgreMain for IMPORTED_LOCATION_RELEASE: /opt/ros/humble/opt/rviz_ogre_vendor/lib/libOgreMain.so
[2.311s] -- rviz_ogre_vendor::OgreMain for IMPORTED_LOCATION_DEBUG: /opt/ros/humble/opt/rviz_ogre_vendor/lib/libOgreMain.so
[2.452s] -- Found ZLIB: /usr/lib/aarch64-linux-gnu/libz.so (found version "1.2.11") 
[2.474s] -- Found OpenGL: /usr/lib/aarch64-linux-gnu/libOpenGL.so   
[2.759s] -- Found X11: /usr/include   
[2.759s] -- Looking for XOpenDisplay in /usr/lib/aarch64-linux-gnu/libX11.so;/usr/lib/aarch64-linux-gnu/libXext.so
[3.055s] -- Looking for XOpenDisplay in /usr/lib/aarch64-linux-gnu/libX11.so;/usr/lib/aarch64-linux-gnu/libXext.so - found
[3.055s] -- Looking for gethostbyname
[3.369s] -- Looking for gethostbyname - found
[3.371s] -- Looking for connect
[3.614s] -- Looking for connect - found
[3.615s] -- Looking for remove
[3.884s] -- Looking for remove - found
[3.886s] -- Looking for shmat
[4.124s] -- Looking for shmat - found
[4.125s] -- Looking for IceConnectionNumber in ICE
[4.378s] -- Looking for IceConnectionNumber in ICE - found
[4.457s] -- Found rosidl_generator_c: 3.1.7 (/opt/ros/humble/share/rosidl_generator_c/cmake)
[4.468s] -- Found rosidl_adapter: 3.1.7 (/opt/ros/humble/share/rosidl_adapter/cmake)
[4.490s] -- Found rosidl_generator_cpp: 3.1.7 (/opt/ros/humble/share/rosidl_generator_cpp/cmake)
[4.519s] -- Using all available rosidl_typesupport_c: rosidl_typesupport_fastrtps_c;rosidl_typesupport_introspection_c
[4.557s] -- Using all available rosidl_typesupport_cpp: rosidl_typesupport_fastrtps_cpp;rosidl_typesupport_introspection_cpp
[4.737s] -- Found rviz_common: 11.2.23 (/opt/ros/humble/share/rviz_common/cmake)
[4.857s] -- Setting assimp_DIR to: '/opt/ros/humble/share/rviz_assimp_vendor/cmake/../../../opt/rviz_assimp_vendor/lib/cmake/assimp-4.1'
[5.169s] -- library: /usr/lib/aarch64-linux-gnu/libcurl.so
[5.348s] -- Found rmw_implementation_cmake: 6.1.2 (/opt/ros/humble/share/rmw_implementation_cmake/cmake)
[5.356s] -- Found rmw_fastrtps_cpp: 6.2.9 (/opt/ros/humble/share/rmw_fastrtps_cpp/cmake)
[5.421s] -- Found TinyXML2 via Config file: TinyXML2_DIR-NOTFOUND
[5.630s] -- Found OpenSSL: /usr/lib/aarch64-linux-gnu/libcrypto.so (found version "3.0.2")  
[5.640s] -- Found TinyXML2 via Config file: TinyXML2_DIR-NOTFOUND
[5.690s] -- Found FastRTPS: /opt/ros/humble/include  
[5.700s] -- Found TinyXML2 via Config file: TinyXML2_DIR-NOTFOUND
[5.728s] -- Found TinyXML2 via Config file: TinyXML2_DIR-NOTFOUND
[5.768s] -- Using RMW implementation 'rmw_fastrtps_cpp' as default
[5.794s] -- Looking for pthread.h
[6.165s] -- Looking for pthread.h - found
[6.166s] -- Performing Test CMAKE_HAVE_LIBC_PTHREAD
[6.529s] -- Performing Test CMAKE_HAVE_LIBC_PTHREAD - Success
[6.529s] -- Found Threads: TRUE  
[7.076s] -- Found Eigen3: TRUE (found version "3.4.0") 
[7.088s] -- Ensuring Eigen3 include directory is part of orocos-kdl CMake target
[7.680s] -- Found ament_lint_auto: 0.12.14 (/opt/ros/humble/share/ament_lint_auto/cmake)
[7.865s] -- Added test 'copyright' to check source files copyright and LICENSE
[7.871s] -- Added test 'cppcheck' to perform static code analysis on C / C++ code
[7.880s] -- Configured cppcheck include dirs: /home/ros2_ws/src/zed-ros2-examples/rviz-plugin-zed-od/src/include;/home/ros2_ws/src/zed-ros2-examples/rviz-plugin-zed-od/src/plugin/include;$<BUILD_INTERFACE:/home/ros2_ws/src/zed-ros2-examples/rviz-plugin-zed-od/include>
[7.880s] -- Configured cppcheck exclude dirs and/or files: 
[7.884s] -- Added test 'cpplint' to check C / C++ code against the Google style
[7.885s] -- Configured cpplint exclude dirs and/or files: 
[7.901s] -- Added test 'lint_cmake' to check CMake code style
[7.907s] -- Added test 'uncrustify' to check C / C++ code style
[7.907s] -- Configured uncrustify additional arguments: 
[7.912s] -- Added test 'xmllint' to check XML markup files
[7.968s] -- Configuring done
[8.439s] -- Generating done
[8.526s] -- Build files have been written to: /home/ros2_ws/build/rviz_plugin_zed_od
[8.773s] Invoked command in '/home/ros2_ws/build/rviz_plugin_zed_od' returned '0': CMAKE_PREFIX_PATH=/opt/ros/humble /usr/bin/cmake /home/ros2_ws/src/zed-ros2-examples/rviz-plugin-zed-od -DCMAKE_INSTALL_PREFIX=/home/ros2_ws/install/rviz_plugin_zed_od
[8.775s] Invoking command in '/home/ros2_ws/build/rviz_plugin_zed_od': CMAKE_PREFIX_PATH=/opt/ros/humble /usr/bin/cmake --build /home/ros2_ws/build/rviz_plugin_zed_od -- -j6 -l6
[23.781s] [ 20%] [34m[1mAutomatic MOC and UIC for target rviz_plugin_zed_od[0m
[23.781s] [ 20%] Built target rviz_plugin_zed_od_autogen
[23.782s] [ 40%] [32mBuilding CXX object CMakeFiles/rviz_plugin_zed_od.dir/rviz_plugin_zed_od_autogen/mocs_compilation.cpp.o[0m
[23.782s] [ 60%] [32mBuilding CXX object CMakeFiles/rviz_plugin_zed_od.dir/src/plugin/src/zed_od_display.cpp.o[0m
[23.782s] [ 80%] [32mBuilding CXX object CMakeFiles/rviz_plugin_zed_od.dir/src/plugin/src/zed_od_info.cpp.o[0m
[93.183s] [100%] [32m[1mLinking CXX shared library librviz_plugin_zed_od.so[0m
[98.393s] [100%] Built target rviz_plugin_zed_od
[98.433s] Invoked command in '/home/ros2_ws/build/rviz_plugin_zed_od' returned '0': CMAKE_PREFIX_PATH=/opt/ros/humble /usr/bin/cmake --build /home/ros2_ws/build/rviz_plugin_zed_od -- -j6 -l6
[98.441s] Invoking command in '/home/ros2_ws/build/rviz_plugin_zed_od': CMAKE_PREFIX_PATH=/opt/ros/humble /usr/bin/cmake --install /home/ros2_ws/build/rviz_plugin_zed_od
[98.461s] -- Install configuration: ""
[98.463s] -- Installing: /home/ros2_ws/install/rviz_plugin_zed_od/share/rviz_plugin_zed_od/plugins_description.xml
[98.466s] -- Installing: /home/ros2_ws/install/rviz_plugin_zed_od/share/rviz_plugin_zed_od/environment/library_path.sh
[98.469s] -- Installing: /home/ros2_ws/install/rviz_plugin_zed_od/share/rviz_plugin_zed_od/environment/library_path.dsv
[98.472s] -- Installing: /home/ros2_ws/install/rviz_plugin_zed_od/lib/librviz_plugin_zed_od.so
[98.500s] -- Set runtime path of "/home/ros2_ws/install/rviz_plugin_zed_od/lib/librviz_plugin_zed_od.so" to ""
[98.501s] -- Installing: /home/ros2_ws/install/rviz_plugin_zed_od/include/rviz_plugin_zed_od/
[98.503s] -- Installing: /home/ros2_ws/install/rviz_plugin_zed_od/include/rviz_plugin_zed_od//visibility_control.hpp
[98.505s] -- Up-to-date: /home/ros2_ws/install/rviz_plugin_zed_od/include/rviz_plugin_zed_od/
[98.506s] -- Installing: /home/ros2_ws/install/rviz_plugin_zed_od/include/rviz_plugin_zed_od//zed_body_parts.hpp
[98.507s] -- Installing: /home/ros2_ws/install/rviz_plugin_zed_od/include/rviz_plugin_zed_od//zed_od_display.hpp
[98.509s] -- Installing: /home/ros2_ws/install/rviz_plugin_zed_od/include/rviz_plugin_zed_od//zed_od_info.hpp
[98.510s] -- Installing: /home/ros2_ws/install/rviz_plugin_zed_od/share/rviz_plugin_zed_od/icons
[98.511s] -- Installing: /home/ros2_ws/install/rviz_plugin_zed_od/share/rviz_plugin_zed_od/icons/ZedObjDet.png
[98.515s] -- Installing: /home/ros2_ws/install/rviz_plugin_zed_od/share/ament_index/resource_index/package_run_dependencies/rviz_plugin_zed_od
[98.517s] -- Installing: /home/ros2_ws/install/rviz_plugin_zed_od/share/ament_index/resource_index/parent_prefix_path/rviz_plugin_zed_od
[98.519s] -- Installing: /home/ros2_ws/install/rviz_plugin_zed_od/share/rviz_plugin_zed_od/environment/ament_prefix_path.sh
[98.520s] -- Installing: /home/ros2_ws/install/rviz_plugin_zed_od/share/rviz_plugin_zed_od/environment/ament_prefix_path.dsv
[98.521s] -- Installing: /home/ros2_ws/install/rviz_plugin_zed_od/share/rviz_plugin_zed_od/environment/path.sh
[98.522s] -- Installing: /home/ros2_ws/install/rviz_plugin_zed_od/share/rviz_plugin_zed_od/environment/path.dsv
[98.524s] -- Installing: /home/ros2_ws/install/rviz_plugin_zed_od/share/rviz_plugin_zed_od/local_setup.bash
[98.525s] -- Installing: /home/ros2_ws/install/rviz_plugin_zed_od/share/rviz_plugin_zed_od/local_setup.sh
[98.526s] -- Installing: /home/ros2_ws/install/rviz_plugin_zed_od/share/rviz_plugin_zed_od/local_setup.zsh
[98.528s] -- Installing: /home/ros2_ws/install/rviz_plugin_zed_od/share/rviz_plugin_zed_od/local_setup.dsv
[98.529s] -- Installing: /home/ros2_ws/install/rviz_plugin_zed_od/share/rviz_plugin_zed_od/package.dsv
[98.531s] -- Installing: /home/ros2_ws/install/rviz_plugin_zed_od/share/ament_index/resource_index/packages/rviz_plugin_zed_od
[98.532s] -- Installing: /home/ros2_ws/install/rviz_plugin_zed_od/share/ament_index/resource_index/rviz_common__pluginlib__plugin/rviz_plugin_zed_od
[98.535s] -- Installing: /home/ros2_ws/install/rviz_plugin_zed_od/share/rviz_plugin_zed_od/cmake/rviz_plugin_zed_odExport.cmake
[98.535s] -- Installing: /home/ros2_ws/install/rviz_plugin_zed_od/share/rviz_plugin_zed_od/cmake/rviz_plugin_zed_odExport-noconfig.cmake
[98.536s] -- Installing: /home/ros2_ws/install/rviz_plugin_zed_od/share/rviz_plugin_zed_od/cmake/ament_cmake_export_include_directories-extras.cmake
[98.538s] -- Installing: /home/ros2_ws/install/rviz_plugin_zed_od/share/rviz_plugin_zed_od/cmake/ament_cmake_export_targets-extras.cmake
[98.540s] -- Installing: /home/ros2_ws/install/rviz_plugin_zed_od/share/rviz_plugin_zed_od/cmake/ament_cmake_export_dependencies-extras.cmake
[98.549s] -- Installing: /home/ros2_ws/install/rviz_plugin_zed_od/share/rviz_plugin_zed_od/cmake/rviz_plugin_zed_odConfig.cmake
[98.555s] -- Installing: /home/ros2_ws/install/rviz_plugin_zed_od/share/rviz_plugin_zed_od/cmake/rviz_plugin_zed_odConfig-version.cmake
[98.557s] -- Installing: /home/ros2_ws/install/rviz_plugin_zed_od/share/rviz_plugin_zed_od/package.xml
[98.564s] Invoked command in '/home/ros2_ws/build/rviz_plugin_zed_od' returned '0': CMAKE_PREFIX_PATH=/opt/ros/humble /usr/bin/cmake --install /home/ros2_ws/build/rviz_plugin_zed_od
