[0.064s] Invoking command in '/home/ros2_ws/build/rviz_plugin_zed_od': CMAKE_PREFIX_PATH=/opt/ros/humble /usr/bin/cmake /home/ros2_ws/src/zed-ros2-examples/rviz-plugin-zed-od -DCMAKE_INSTALL_PREFIX=/home/ros2_ws/install/rviz_plugin_zed_od
[0.689s] -- The C compiler identification is GNU 11.4.0
[1.171s] -- The CXX compiler identification is GNU 11.4.0
[1.200s] -- Detecting C compiler ABI info
[1.442s] -- Detecting C compiler ABI info - done
[1.468s] -- Check for working C compiler: /usr/bin/cc - skipped
[1.469s] -- Detecting C compile features
[1.469s] -- Detecting C compile features - done
[1.478s] -- Detecting CXX compiler ABI info
[1.777s] -- Detecting CXX compiler ABI info - done
[1.798s] -- Check for working CXX compiler: /usr/bin/c++ - skipped
[1.799s] -- Detecting CXX compile features
[1.800s] -- Detecting CXX compile features - done
[1.802s] -- Enabling tests requiring a display
[1.805s] -- Found ament_cmake_auto: 1.3.12 (/opt/ros/humble/share/ament_cmake_auto/cmake)
[2.283s] -- Found Python3: /usr/bin/python3 (found version "3.10.12") found components: Interpreter 
[2.851s] -- Setting OGRE_DIR to: '/opt/ros/humble/share/rviz_ogre_vendor/cmake/../../../opt/rviz_ogre_vendor/lib/OGRE/cmake'
[2.855s] -- Found OGRE
[2.855s] --   static     : OFF
[2.855s] --   components : HLMS;MeshLodGenerator;Overlay;Paging;Property;RTShaderSystem;Terrain;Volume
[2.856s] --   plugins    : Plugin_BSPSceneManager;Plugin_OctreeSceneManager;Plugin_PCZSceneManager;Plugin_ParticleFX;RenderSystem_GL;RenderSystem_GL3Plus;Codec_STBI
[2.856s] --   media      : /opt/ros/humble/opt/rviz_ogre_vendor/share/OGRE/Media
[2.856s] -- OGRE_LIBRARIES: OgreHLMS;OgreMeshLodGenerator;OgreOverlay;OgrePaging;OgreProperty;OgreRTShaderSystem;OgreTerrain;OgreVolume;OgreMain
[2.856s] -- OGRE_LIBRARY_DIRS: /opt/ros/humble/opt/rviz_ogre_vendor/lib
[2.856s] -- OGRE_PLUGINS: Plugin_BSPSceneManager;Plugin_OctreeSceneManager;Plugin_PCZSceneManager;Plugin_ParticleFX;RenderSystem_GL;RenderSystem_GL3Plus;Codec_STBI
[2.857s] -- OGRE_PLUGIN_DIR: /opt/ros/humble/opt/rviz_ogre_vendor/lib/OGRE
[2.857s] -- rviz_ogre_vendor::OgreOverlay for IMPORTED_LOCATION_RELEASE: /opt/ros/humble/opt/rviz_ogre_vendor/lib/libOgreOverlay.so
[2.857s] -- rviz_ogre_vendor::OgreOverlay for IMPORTED_LOCATION_DEBUG: /opt/ros/humble/opt/rviz_ogre_vendor/lib/libOgreOverlay.so
[2.858s] -- rviz_ogre_vendor::OgreMain for IMPORTED_LOCATION_RELEASE: /opt/ros/humble/opt/rviz_ogre_vendor/lib/libOgreMain.so
[2.859s] -- rviz_ogre_vendor::OgreMain for IMPORTED_LOCATION_DEBUG: /opt/ros/humble/opt/rviz_ogre_vendor/lib/libOgreMain.so
[2.943s] -- Found ZLIB: /usr/lib/aarch64-linux-gnu/libz.so (found version "1.2.11") 
[2.962s] -- Found OpenGL: /usr/lib/aarch64-linux-gnu/libOpenGL.so   
[3.361s] -- Found X11: /usr/include   
[3.361s] -- Looking for XOpenDisplay in /usr/lib/aarch64-linux-gnu/libX11.so;/usr/lib/aarch64-linux-gnu/libXext.so
[3.574s] -- Looking for XOpenDisplay in /usr/lib/aarch64-linux-gnu/libX11.so;/usr/lib/aarch64-linux-gnu/libXext.so - found
[3.575s] -- Looking for gethostbyname
[3.832s] -- Looking for gethostbyname - found
[3.833s] -- Looking for connect
[4.077s] -- Looking for connect - found
[4.078s] -- Looking for remove
[4.331s] -- Looking for remove - found
[4.332s] -- Looking for shmat
[4.649s] -- Looking for shmat - found
[4.650s] -- Looking for IceConnectionNumber in ICE
[4.917s] -- Looking for IceConnectionNumber in ICE - found
[5.024s] -- Found rosidl_generator_c: 3.1.7 (/opt/ros/humble/share/rosidl_generator_c/cmake)
[5.042s] -- Found rosidl_adapter: 3.1.7 (/opt/ros/humble/share/rosidl_adapter/cmake)
[5.062s] -- Found rosidl_generator_cpp: 3.1.7 (/opt/ros/humble/share/rosidl_generator_cpp/cmake)
[5.089s] -- Using all available rosidl_typesupport_c: rosidl_typesupport_fastrtps_c;rosidl_typesupport_introspection_c
[5.125s] -- Using all available rosidl_typesupport_cpp: rosidl_typesupport_fastrtps_cpp;rosidl_typesupport_introspection_cpp
[5.295s] -- Found rviz_common: 11.2.23 (/opt/ros/humble/share/rviz_common/cmake)
[5.349s] -- Setting assimp_DIR to: '/opt/ros/humble/share/rviz_assimp_vendor/cmake/../../../opt/rviz_assimp_vendor/lib/cmake/assimp-4.1'
[5.660s] -- library: /usr/lib/aarch64-linux-gnu/libcurl.so
[5.881s] -- Found rmw_implementation_cmake: 6.1.2 (/opt/ros/humble/share/rmw_implementation_cmake/cmake)
[5.890s] -- Found rmw_fastrtps_cpp: 6.2.9 (/opt/ros/humble/share/rmw_fastrtps_cpp/cmake)
[6.000s] -- Found TinyXML2 via Config file: TinyXML2_DIR-NOTFOUND
[6.325s] -- Found OpenSSL: /usr/lib/aarch64-linux-gnu/libcrypto.so (found version "3.0.2")  
[6.336s] -- Found TinyXML2 via Config file: TinyXML2_DIR-NOTFOUND
[6.437s] -- Found FastRTPS: /opt/ros/humble/include  
[6.447s] -- Found TinyXML2 via Config file: TinyXML2_DIR-NOTFOUND
[6.479s] -- Found TinyXML2 via Config file: TinyXML2_DIR-NOTFOUND
[6.559s] -- Using RMW implementation 'rmw_fastrtps_cpp' as default
[6.602s] -- Looking for pthread.h
[7.176s] -- Looking for pthread.h - found
[7.178s] -- Performing Test CMAKE_HAVE_LIBC_PTHREAD
[7.653s] -- Performing Test CMAKE_HAVE_LIBC_PTHREAD - Success
[7.656s] -- Found Threads: TRUE  
[8.271s] -- Found Eigen3: TRUE (found version "3.4.0") 
[8.271s] -- Ensuring Eigen3 include directory is part of orocos-kdl CMake target
[9.580s] -- Found ament_lint_auto: 0.12.14 (/opt/ros/humble/share/ament_lint_auto/cmake)
[9.798s] -- Added test 'copyright' to check source files copyright and LICENSE
[9.804s] -- Added test 'cppcheck' to perform static code analysis on C / C++ code
[9.817s] -- Configured cppcheck include dirs: /home/ros2_ws/src/zed-ros2-examples/rviz-plugin-zed-od/src/include;/home/ros2_ws/src/zed-ros2-examples/rviz-plugin-zed-od/src/plugin/include;$<BUILD_INTERFACE:/home/ros2_ws/src/zed-ros2-examples/rviz-plugin-zed-od/include>
[9.818s] -- Configured cppcheck exclude dirs and/or files: 
[9.823s] -- Added test 'cpplint' to check C / C++ code against the Google style
[9.832s] -- Configured cpplint exclude dirs and/or files: 
[9.836s] -- Added test 'lint_cmake' to check CMake code style
[9.848s] -- Added test 'uncrustify' to check C / C++ code style
[9.864s] -- Configured uncrustify additional arguments: 
[9.867s] -- Added test 'xmllint' to check XML markup files
[9.878s] -- Configuring done
[10.340s] -- Generating done
[10.386s] -- Build files have been written to: /home/ros2_ws/build/rviz_plugin_zed_od
[10.529s] Invoked command in '/home/ros2_ws/build/rviz_plugin_zed_od' returned '0': CMAKE_PREFIX_PATH=/opt/ros/humble /usr/bin/cmake /home/ros2_ws/src/zed-ros2-examples/rviz-plugin-zed-od -DCMAKE_INSTALL_PREFIX=/home/ros2_ws/install/rviz_plugin_zed_od
[10.530s] Invoking command in '/home/ros2_ws/build/rviz_plugin_zed_od': CMAKE_PREFIX_PATH=/opt/ros/humble /usr/bin/cmake --build /home/ros2_ws/build/rviz_plugin_zed_od -- -j6 -l6
[22.024s] [ 20%] [34m[1mAutomatic MOC and UIC for target rviz_plugin_zed_od[0m
[22.027s] [ 20%] Built target rviz_plugin_zed_od_autogen
[22.027s] [ 60%] [32mBuilding CXX object CMakeFiles/rviz_plugin_zed_od.dir/rviz_plugin_zed_od_autogen/mocs_compilation.cpp.o[0m
[22.027s] [ 60%] [32mBuilding CXX object CMakeFiles/rviz_plugin_zed_od.dir/src/plugin/src/zed_od_info.cpp.o[0m
[22.027s] [ 80%] [32mBuilding CXX object CMakeFiles/rviz_plugin_zed_od.dir/src/plugin/src/zed_od_display.cpp.o[0m
[84.327s] [100%] [32m[1mLinking CXX shared library librviz_plugin_zed_od.so[0m
[90.456s] [100%] Built target rviz_plugin_zed_od
[90.499s] Invoked command in '/home/ros2_ws/build/rviz_plugin_zed_od' returned '0': CMAKE_PREFIX_PATH=/opt/ros/humble /usr/bin/cmake --build /home/ros2_ws/build/rviz_plugin_zed_od -- -j6 -l6
[90.508s] Invoking command in '/home/ros2_ws/build/rviz_plugin_zed_od': CMAKE_PREFIX_PATH=/opt/ros/humble /usr/bin/cmake --install /home/ros2_ws/build/rviz_plugin_zed_od
[90.532s] -- Install configuration: ""
[90.533s] -- Installing: /home/ros2_ws/install/rviz_plugin_zed_od/share/rviz_plugin_zed_od/plugins_description.xml
[90.534s] -- Installing: /home/ros2_ws/install/rviz_plugin_zed_od/share/rviz_plugin_zed_od/environment/library_path.sh
[90.535s] -- Installing: /home/ros2_ws/install/rviz_plugin_zed_od/share/rviz_plugin_zed_od/environment/library_path.dsv
[90.536s] -- Installing: /home/ros2_ws/install/rviz_plugin_zed_od/lib/librviz_plugin_zed_od.so
[90.563s] -- Set runtime path of "/home/ros2_ws/install/rviz_plugin_zed_od/lib/librviz_plugin_zed_od.so" to ""
[90.564s] -- Installing: /home/ros2_ws/install/rviz_plugin_zed_od/include/rviz_plugin_zed_od/
[90.565s] -- Installing: /home/ros2_ws/install/rviz_plugin_zed_od/include/rviz_plugin_zed_od//visibility_control.hpp
[90.566s] -- Up-to-date: /home/ros2_ws/install/rviz_plugin_zed_od/include/rviz_plugin_zed_od/
[90.567s] -- Installing: /home/ros2_ws/install/rviz_plugin_zed_od/include/rviz_plugin_zed_od//zed_body_parts.hpp
[90.568s] -- Installing: /home/ros2_ws/install/rviz_plugin_zed_od/include/rviz_plugin_zed_od//zed_od_display.hpp
[90.569s] -- Installing: /home/ros2_ws/install/rviz_plugin_zed_od/include/rviz_plugin_zed_od//zed_od_info.hpp
[90.569s] -- Installing: /home/ros2_ws/install/rviz_plugin_zed_od/share/rviz_plugin_zed_od/icons
[90.570s] -- Installing: /home/ros2_ws/install/rviz_plugin_zed_od/share/rviz_plugin_zed_od/icons/ZedObjDet.png
[90.573s] -- Installing: /home/ros2_ws/install/rviz_plugin_zed_od/share/ament_index/resource_index/package_run_dependencies/rviz_plugin_zed_od
[90.575s] -- Installing: /home/ros2_ws/install/rviz_plugin_zed_od/share/ament_index/resource_index/parent_prefix_path/rviz_plugin_zed_od
[90.576s] -- Installing: /home/ros2_ws/install/rviz_plugin_zed_od/share/rviz_plugin_zed_od/environment/ament_prefix_path.sh
[90.576s] -- Installing: /home/ros2_ws/install/rviz_plugin_zed_od/share/rviz_plugin_zed_od/environment/ament_prefix_path.dsv
[90.577s] -- Installing: /home/ros2_ws/install/rviz_plugin_zed_od/share/rviz_plugin_zed_od/environment/path.sh
[90.577s] -- Installing: /home/ros2_ws/install/rviz_plugin_zed_od/share/rviz_plugin_zed_od/environment/path.dsv
[90.578s] -- Installing: /home/ros2_ws/install/rviz_plugin_zed_od/share/rviz_plugin_zed_od/local_setup.bash
[90.579s] -- Installing: /home/ros2_ws/install/rviz_plugin_zed_od/share/rviz_plugin_zed_od/local_setup.sh
[90.580s] -- Installing: /home/ros2_ws/install/rviz_plugin_zed_od/share/rviz_plugin_zed_od/local_setup.zsh
[90.580s] -- Installing: /home/ros2_ws/install/rviz_plugin_zed_od/share/rviz_plugin_zed_od/local_setup.dsv
[90.581s] -- Installing: /home/ros2_ws/install/rviz_plugin_zed_od/share/rviz_plugin_zed_od/package.dsv
[90.583s] -- Installing: /home/ros2_ws/install/rviz_plugin_zed_od/share/ament_index/resource_index/packages/rviz_plugin_zed_od
[90.583s] -- Installing: /home/ros2_ws/install/rviz_plugin_zed_od/share/ament_index/resource_index/rviz_common__pluginlib__plugin/rviz_plugin_zed_od
[90.586s] -- Installing: /home/ros2_ws/install/rviz_plugin_zed_od/share/rviz_plugin_zed_od/cmake/rviz_plugin_zed_odExport.cmake
[90.587s] -- Installing: /home/ros2_ws/install/rviz_plugin_zed_od/share/rviz_plugin_zed_od/cmake/rviz_plugin_zed_odExport-noconfig.cmake
[90.588s] -- Installing: /home/ros2_ws/install/rviz_plugin_zed_od/share/rviz_plugin_zed_od/cmake/ament_cmake_export_include_directories-extras.cmake
[90.589s] -- Installing: /home/ros2_ws/install/rviz_plugin_zed_od/share/rviz_plugin_zed_od/cmake/ament_cmake_export_targets-extras.cmake
[90.590s] -- Installing: /home/ros2_ws/install/rviz_plugin_zed_od/share/rviz_plugin_zed_od/cmake/ament_cmake_export_dependencies-extras.cmake
[90.591s] -- Installing: /home/ros2_ws/install/rviz_plugin_zed_od/share/rviz_plugin_zed_od/cmake/rviz_plugin_zed_odConfig.cmake
[90.592s] -- Installing: /home/ros2_ws/install/rviz_plugin_zed_od/share/rviz_plugin_zed_od/cmake/rviz_plugin_zed_odConfig-version.cmake
[90.592s] -- Installing: /home/ros2_ws/install/rviz_plugin_zed_od/share/rviz_plugin_zed_od/package.xml
[90.603s] Invoked command in '/home/ros2_ws/build/rviz_plugin_zed_od' returned '0': CMAKE_PREFIX_PATH=/opt/ros/humble /usr/bin/cmake --install /home/ros2_ws/build/rviz_plugin_zed_od
