[0.063s] Invoking command in '/home/ros2_ws/build/zed_wrapper': AMENT_PREFIX_PATH=/home/ros2_ws/install/zed_components:${AMENT_PREFIX_PATH} CMAKE_PREFIX_PATH=/home/ros2_ws/install/zed_components:/opt/ros/humble LD_LIBRARY_PATH=/home/ros2_ws/install/zed_components/lib:${LD_LIBRARY_PATH} /usr/bin/cmake /home/ros2_ws/src/zed-ros2-wrapper/zed_wrapper -DCMAKE_INSTALL_PREFIX=/home/ros2_ws/install/zed_wrapper
[0.268s] -- The C compiler identification is GNU 11.4.0
[0.436s] -- The CXX compiler identification is GNU 11.4.0
[0.458s] -- Detecting C compiler ABI info
[0.670s] -- Detecting C compiler ABI info - done
[0.693s] -- Check for working C compiler: /usr/bin/cc - skipped
[0.694s] -- Detecting C compile features
[0.696s] -- Detecting C compile features - done
[0.707s] -- Detecting CXX compiler ABI info
[0.950s] -- Detecting CXX compiler ABI info - done
[0.975s] -- Check for working CXX compiler: /usr/bin/c++ - skipped
[0.976s] -- Detecting CXX compile features
[0.978s] -- Detecting CXX compile features - done
[0.986s] -- Found ament_cmake_auto: 1.3.12 (/opt/ros/humble/share/ament_cmake_auto/cmake)
[1.450s] -- Found Python3: /usr/bin/python3 (found version "3.10.12") found components: Interpreter 
[2.036s] -- Found rosidl_generator_c: 3.1.7 (/opt/ros/humble/share/rosidl_generator_c/cmake)
[2.047s] -- Found rosidl_adapter: 3.1.7 (/opt/ros/humble/share/rosidl_adapter/cmake)
[2.068s] -- Found rosidl_generator_cpp: 3.1.7 (/opt/ros/humble/share/rosidl_generator_cpp/cmake)
[2.098s] -- Using all available rosidl_typesupport_c: rosidl_typesupport_fastrtps_c;rosidl_typesupport_introspection_c
[2.136s] -- Using all available rosidl_typesupport_cpp: rosidl_typesupport_fastrtps_cpp;rosidl_typesupport_introspection_cpp
[2.234s] -- Found rmw_implementation_cmake: 6.1.2 (/opt/ros/humble/share/rmw_implementation_cmake/cmake)
[2.239s] -- Found rmw_fastrtps_cpp: 6.2.9 (/opt/ros/humble/share/rmw_fastrtps_cpp/cmake)
[2.455s] -- Found OpenSSL: /usr/lib/aarch64-linux-gnu/libcrypto.so (found version "3.0.2")  
[2.536s] -- Found FastRTPS: /opt/ros/humble/include  
[2.656s] -- Using RMW implementation 'rmw_fastrtps_cpp' as default
[2.680s] -- Looking for pthread.h
[2.916s] -- Looking for pthread.h - found
[2.917s] -- Performing Test CMAKE_HAVE_LIBC_PTHREAD
[3.134s] -- Performing Test CMAKE_HAVE_LIBC_PTHREAD - Success
[3.137s] -- Found Threads: TRUE  
[3.737s] -- Found eigen3_cmake_module: 0.1.1 (/opt/ros/humble/share/eigen3_cmake_module/cmake)
[3.742s] -- Found Eigen3: TRUE (found version "3.4.0") 
[3.742s] -- Ensuring Eigen3 include directory is part of orocos-kdl CMake target
[4.306s] -- Configuring done
[4.326s] -- Generating done
[4.334s] -- Build files have been written to: /home/ros2_ws/build/zed_wrapper
[4.386s] Invoked command in '/home/ros2_ws/build/zed_wrapper' returned '0': AMENT_PREFIX_PATH=/home/ros2_ws/install/zed_components:${AMENT_PREFIX_PATH} CMAKE_PREFIX_PATH=/home/ros2_ws/install/zed_components:/opt/ros/humble LD_LIBRARY_PATH=/home/ros2_ws/install/zed_components/lib:${LD_LIBRARY_PATH} /usr/bin/cmake /home/ros2_ws/src/zed-ros2-wrapper/zed_wrapper -DCMAKE_INSTALL_PREFIX=/home/ros2_ws/install/zed_wrapper
[4.393s] Invoking command in '/home/ros2_ws/build/zed_wrapper': AMENT_PREFIX_PATH=/home/ros2_ws/install/zed_components:${AMENT_PREFIX_PATH} CMAKE_PREFIX_PATH=/home/ros2_ws/install/zed_components:/opt/ros/humble LD_LIBRARY_PATH=/home/ros2_ws/install/zed_components/lib:${LD_LIBRARY_PATH} /usr/bin/cmake --build /home/ros2_ws/build/zed_wrapper -- -j6 -l6
[4.534s] Invoked command in '/home/ros2_ws/build/zed_wrapper' returned '0': AMENT_PREFIX_PATH=/home/ros2_ws/install/zed_components:${AMENT_PREFIX_PATH} CMAKE_PREFIX_PATH=/home/ros2_ws/install/zed_components:/opt/ros/humble LD_LIBRARY_PATH=/home/ros2_ws/install/zed_components/lib:${LD_LIBRARY_PATH} /usr/bin/cmake --build /home/ros2_ws/build/zed_wrapper -- -j6 -l6
[4.536s] Invoking command in '/home/ros2_ws/build/zed_wrapper': AMENT_PREFIX_PATH=/home/ros2_ws/install/zed_components:${AMENT_PREFIX_PATH} CMAKE_PREFIX_PATH=/home/ros2_ws/install/zed_components:/opt/ros/humble LD_LIBRARY_PATH=/home/ros2_ws/install/zed_components/lib:${LD_LIBRARY_PATH} /usr/bin/cmake --install /home/ros2_ws/build/zed_wrapper
[4.560s] -- Install configuration: ""
[4.560s] -- Installing: /home/ros2_ws/install/zed_wrapper/share/zed_wrapper/config
[4.562s] -- Installing: /home/ros2_ws/install/zed_wrapper/share/zed_wrapper/config/zed.yaml
[4.563s] -- Installing: /home/ros2_ws/install/zed_wrapper/share/zed_wrapper/config/zedxhdr.yaml
[4.564s] -- Installing: /home/ros2_ws/install/zed_wrapper/share/zed_wrapper/config/zedxm.yaml
[4.564s] -- Installing: /home/ros2_ws/install/zed_wrapper/share/zed_wrapper/config/virtual.yaml
[4.565s] -- Installing: /home/ros2_ws/install/zed_wrapper/share/zed_wrapper/config/object_detection.yaml
[4.566s] -- Installing: /home/ros2_ws/install/zed_wrapper/share/zed_wrapper/config/zedxonegs.yaml
[4.566s] -- Installing: /home/ros2_ws/install/zed_wrapper/share/zed_wrapper/config/zedxhdrmax.yaml
[4.567s] -- Installing: /home/ros2_ws/install/zed_wrapper/share/zed_wrapper/config/zedxhdrmini.yaml
[4.567s] -- Installing: /home/ros2_ws/install/zed_wrapper/share/zed_wrapper/config/custom_object_detection.yaml
[4.572s] -- Installing: /home/ros2_ws/install/zed_wrapper/share/zed_wrapper/config/zedx.yaml
[4.572s] -- Installing: /home/ros2_ws/install/zed_wrapper/share/zed_wrapper/config/zedxonehdr.yaml
[4.573s] -- Installing: /home/ros2_ws/install/zed_wrapper/share/zed_wrapper/config/common_stereo.yaml
[4.574s] -- Installing: /home/ros2_ws/install/zed_wrapper/share/zed_wrapper/config/zed2i.yaml
[4.575s] -- Installing: /home/ros2_ws/install/zed_wrapper/share/zed_wrapper/config/common_mono.yaml
[4.575s] -- Installing: /home/ros2_ws/install/zed_wrapper/share/zed_wrapper/config/zedm.yaml
[4.576s] -- Installing: /home/ros2_ws/install/zed_wrapper/share/zed_wrapper/config/zed2.yaml
[4.577s] -- Installing: /home/ros2_ws/install/zed_wrapper/share/zed_wrapper/config/zedxone4k.yaml
[4.577s] -- Installing: /home/ros2_ws/install/zed_wrapper/share/zed_wrapper/urdf
[4.578s] -- Installing: /home/ros2_ws/install/zed_wrapper/share/zed_wrapper/urdf/include
[4.579s] -- Installing: /home/ros2_ws/install/zed_wrapper/share/zed_wrapper/urdf/include/materials.urdf.xacro
[4.580s] -- Installing: /home/ros2_ws/install/zed_wrapper/share/zed_wrapper/urdf/zed_descr.urdf.xacro
[4.581s] -- Installing: /home/ros2_ws/install/zed_wrapper/share/zed_wrapper/urdf/zed_macro.urdf.xacro
[4.582s] -- Installing: /home/ros2_ws/install/zed_wrapper/share/zed_wrapper/launch
[4.582s] -- Installing: /home/ros2_ws/install/zed_wrapper/share/zed_wrapper/launch/zed_camera.launch.py
[4.583s] -- Installing: /home/ros2_ws/install/zed_wrapper/share/ament_index/resource_index/package_run_dependencies/zed_wrapper
[4.584s] -- Installing: /home/ros2_ws/install/zed_wrapper/share/ament_index/resource_index/parent_prefix_path/zed_wrapper
[4.584s] -- Installing: /home/ros2_ws/install/zed_wrapper/share/zed_wrapper/environment/ament_prefix_path.sh
[4.585s] -- Installing: /home/ros2_ws/install/zed_wrapper/share/zed_wrapper/environment/ament_prefix_path.dsv
[4.585s] -- Installing: /home/ros2_ws/install/zed_wrapper/share/zed_wrapper/environment/path.sh
[4.585s] -- Installing: /home/ros2_ws/install/zed_wrapper/share/zed_wrapper/environment/path.dsv
[4.586s] -- Installing: /home/ros2_ws/install/zed_wrapper/share/zed_wrapper/local_setup.bash
[4.586s] -- Installing: /home/ros2_ws/install/zed_wrapper/share/zed_wrapper/local_setup.sh
[4.587s] -- Installing: /home/ros2_ws/install/zed_wrapper/share/zed_wrapper/local_setup.zsh
[4.589s] -- Installing: /home/ros2_ws/install/zed_wrapper/share/zed_wrapper/local_setup.dsv
[4.590s] -- Installing: /home/ros2_ws/install/zed_wrapper/share/zed_wrapper/package.dsv
[4.593s] -- Installing: /home/ros2_ws/install/zed_wrapper/share/ament_index/resource_index/packages/zed_wrapper
[4.593s] -- Installing: /home/ros2_ws/install/zed_wrapper/share/zed_wrapper/cmake/zed_wrapperConfig.cmake
[4.593s] -- Installing: /home/ros2_ws/install/zed_wrapper/share/zed_wrapper/cmake/zed_wrapperConfig-version.cmake
[4.593s] -- Installing: /home/ros2_ws/install/zed_wrapper/share/zed_wrapper/package.xml
[4.635s] Invoked command in '/home/ros2_ws/build/zed_wrapper' returned '0': AMENT_PREFIX_PATH=/home/ros2_ws/install/zed_components:${AMENT_PREFIX_PATH} CMAKE_PREFIX_PATH=/home/ros2_ws/install/zed_components:/opt/ros/humble LD_LIBRARY_PATH=/home/ros2_ws/install/zed_components/lib:${LD_LIBRARY_PATH} /usr/bin/cmake --install /home/ros2_ws/build/zed_wrapper
