[0.072s] Invoking command in '/home/ros2_ws/build/zed_tutorial_pos_tracking': CMAKE_PREFIX_PATH=/opt/ros/humble /usr/bin/cmake /home/ros2_ws/src/zed-ros2-examples/tutorials/zed_pose_tutorial -DCMAKE_INSTALL_PREFIX=/home/ros2_ws/install/zed_tutorial_pos_tracking
[0.665s] -- The C compiler identification is GNU 11.4.0
[1.139s] -- The CXX compiler identification is GNU 11.4.0
[1.176s] -- Detecting C compiler ABI info
[1.430s] -- Detecting C compiler ABI info - done
[1.450s] -- Check for working C compiler: /usr/bin/cc - skipped
[1.453s] -- Detecting C compile features
[1.455s] -- Detecting C compile features - done
[1.466s] -- Detecting CXX compiler ABI info
[1.742s] -- Detecting CXX compiler ABI info - done
[1.763s] -- Check for working CXX compiler: /usr/bin/c++ - skipped
[1.764s] -- Detecting CXX compile features
[1.766s] -- Detecting CXX compile features - done
[1.770s] -- Found ament_cmake_auto: 1.3.12 (/opt/ros/humble/share/ament_cmake_auto/cmake)
[2.282s] -- Found Python3: /usr/bin/python3 (found version "3.10.12") found components: Interpreter 
[2.855s] -- Found rosidl_generator_c: 3.1.7 (/opt/ros/humble/share/rosidl_generator_c/cmake)
[2.874s] -- Found rosidl_adapter: 3.1.7 (/opt/ros/humble/share/rosidl_adapter/cmake)
[2.890s] -- Found rosidl_generator_cpp: 3.1.7 (/opt/ros/humble/share/rosidl_generator_cpp/cmake)
[2.911s] -- Using all available rosidl_typesupport_c: rosidl_typesupport_fastrtps_c;rosidl_typesupport_introspection_c
[2.946s] -- Using all available rosidl_typesupport_cpp: rosidl_typesupport_fastrtps_cpp;rosidl_typesupport_introspection_cpp
[3.039s] -- Found rmw_implementation_cmake: 6.1.2 (/opt/ros/humble/share/rmw_implementation_cmake/cmake)
[3.044s] -- Found rmw_fastrtps_cpp: 6.2.9 (/opt/ros/humble/share/rmw_fastrtps_cpp/cmake)
[3.287s] -- Found OpenSSL: /usr/lib/aarch64-linux-gnu/libcrypto.so (found version "3.0.2")  
[3.382s] -- Found FastRTPS: /opt/ros/humble/include  
[3.505s] -- Using RMW implementation 'rmw_fastrtps_cpp' as default
[3.545s] -- Looking for pthread.h
[3.826s] -- Looking for pthread.h - found
[3.826s] -- Performing Test CMAKE_HAVE_LIBC_PTHREAD
[4.111s] -- Performing Test CMAKE_HAVE_LIBC_PTHREAD - Success
[4.115s] -- Found Threads: TRUE  
[4.672s] -- Found ament_lint_auto: 0.12.14 (/opt/ros/humble/share/ament_lint_auto/cmake)
[4.748s] -- Added test 'copyright' to check source files copyright and LICENSE
[4.751s] -- Added test 'cppcheck' to perform static code analysis on C / C++ code
[4.751s] -- Configured cppcheck include dirs: 
[4.752s] -- Configured cppcheck exclude dirs and/or files: 
[4.754s] -- Added test 'cpplint' to check C / C++ code against the Google style
[4.754s] -- Configured cpplint exclude dirs and/or files: 
[4.756s] -- Added test 'lint_cmake' to check CMake code style
[4.759s] -- Added test 'uncrustify' to check C / C++ code style
[4.759s] -- Configured uncrustify additional arguments: 
[4.760s] -- Added test 'xmllint' to check XML markup files
[4.764s] -- Configuring done
[4.817s] -- Generating done
[4.832s] -- Build files have been written to: /home/ros2_ws/build/zed_tutorial_pos_tracking
[4.888s] Invoked command in '/home/ros2_ws/build/zed_tutorial_pos_tracking' returned '0': CMAKE_PREFIX_PATH=/opt/ros/humble /usr/bin/cmake /home/ros2_ws/src/zed-ros2-examples/tutorials/zed_pose_tutorial -DCMAKE_INSTALL_PREFIX=/home/ros2_ws/install/zed_tutorial_pos_tracking
[4.893s] Invoking command in '/home/ros2_ws/build/zed_tutorial_pos_tracking': CMAKE_PREFIX_PATH=/opt/ros/humble /usr/bin/cmake --build /home/ros2_ws/build/zed_tutorial_pos_tracking -- -j6 -l6
[5.923s] [ 50%] [32mBuilding CXX object CMakeFiles/zed_tutorial_pos_tracking.dir/src/zed_tutorial_pos_tracking.cpp.o[0m
[84.974s] [100%] [32m[1mLinking CXX executable zed_tutorial_pos_tracking[0m
[85.749s] [100%] Built target zed_tutorial_pos_tracking
[85.806s] Invoked command in '/home/ros2_ws/build/zed_tutorial_pos_tracking' returned '0': CMAKE_PREFIX_PATH=/opt/ros/humble /usr/bin/cmake --build /home/ros2_ws/build/zed_tutorial_pos_tracking -- -j6 -l6
[85.816s] Invoking command in '/home/ros2_ws/build/zed_tutorial_pos_tracking': CMAKE_PREFIX_PATH=/opt/ros/humble /usr/bin/cmake --install /home/ros2_ws/build/zed_tutorial_pos_tracking
[85.848s] -- Install configuration: "Release"
[85.848s] -- Installing: /home/ros2_ws/install/zed_tutorial_pos_tracking/lib/zed_tutorial_pos_tracking/zed_tutorial_pos_tracking
[85.848s] -- Set runtime path of "/home/ros2_ws/install/zed_tutorial_pos_tracking/lib/zed_tutorial_pos_tracking/zed_tutorial_pos_tracking" to ""
[85.849s] -- Installing: /home/ros2_ws/install/zed_tutorial_pos_tracking/share/ament_index/resource_index/package_run_dependencies/zed_tutorial_pos_tracking
[85.853s] -- Installing: /home/ros2_ws/install/zed_tutorial_pos_tracking/share/ament_index/resource_index/parent_prefix_path/zed_tutorial_pos_tracking
[85.854s] -- Installing: /home/ros2_ws/install/zed_tutorial_pos_tracking/share/zed_tutorial_pos_tracking/environment/ament_prefix_path.sh
[85.855s] -- Installing: /home/ros2_ws/install/zed_tutorial_pos_tracking/share/zed_tutorial_pos_tracking/environment/ament_prefix_path.dsv
[85.856s] -- Installing: /home/ros2_ws/install/zed_tutorial_pos_tracking/share/zed_tutorial_pos_tracking/environment/path.sh
[85.857s] -- Installing: /home/ros2_ws/install/zed_tutorial_pos_tracking/share/zed_tutorial_pos_tracking/environment/path.dsv
[85.858s] -- Installing: /home/ros2_ws/install/zed_tutorial_pos_tracking/share/zed_tutorial_pos_tracking/local_setup.bash
[85.860s] -- Installing: /home/ros2_ws/install/zed_tutorial_pos_tracking/share/zed_tutorial_pos_tracking/local_setup.sh
[85.862s] -- Installing: /home/ros2_ws/install/zed_tutorial_pos_tracking/share/zed_tutorial_pos_tracking/local_setup.zsh
[85.863s] -- Installing: /home/ros2_ws/install/zed_tutorial_pos_tracking/share/zed_tutorial_pos_tracking/local_setup.dsv
[85.865s] -- Installing: /home/ros2_ws/install/zed_tutorial_pos_tracking/share/zed_tutorial_pos_tracking/package.dsv
[85.867s] -- Installing: /home/ros2_ws/install/zed_tutorial_pos_tracking/share/ament_index/resource_index/packages/zed_tutorial_pos_tracking
[85.868s] -- Installing: /home/ros2_ws/install/zed_tutorial_pos_tracking/share/zed_tutorial_pos_tracking/cmake/zed_tutorial_pos_trackingConfig.cmake
[85.870s] -- Installing: /home/ros2_ws/install/zed_tutorial_pos_tracking/share/zed_tutorial_pos_tracking/cmake/zed_tutorial_pos_trackingConfig-version.cmake
[85.872s] -- Installing: /home/ros2_ws/install/zed_tutorial_pos_tracking/share/zed_tutorial_pos_tracking/package.xml
[85.891s] Invoked command in '/home/ros2_ws/build/zed_tutorial_pos_tracking' returned '0': CMAKE_PREFIX_PATH=/opt/ros/humble /usr/bin/cmake --install /home/ros2_ws/build/zed_tutorial_pos_tracking
