[0.082s] Invoking command in '/home/ros2_ws/build/zed_ros2': AMENT_PREFIX_PATH=/home/ros2_ws/install/zed_wrapper:/home/ros2_ws/install/zed_components:${AMENT_PREFIX_PATH} CMAKE_PREFIX_PATH=/home/ros2_ws/install/zed_wrapper:/home/ros2_ws/install/zed_components:/opt/ros/humble LD_LIBRARY_PATH=/home/ros2_ws/install/zed_components/lib:${LD_LIBRARY_PATH} /usr/bin/cmake /home/ros2_ws/src/zed-ros2-wrapper/zed_ros2 -DCMAKE_INSTALL_PREFIX=/home/ros2_ws/install/zed_ros2
[2.093s] -- Found ament_cmake_auto: 1.3.12 (/opt/ros/humble/share/ament_cmake_auto/cmake)
[2.096s] -- Found Python3: /usr/bin/python3 (found version "3.10.12") found components: Interpreter 
[2.097s] -- Found ament_lint_auto: 0.12.14 (/opt/ros/humble/share/ament_lint_auto/cmake)
[2.097s] -- Added test 'copyright' to check source files copyright and LICENSE
[2.097s] -- Added test 'lint_cmake' to check CMake code style
[2.097s] -- Added test 'xmllint' to check XML markup files
[2.097s] -- Configuring done
[2.098s] -- Generating done
[2.098s] -- Build files have been written to: /home/ros2_ws/build/zed_ros2
[2.114s] Invoked command in '/home/ros2_ws/build/zed_ros2' returned '0': AMENT_PREFIX_PATH=/home/ros2_ws/install/zed_wrapper:/home/ros2_ws/install/zed_components:${AMENT_PREFIX_PATH} CMAKE_PREFIX_PATH=/home/ros2_ws/install/zed_wrapper:/home/ros2_ws/install/zed_components:/opt/ros/humble LD_LIBRARY_PATH=/home/ros2_ws/install/zed_components/lib:${LD_LIBRARY_PATH} /usr/bin/cmake /home/ros2_ws/src/zed-ros2-wrapper/zed_ros2 -DCMAKE_INSTALL_PREFIX=/home/ros2_ws/install/zed_ros2
[2.132s] Invoking command in '/home/ros2_ws/build/zed_ros2': AMENT_PREFIX_PATH=/home/ros2_ws/install/zed_wrapper:/home/ros2_ws/install/zed_components:${AMENT_PREFIX_PATH} CMAKE_PREFIX_PATH=/home/ros2_ws/install/zed_wrapper:/home/ros2_ws/install/zed_components:/opt/ros/humble LD_LIBRARY_PATH=/home/ros2_ws/install/zed_components/lib:${LD_LIBRARY_PATH} /usr/bin/cmake --build /home/ros2_ws/build/zed_ros2 -- -j6 -l6
[2.350s] Invoked command in '/home/ros2_ws/build/zed_ros2' returned '0': AMENT_PREFIX_PATH=/home/ros2_ws/install/zed_wrapper:/home/ros2_ws/install/zed_components:${AMENT_PREFIX_PATH} CMAKE_PREFIX_PATH=/home/ros2_ws/install/zed_wrapper:/home/ros2_ws/install/zed_components:/opt/ros/humble LD_LIBRARY_PATH=/home/ros2_ws/install/zed_components/lib:${LD_LIBRARY_PATH} /usr/bin/cmake --build /home/ros2_ws/build/zed_ros2 -- -j6 -l6
[2.368s] Invoking command in '/home/ros2_ws/build/zed_ros2': AMENT_PREFIX_PATH=/home/ros2_ws/install/zed_wrapper:/home/ros2_ws/install/zed_components:${AMENT_PREFIX_PATH} CMAKE_PREFIX_PATH=/home/ros2_ws/install/zed_wrapper:/home/ros2_ws/install/zed_components:/opt/ros/humble LD_LIBRARY_PATH=/home/ros2_ws/install/zed_components/lib:${LD_LIBRARY_PATH} /usr/bin/cmake --install /home/ros2_ws/build/zed_ros2
[2.416s] -- Install configuration: ""
[2.416s] -- Installing: /home/ros2_ws/install/zed_ros2/share/ament_index/resource_index/package_run_dependencies/zed_ros2
[2.417s] -- Installing: /home/ros2_ws/install/zed_ros2/share/ament_index/resource_index/parent_prefix_path/zed_ros2
[2.417s] -- Installing: /home/ros2_ws/install/zed_ros2/share/zed_ros2/environment/ament_prefix_path.sh
[2.417s] -- Installing: /home/ros2_ws/install/zed_ros2/share/zed_ros2/environment/ament_prefix_path.dsv
[2.417s] -- Installing: /home/ros2_ws/install/zed_ros2/share/zed_ros2/environment/path.sh
[2.417s] -- Installing: /home/ros2_ws/install/zed_ros2/share/zed_ros2/environment/path.dsv
[2.417s] -- Installing: /home/ros2_ws/install/zed_ros2/share/zed_ros2/local_setup.bash
[2.418s] -- Installing: /home/ros2_ws/install/zed_ros2/share/zed_ros2/local_setup.sh
[2.418s] -- Installing: /home/ros2_ws/install/zed_ros2/share/zed_ros2/local_setup.zsh
[2.419s] -- Installing: /home/ros2_ws/install/zed_ros2/share/zed_ros2/local_setup.dsv
[2.424s] -- Installing: /home/ros2_ws/install/zed_ros2/share/zed_ros2/package.dsv
[2.424s] -- Installing: /home/ros2_ws/install/zed_ros2/share/ament_index/resource_index/packages/zed_ros2
[2.428s] -- Installing: /home/ros2_ws/install/zed_ros2/share/zed_ros2/cmake/zed_ros2Config.cmake
[2.428s] -- Installing: /home/ros2_ws/install/zed_ros2/share/zed_ros2/cmake/zed_ros2Config-version.cmake
[2.428s] -- Installing: /home/ros2_ws/install/zed_ros2/share/zed_ros2/package.xml
[2.497s] Invoked command in '/home/ros2_ws/build/zed_ros2' returned '0': AMENT_PREFIX_PATH=/home/ros2_ws/install/zed_wrapper:/home/ros2_ws/install/zed_components:${AMENT_PREFIX_PATH} CMAKE_PREFIX_PATH=/home/ros2_ws/install/zed_wrapper:/home/ros2_ws/install/zed_components:/opt/ros/humble LD_LIBRARY_PATH=/home/ros2_ws/install/zed_components/lib:${LD_LIBRARY_PATH} /usr/bin/cmake --install /home/ros2_ws/build/zed_ros2
