[0.055s] Invoking command in '/home/ros2_ws/build/zed_tutorial_pos_tracking': CMAKE_PREFIX_PATH=/opt/ros/humble /usr/bin/cmake /home/ros2_ws/src/zed-ros2-examples/tutorials/zed_pose_tutorial -DCMAKE_INSTALL_PREFIX=/home/ros2_ws/install/zed_tutorial_pos_tracking
[0.268s] -- The C compiler identification is GNU 11.4.0
[0.454s] -- The CXX compiler identification is GNU 11.4.0
[0.527s] -- Detecting C compiler ABI info
[0.799s] -- Detecting C compiler ABI info - done
[0.820s] -- Check for working C compiler: /usr/bin/cc - skipped
[0.821s] -- Detecting C compile features
[0.822s] -- Detecting C compile features - done
[0.836s] -- Detecting CXX compiler ABI info
[1.131s] -- Detecting CXX compiler ABI info - done
[1.157s] -- Check for working CXX compiler: /usr/bin/c++ - skipped
[1.157s] -- Detecting CXX compile features
[1.163s] -- Detecting CXX compile features - done
[1.174s] -- Found ament_cmake_auto: 1.3.12 (/opt/ros/humble/share/ament_cmake_auto/cmake)
[1.738s] -- Found Python3: /usr/bin/python3 (found version "3.10.12") found components: Interpreter 
[2.329s] -- Found rosidl_generator_c: 3.1.7 (/opt/ros/humble/share/rosidl_generator_c/cmake)
[2.344s] -- Found rosidl_adapter: 3.1.7 (/opt/ros/humble/share/rosidl_adapter/cmake)
[2.363s] -- Found rosidl_generator_cpp: 3.1.7 (/opt/ros/humble/share/rosidl_generator_cpp/cmake)
[2.390s] -- Using all available rosidl_typesupport_c: rosidl_typesupport_fastrtps_c;rosidl_typesupport_introspection_c
[2.423s] -- Using all available rosidl_typesupport_cpp: rosidl_typesupport_fastrtps_cpp;rosidl_typesupport_introspection_cpp
[2.519s] -- Found rmw_implementation_cmake: 6.1.2 (/opt/ros/humble/share/rmw_implementation_cmake/cmake)
[2.524s] -- Found rmw_fastrtps_cpp: 6.2.9 (/opt/ros/humble/share/rmw_fastrtps_cpp/cmake)
[2.764s] -- Found OpenSSL: /usr/lib/aarch64-linux-gnu/libcrypto.so (found version "3.0.2")  
[2.851s] -- Found FastRTPS: /opt/ros/humble/include  
[2.980s] -- Using RMW implementation 'rmw_fastrtps_cpp' as default
[3.003s] -- Looking for pthread.h
[3.286s] -- Looking for pthread.h - found
[3.287s] -- Performing Test CMAKE_HAVE_LIBC_PTHREAD
[3.579s] -- Performing Test CMAKE_HAVE_LIBC_PTHREAD - Success
[3.586s] -- Found Threads: TRUE  
[4.121s] -- Found ament_lint_auto: 0.12.14 (/opt/ros/humble/share/ament_lint_auto/cmake)
[4.225s] -- Added test 'copyright' to check source files copyright and LICENSE
[4.226s] -- Added test 'cppcheck' to perform static code analysis on C / C++ code
[4.227s] -- Configured cppcheck include dirs: 
[4.227s] -- Configured cppcheck exclude dirs and/or files: 
[4.227s] -- Added test 'cpplint' to check C / C++ code against the Google style
[4.227s] -- Configured cpplint exclude dirs and/or files: 
[4.229s] -- Added test 'lint_cmake' to check CMake code style
[4.230s] -- Added test 'uncrustify' to check C / C++ code style
[4.231s] -- Configured uncrustify additional arguments: 
[4.231s] -- Added test 'xmllint' to check XML markup files
[4.241s] -- Configuring done
[4.303s] -- Generating done
[4.345s] -- Build files have been written to: /home/ros2_ws/build/zed_tutorial_pos_tracking
[4.423s] Invoked command in '/home/ros2_ws/build/zed_tutorial_pos_tracking' returned '0': CMAKE_PREFIX_PATH=/opt/ros/humble /usr/bin/cmake /home/ros2_ws/src/zed-ros2-examples/tutorials/zed_pose_tutorial -DCMAKE_INSTALL_PREFIX=/home/ros2_ws/install/zed_tutorial_pos_tracking
[4.424s] Invoking command in '/home/ros2_ws/build/zed_tutorial_pos_tracking': CMAKE_PREFIX_PATH=/opt/ros/humble /usr/bin/cmake --build /home/ros2_ws/build/zed_tutorial_pos_tracking -- -j6 -l6
[6.141s] [ 50%] [32mBuilding CXX object CMakeFiles/zed_tutorial_pos_tracking.dir/src/zed_tutorial_pos_tracking.cpp.o[0m
[95.609s] [100%] [32m[1mLinking CXX executable zed_tutorial_pos_tracking[0m
[96.251s] [100%] Built target zed_tutorial_pos_tracking
[96.310s] Invoked command in '/home/ros2_ws/build/zed_tutorial_pos_tracking' returned '0': CMAKE_PREFIX_PATH=/opt/ros/humble /usr/bin/cmake --build /home/ros2_ws/build/zed_tutorial_pos_tracking -- -j6 -l6
[96.335s] Invoking command in '/home/ros2_ws/build/zed_tutorial_pos_tracking': CMAKE_PREFIX_PATH=/opt/ros/humble /usr/bin/cmake --install /home/ros2_ws/build/zed_tutorial_pos_tracking
[96.377s] -- Install configuration: "Release"
[96.378s] -- Installing: /home/ros2_ws/install/zed_tutorial_pos_tracking/lib/zed_tutorial_pos_tracking/zed_tutorial_pos_tracking
[96.391s] -- Set runtime path of "/home/ros2_ws/install/zed_tutorial_pos_tracking/lib/zed_tutorial_pos_tracking/zed_tutorial_pos_tracking" to ""
[96.431s] -- Installing: /home/ros2_ws/install/zed_tutorial_pos_tracking/share/ament_index/resource_index/package_run_dependencies/zed_tutorial_pos_tracking
[96.436s] -- Installing: /home/ros2_ws/install/zed_tutorial_pos_tracking/share/ament_index/resource_index/parent_prefix_path/zed_tutorial_pos_tracking
[96.438s] -- Installing: /home/ros2_ws/install/zed_tutorial_pos_tracking/share/zed_tutorial_pos_tracking/environment/ament_prefix_path.sh
[96.447s] -- Installing: /home/ros2_ws/install/zed_tutorial_pos_tracking/share/zed_tutorial_pos_tracking/environment/ament_prefix_path.dsv
[96.458s] -- Installing: /home/ros2_ws/install/zed_tutorial_pos_tracking/share/zed_tutorial_pos_tracking/environment/path.sh
[96.460s] -- Installing: /home/ros2_ws/install/zed_tutorial_pos_tracking/share/zed_tutorial_pos_tracking/environment/path.dsv
[96.472s] -- Installing: /home/ros2_ws/install/zed_tutorial_pos_tracking/share/zed_tutorial_pos_tracking/local_setup.bash
[96.479s] -- Installing: /home/ros2_ws/install/zed_tutorial_pos_tracking/share/zed_tutorial_pos_tracking/local_setup.sh
[96.481s] -- Installing: /home/ros2_ws/install/zed_tutorial_pos_tracking/share/zed_tutorial_pos_tracking/local_setup.zsh
[96.483s] -- Installing: /home/ros2_ws/install/zed_tutorial_pos_tracking/share/zed_tutorial_pos_tracking/local_setup.dsv
[96.484s] -- Installing: /home/ros2_ws/install/zed_tutorial_pos_tracking/share/zed_tutorial_pos_tracking/package.dsv
[96.487s] -- Installing: /home/ros2_ws/install/zed_tutorial_pos_tracking/share/ament_index/resource_index/packages/zed_tutorial_pos_tracking
[96.488s] -- Installing: /home/ros2_ws/install/zed_tutorial_pos_tracking/share/zed_tutorial_pos_tracking/cmake/zed_tutorial_pos_trackingConfig.cmake
[96.489s] -- Installing: /home/ros2_ws/install/zed_tutorial_pos_tracking/share/zed_tutorial_pos_tracking/cmake/zed_tutorial_pos_trackingConfig-version.cmake
[96.492s] -- Installing: /home/ros2_ws/install/zed_tutorial_pos_tracking/share/zed_tutorial_pos_tracking/package.xml
[96.504s] Invoked command in '/home/ros2_ws/build/zed_tutorial_pos_tracking' returned '0': CMAKE_PREFIX_PATH=/opt/ros/humble /usr/bin/cmake --install /home/ros2_ws/build/zed_tutorial_pos_tracking
